#
# A fatal error has been detected by the Java Runtime Environment:
#
#  EXCEPTION_ACCESS_VIOLATION (0xc0000005) at pc=0x00007ffb190a3bc5, pid=5724, tid=13876
#
# JRE version: Java(TM) SE Runtime Environment 18.9 (11.0.8+10) (build 11.0.8+10-LTS)
# Java VM: Java HotSpot(TM) 64-Bit Server VM 18.9 (11.0.8+10-LTS, mixed mode, tiered, compressed oops, g1 gc, windows-amd64)
# Problematic frame:
# V  [jvm.dll+0x513bc5]
#
# No core dump will be written. Minidumps are not enabled by default on client versions of Windows
#
# If you would like to submit a bug report, please visit:
#   https://bugreport.java.com/bugreport/crash.jsp
#

---------------  S U M M A R Y ------------

Command Line: --add-modules=ALL-SYSTEM --add-opens=java.base/java.util=ALL-UNNAMED --add-opens=java.base/java.lang=ALL-UNNAMED -Declipse.application=org.eclipse.jdt.ls.core.id1 -Dosgi.bundles.defaultStartLevel=4 -Declipse.product=org.eclipse.jdt.ls.core.product -DwatchParentProcess=false -Xverify:none -Dfile.encoding=utf8 -Xmx1G -XX:+UseG1GC -XX:+UseStringDeduplication c:\Users\theme\.vscode\extensions\redhat.java-0.65.0\server\plugins\org.eclipse.equinox.launcher_1.5.700.v20200207-2156.jar -configuration c:\Users\theme\AppData\Roaming\Code\User\globalStorage\redhat.java\0.65.0\config_win -data c:\Users\theme\AppData\Roaming\Code\User\workspaceStorage\0ac79b11357df010d3d577cea51251a8\redhat.java\jdt_ws

Host: Intel(R) Core(TM) i7-8565U CPU @ 1.80GHz, 8 cores, 15G,  Windows 10 , 64 bit Build 18362 (10.0.18362.959)
Time: Sat Aug  1 13:37:59 2020 ???? (?W?€??) elapsed time: 647 seconds (0d 0h 10m 47s)

---------------  T H R E A D  ---------------

Current thread (0x0000024bcab70800):  JavaThread "C2 CompilerThread0" daemon [_thread_in_native, id=13876, stack(0x000000a610a00000,0x000000a610b00000)]


Current CompileTask:
C2: 647187 18915 %s!   4       org.eclipse.debug.core.sourcelookup.containers.ExternalArchiveSourceContainer::searchRoots @ 103 (420 bytes)

Stack: [0x000000a610a00000,0x000000a610b00000],  sp=0x000000a610afae18,  free space=1003k
Native frames: (J=compiled Java code, j=interpreted, Vv=VM code, C=native code)
V  [jvm.dll+0x513bc5]


siginfo: EXCEPTION_ACCESS_VIOLATION (0xc0000005), reading address 0x000000040000000e


Register to memory mapping:

RIP=0x00007ffb190a3bc5 jvm.dll
RAX=0x0000000400000006 is an unknown value
RBX=0x0000000000000096 is an unknown value
RCX=0x000000a610afbef0 is pointing into the stack for thread: 0x0000024bcab70800
RDX=0x0000000000000370 is an unknown value
RSP=0x000000a610afae18 is pointing into the stack for thread: 0x0000024bcab70800
RBP=0x0 is NULL
RSI=0x0000024bcc184720 points into unknown readable memory: 30 f3 38 19 fb 7f 00 00
RDI=0x0000024bcb3f6810 points into unknown readable memory: d0 f7 3e cb 4b 02 00 00
R8 =0x000000a610afbef0 is pointing into the stack for thread: 0x0000024bcab70800
R9 =0x0000024bcaf80560 points into unknown readable memory: 06 00 00 00 04 00 00 00
R10=0x0 is NULL
R11=0x0000000000000246 is an unknown value
R12=0x000000a610afaf00 is pointing into the stack for thread: 0x0000024bcab70800
R13=0x0 is NULL
R14=0x0000024bca2bc500 points into unknown readable memory: 00 3a 00 12 02 6a 02 6b
R15=0x000000a610afaf48 is pointing into the stack for thread: 0x0000024bcab70800


Registers:
RAX=0x0000000400000006, RBX=0x0000000000000096, RCX=0x000000a610afbef0, RDX=0x0000000000000370
RSP=0x000000a610afae18, RBP=0x0000000000000000, RSI=0x0000024bcc184720, RDI=0x0000024bcb3f6810
R8 =0x000000a610afbef0, R9 =0x0000024bcaf80560, R10=0x0000000000000000, R11=0x0000000000000246
R12=0x000000a610afaf00, R13=0x0000000000000000, R14=0x0000024bca2bc500, R15=0x000000a610afaf48
RIP=0x00007ffb190a3bc5, EFLAGS=0x0000000000010246

Top of Stack: (sp=0x000000a610afae18)
0x000000a610afae18:   00007ffb190b591d 0000000000000096
0x000000a610afae28:   000000a610afafc0 000000a610afbef0
0x000000a610afae38:   0000024bd1875610 0000024bca2bc588
0x000000a610afae48:   0000000000000003 000000a610afaf48
0x000000a610afae58:   000000a610afaf00 0000024bcb3ef7d0
0x000000a610afae68:   00007ffb190b5801 0000000000000000
0x000000a610afae78:   000000a610afafc0 000000a610afbef0
0x000000a610afae88:   0000000000000003 0000024bca2bc500
0x000000a610afae98:   00007ffb193b8088 0000024bcab58d50
0x000000a610afaea8:   0000024bca2bc500 000000000000007d
0x000000a610afaeb8:   00007ffb190b3a8c 000000a610afbef0
0x000000a610afaec8:   000000a6000005e0 000000a610afbef0
0x000000a610afaed8:   0000024bdb5bc060 00000000000003ff
0x000000a610afaee8:   0000000000000802 00000000000003ff
0x000000a610afaef8:   00007ffbc7000dca 00007ffb1941b460
0x000000a610afaf08:   0000024bcab58d50 0000000000000002 

Instructions: (pc=0x00007ffb190a3bc5)
0x00007ffb190a3ba5:   cc cc cc cc cc cc cc cc cc cc cc 8b 52 28 4c 8b
0x00007ffb190a3bb5:   c1 48 8b 81 f8 09 00 00 4c 8d 0c d0 48 8b 04 d0
0x00007ffb190a3bc5:   48 8b 50 08 48 83 3a 00 75 24 8b 51 28 8b 48 28
0x00007ffb190a3bd5:   3b ca 73 0a 49 8b 40 30 48 8b 04 c8 eb 02 33 c0 


Stack slot to memory mapping:
stack at sp + 0 slots: 0x00007ffb190b591d jvm.dll
stack at sp + 1 slots: 0x0000000000000096 is an unknown value
stack at sp + 2 slots: 0x000000a610afafc0 is pointing into the stack for thread: 0x0000024bcab70800
stack at sp + 3 slots: 0x000000a610afbef0 is pointing into the stack for thread: 0x0000024bcab70800
stack at sp + 4 slots: 0x0000024bd1875610 points into unknown readable memory: 00 00 00 00 00 00 00 00
stack at sp + 5 slots: 0x0000024bca2bc588 points into unknown readable memory: 00 08 b7 ca 4b 02 00 00
stack at sp + 6 slots: 0x0000000000000003 is an unknown value
stack at sp + 7 slots: 0x000000a610afaf48 is pointing into the stack for thread: 0x0000024bcab70800


---------------  P R O C E S S  ---------------

Threads class SMR info:
_java_thread_list=0x0000024bdccff890, length=45, elements={
0x0000024badb2c800, 0x0000024bcab01800, 0x0000024bcab47800, 0x0000024bcab6b000,
0x0000024bcab6c800, 0x0000024bcab70800, 0x0000024bcab75800, 0x0000024bcab79000,
0x0000024bca294000, 0x0000024bcae97800, 0x0000024bcb3db800, 0x0000024bcc7a4800,
0x0000024bcc7a5800, 0x0000024bcc9b7800, 0x0000024bcc9fc800, 0x0000024bcce26800,
0x0000024bcf461000, 0x0000024bcea55800, 0x0000024bcea5c800, 0x0000024bcf463000,
0x0000024bcf461800, 0x0000024bcf460000, 0x0000024bcf462800, 0x0000024bd15e6800,
0x0000024bd15e7800, 0x0000024bd15e2800, 0x0000024bd15e5000, 0x0000024bd15e4000,
0x0000024bd15e6000, 0x0000024bd15e2000, 0x0000024bd15ea800, 0x0000024bd15ed000,
0x0000024bd15ee000, 0x0000024bd15ea000, 0x0000024bd15ef000, 0x0000024bcea5a000,
0x0000024bcea56800, 0x0000024bcea5a800, 0x0000024bcea57800, 0x0000024bcea59000,
0x0000024bcea5b800, 0x0000024bd15e0000, 0x0000024bd15e8800, 0x0000024bd15e9000,
0x0000024bde06e800
}

Java Threads: ( => current thread )
  0x0000024badb2c800 JavaThread "main" [_thread_blocked, id=10820, stack(0x000000a60fe00000,0x000000a60ff00000)]
  0x0000024bcab01800 JavaThread "Reference Handler" daemon [_thread_blocked, id=10800, stack(0x000000a610600000,0x000000a610700000)]
  0x0000024bcab47800 JavaThread "Finalizer" daemon [_thread_blocked, id=12352, stack(0x000000a610700000,0x000000a610800000)]
  0x0000024bcab6b000 JavaThread "Signal Dispatcher" daemon [_thread_blocked, id=13872, stack(0x000000a610800000,0x000000a610900000)]
  0x0000024bcab6c800 JavaThread "Attach Listener" daemon [_thread_blocked, id=11304, stack(0x000000a610900000,0x000000a610a00000)]
=>0x0000024bcab70800 JavaThread "C2 CompilerThread0" daemon [_thread_in_native, id=13876, stack(0x000000a610a00000,0x000000a610b00000)]
  0x0000024bcab75800 JavaThread "C1 CompilerThread0" daemon [_thread_blocked, id=2220, stack(0x000000a610b00000,0x000000a610c00000)]
  0x0000024bcab79000 JavaThread "Sweeper thread" daemon [_thread_blocked, id=2328, stack(0x000000a610c00000,0x000000a610d00000)]
  0x0000024bca294000 JavaThread "Common-Cleaner" daemon [_thread_blocked, id=14012, stack(0x000000a610d00000,0x000000a610e00000)]
  0x0000024bcae97800 JavaThread "Service Thread" daemon [_thread_blocked, id=2548, stack(0x000000a610f00000,0x000000a611000000)]
  0x0000024bcb3db800 JavaThread "Active Thread: Equinox Container: 9b62544b-4301-4630-bf84-31170fee3c76" [_thread_blocked, id=10704, stack(0x000000a611200000,0x000000a611300000)]
  0x0000024bcc7a4800 JavaThread "Framework Event Dispatcher: Equinox Container: 9b62544b-4301-4630-bf84-31170fee3c76" daemon [_thread_blocked, id=8780, stack(0x000000a611100000,0x000000a611200000)]
  0x0000024bcc7a5800 JavaThread "Start Level: Equinox Container: 9b62544b-4301-4630-bf84-31170fee3c76" daemon [_thread_blocked, id=2300, stack(0x000000a611300000,0x000000a611400000)]
  0x0000024bcc9b7800 JavaThread "Bundle File Closer" daemon [_thread_blocked, id=14932, stack(0x000000a611a00000,0x000000a611b00000)]
  0x0000024bcc9fc800 JavaThread "Worker-JM" [_thread_blocked, id=10116, stack(0x000000a611b00000,0x000000a611c00000)]
  0x0000024bcce26800 JavaThread "Java indexing" daemon [_thread_blocked, id=16184, stack(0x000000a612000000,0x000000a612100000)]
  0x0000024bcf461000 JavaThread "pool-1-thread-1" [_thread_in_native, id=13408, stack(0x000000a612200000,0x000000a612300000)]
  0x0000024bcea55800 JavaThread "ForkJoinPool.commonPool-worker-3" daemon [_thread_blocked, id=16252, stack(0x000000a612500000,0x000000a612600000)]
  0x0000024bcea5c800 JavaThread "ForkJoinPool.commonPool-worker-5" daemon [_thread_blocked, id=12652, stack(0x000000a613000000,0x000000a613100000)]
  0x0000024bcf463000 JavaThread "Java Debug Server" daemon [_thread_in_native, id=7196, stack(0x000000a612400000,0x000000a612500000)]
  0x0000024bcf461800 JavaThread "pool-2-thread-1" [_thread_in_native, id=9504, stack(0x000000a612600000,0x000000a612700000)]
  0x0000024bcf460000 JavaThread "RxSchedulerPurge-1" daemon [_thread_blocked, id=7984, stack(0x000000a613400000,0x000000a613500000)]
  0x0000024bcf462800 JavaThread "RxCachedWorkerPoolEvictor-1" daemon [_thread_blocked, id=8860, stack(0x000000a613500000,0x000000a613600000)]
  0x0000024bd15e6800 JavaThread "ForkJoinPool.commonPool-worker-13" daemon [_thread_blocked, id=14284, stack(0x000000a60fd00000,0x000000a60fe00000)]
  0x0000024bd15e7800 JavaThread "Worker-8" [_thread_blocked, id=12712, stack(0x000000a612800000,0x000000a612900000)]
  0x0000024bd15e2800 JavaThread "Worker-9" [_thread_blocked, id=5440, stack(0x000000a60fb00000,0x000000a60fc00000)]
  0x0000024bd15e5000 JavaThread "ForkJoinPool.commonPool-worker-15" daemon [_thread_blocked, id=9712, stack(0x000000a60fc00000,0x000000a60fd00000)]
  0x0000024bd15e4000 JavaThread "pool-5-thread-1" [_thread_blocked, id=2040, stack(0x000000a612300000,0x000000a612400000)]
  0x0000024bd15e6000 JavaThread "Worker-17" [_thread_blocked, id=4532, stack(0x000000a612f00000,0x000000a613000000)]
  0x0000024bd15e2000 JavaThread "pool-6-thread-1" [_thread_blocked, id=15764, stack(0x000000a610e00000,0x000000a610f00000)]
  0x0000024bd15ea800 JavaThread "pool-7-thread-1" [_thread_blocked, id=15960, stack(0x000000a613100000,0x000000a613200000)]
  0x0000024bd15ed000 JavaThread "ForkJoinPool.commonPool-worker-1" daemon [_thread_blocked, id=2188, stack(0x000000a613200000,0x000000a613300000)]
  0x0000024bd15ee000 JavaThread "pool-8-thread-1" [_thread_blocked, id=7268, stack(0x000000a613700000,0x000000a613800000)]
  0x0000024bd15ea000 JavaThread "ForkJoinPool.commonPool-worker-7" daemon [_thread_blocked, id=8972, stack(0x000000a613800000,0x000000a613900000)]
  0x0000024bd15ef000 JavaThread "ForkJoinPool.commonPool-worker-9" daemon [_thread_blocked, id=2380, stack(0x000000a613900000,0x000000a613a00000)]
  0x0000024bcea5a000 JavaThread "pool-9-thread-1" [_thread_blocked, id=3188, stack(0x000000a613600000,0x000000a613700000)]
  0x0000024bcea56800 JavaThread "pool-10-thread-1" [_thread_blocked, id=15396, stack(0x000000a613c00000,0x000000a613d00000)]
  0x0000024bcea5a800 JavaThread "Worker-18" [_thread_blocked, id=3876, stack(0x000000a613b00000,0x000000a613c00000)]
  0x0000024bcea57800 JavaThread "Worker-19" [_thread_blocked, id=9584, stack(0x000000a613a00000,0x000000a613b00000)]
  0x0000024bcea59000 JavaThread "RxNewThreadScheduler-9" daemon [_thread_blocked, id=4520, stack(0x000000a611c00000,0x000000a611d00000)]
  0x0000024bcea5b800 JavaThread "Thread-6" daemon [_thread_in_native, id=11496, stack(0x000000a612100000,0x000000a612200000)]
  0x0000024bd15e0000 JavaThread "Debuggee Stdout Handler" daemon [_thread_in_native, id=5500, stack(0x000000a612c00000,0x000000a612d00000)]
  0x0000024bd15e8800 JavaThread "Debuggee Stderr Handler" daemon [_thread_in_native, id=4008, stack(0x000000a612d00000,0x000000a612e00000)]
  0x0000024bd15e9000 JavaThread "RxNewThreadScheduler-10" daemon [_thread_blocked, id=16188, stack(0x000000a612e00000,0x000000a612f00000)]
  0x0000024bde06e800 JavaThread "C2 CompilerThread1" daemon [_thread_blocked, id=4332, stack(0x000000a613d00000,0x000000a613e00000)]

Other Threads:
  0x0000024bca2d0800 VMThread "VM Thread" [stack: 0x000000a610500000,0x000000a610600000] [id=10608]
  0x0000024bcae64000 WatcherThread [stack: 0x000000a611000000,0x000000a611100000] [id=15748]
  0x0000024badb44800 GCTaskThread "GC Thread#0" [stack: 0x000000a60ff00000,0x000000a610000000] [id=3096]
  0x0000024bcc783800 GCTaskThread "GC Thread#1" [stack: 0x000000a611400000,0x000000a611500000] [id=16004]
  0x0000024bcbf4e800 GCTaskThread "GC Thread#2" [stack: 0x000000a611500000,0x000000a611600000] [id=3212]
  0x0000024bcbf4f800 GCTaskThread "GC Thread#3" [stack: 0x000000a611600000,0x000000a611700000] [id=15784]
  0x0000024bcbf42800 GCTaskThread "GC Thread#4" [stack: 0x000000a611700000,0x000000a611800000] [id=13072]
  0x0000024bcbf43000 GCTaskThread "GC Thread#5" [stack: 0x000000a611800000,0x000000a611900000] [id=10808]
  0x0000024bcc9fe800 GCTaskThread "GC Thread#6" [stack: 0x000000a611d00000,0x000000a611e00000] [id=14912]
  0x0000024bccab6800 GCTaskThread "GC Thread#7" [stack: 0x000000a611e00000,0x000000a611f00000] [id=8172]
  0x0000024badb5c000 ConcurrentGCThread "G1 Main Marker" [stack: 0x000000a610000000,0x000000a610100000] [id=8408]
  0x0000024badb5f800 ConcurrentGCThread "G1 Conc#0" [stack: 0x000000a610100000,0x000000a610200000] [id=2640]
  0x0000024bcc6ff800 ConcurrentGCThread "G1 Conc#1" [stack: 0x000000a611f00000,0x000000a612000000] [id=9620]
  0x0000024badbfe000 ConcurrentGCThread "G1 Refine#0" [stack: 0x000000a610200000,0x000000a610300000] [id=15704]
  0x0000024bcc7a3800 ConcurrentGCThread "G1 Refine#1" [stack: 0x000000a611900000,0x000000a611a00000] [id=8400]
  0x0000024bcf413800 ConcurrentGCThread "G1 Refine#2" [stack: 0x000000a612700000,0x000000a612800000] [id=7336]
  0x0000024bce555800 ConcurrentGCThread "G1 Refine#3" [stack: 0x000000a612900000,0x000000a612a00000] [id=3632]
  0x0000024bcc57d800 ConcurrentGCThread "G1 Refine#4" [stack: 0x000000a612a00000,0x000000a612b00000] [id=3644]
  0x0000024bd0e58000 ConcurrentGCThread "G1 Refine#5" [stack: 0x000000a612b00000,0x000000a612c00000] [id=3628]
  0x0000024bd0e56000 ConcurrentGCThread "G1 Refine#6" [stack: 0x000000a613300000,0x000000a613400000] [id=4760]
  0x0000024bca144800 ConcurrentGCThread "G1 Young RemSet Sampling" [stack: 0x000000a610300000,0x000000a610400000] [id=11108]
  0x0000024bca14a800 ConcurrentGCThread "StrDedup" [stack: 0x000000a610400000,0x000000a610500000] [id=6812]

Threads with active compile tasks:
C2 CompilerThread0 647252 18915 %s!   4       org.eclipse.debug.core.sourcelookup.containers.ExternalArchiveSourceContainer::searchRoots @ 103 (420 bytes)

VM state:not at safepoint (normal execution)

VM Mutex/Monitor currently owned by a thread: None

Heap address: 0x00000000c0000000, size: 1024 MB, Compressed Oops mode: 32-bit
Narrow klass base: 0x0000000000000000, Narrow klass shift: 3
Compressed class space size: 1073741824 Address: 0x0000000100000000

Heap:
 garbage-first heap   total 349184K, used 173474K [0x00000000c0000000, 0x0000000100000000)
  region size 1024K, 19 young (19456K), 1 survivors (1024K)
 Metaspace       used 78949K, capacity 82226K, committed 82264K, reserved 1122304K
  class space    used 7246K, capacity 8514K, committed 8536K, reserved 1048576K
Heap Regions: E=young(eden), S=young(survivor), O=old, HS=humongous(starts), HC=humongous(continues), CS=collection set, F=free, A=archive, TAMS=top-at-mark-start (previous, next)
|   0|0x00000000c0000000, 0x00000000c0100000, 0x00000000c0100000|100%| O|  |TAMS 0x00000000c0100000, 0x00000000c0000000| Updating 
|   1|0x00000000c0100000, 0x00000000c0200000, 0x00000000c0200000|100%| O|  |TAMS 0x00000000c0200000, 0x00000000c0100000| Updating 
|   2|0x00000000c0200000, 0x00000000c0300000, 0x00000000c0300000|100%| O|  |TAMS 0x00000000c0300000, 0x00000000c0200000| Updating 
|   3|0x00000000c0300000, 0x00000000c0400000, 0x00000000c0400000|100%| O|  |TAMS 0x00000000c0400000, 0x00000000c0300000| Updating 
|   4|0x00000000c0400000, 0x00000000c0500000, 0x00000000c0500000|100%| O|  |TAMS 0x00000000c0500000, 0x00000000c0400000| Updating 
|   5|0x00000000c0500000, 0x00000000c0600000, 0x00000000c0600000|100%| O|  |TAMS 0x00000000c0600000, 0x00000000c0500000| Updating 
|   6|0x00000000c0600000, 0x00000000c0700000, 0x00000000c0700000|100%| O|  |TAMS 0x00000000c0700000, 0x00000000c0600000| Updating 
|   7|0x00000000c0700000, 0x00000000c0800000, 0x00000000c0800000|100%| O|  |TAMS 0x00000000c0800000, 0x00000000c0700000| Updating 
|   8|0x00000000c0800000, 0x00000000c0900000, 0x00000000c0900000|100%|HS|  |TAMS 0x00000000c0900000, 0x00000000c0800000| Complete 
|   9|0x00000000c0900000, 0x00000000c0a00000, 0x00000000c0a00000|100%| O|  |TAMS 0x00000000c0a00000, 0x00000000c0900000| Updating 
|  10|0x00000000c0a00000, 0x00000000c0b00000, 0x00000000c0b00000|100%| O|  |TAMS 0x00000000c0b00000, 0x00000000c0a00000| Updating 
|  11|0x00000000c0b00000, 0x00000000c0c00000, 0x00000000c0c00000|100%| O|  |TAMS 0x00000000c0c00000, 0x00000000c0b00000| Updating 
|  12|0x00000000c0c00000, 0x00000000c0d00000, 0x00000000c0d00000|100%| O|  |TAMS 0x00000000c0d00000, 0x00000000c0c00000| Updating 
|  13|0x00000000c0d00000, 0x00000000c0e00000, 0x00000000c0e00000|100%| O|  |TAMS 0x00000000c0e00000, 0x00000000c0d00000| Updating 
|  14|0x00000000c0e00000, 0x00000000c0f00000, 0x00000000c0f00000|100%| O|  |TAMS 0x00000000c0f00000, 0x00000000c0e00000| Updating 
|  15|0x00000000c0f00000, 0x00000000c1000000, 0x00000000c1000000|100%| O|  |TAMS 0x00000000c1000000, 0x00000000c0f00000| Updating 
|  16|0x00000000c1000000, 0x00000000c1100000, 0x00000000c1100000|100%| O|  |TAMS 0x00000000c1100000, 0x00000000c1000000| Updating 
|  17|0x00000000c1100000, 0x00000000c1200000, 0x00000000c1200000|100%| O|  |TAMS 0x00000000c1200000, 0x00000000c1100000| Updating 
|  18|0x00000000c1200000, 0x00000000c1300000, 0x00000000c1300000|100%| O|  |TAMS 0x00000000c1300000, 0x00000000c1200000| Updating 
|  19|0x00000000c1300000, 0x00000000c1400000, 0x00000000c1400000|100%| O|  |TAMS 0x00000000c1400000, 0x00000000c1300000| Updating 
|  20|0x00000000c1400000, 0x00000000c1500000, 0x00000000c1500000|100%| O|  |TAMS 0x00000000c1500000, 0x00000000c1400000| Updating 
|  21|0x00000000c1500000, 0x00000000c1600000, 0x00000000c1600000|100%| O|  |TAMS 0x00000000c1600000, 0x00000000c1500000| Updating 
|  22|0x00000000c1600000, 0x00000000c1700000, 0x00000000c1700000|100%| O|  |TAMS 0x00000000c1700000, 0x00000000c1600000| Updating 
|  23|0x00000000c1700000, 0x00000000c1800000, 0x00000000c1800000|100%| O|  |TAMS 0x00000000c1800000, 0x00000000c1700000| Updating 
|  24|0x00000000c1800000, 0x00000000c1900000, 0x00000000c1900000|100%| O|  |TAMS 0x00000000c1900000, 0x00000000c1800000| Updating 
|  25|0x00000000c1900000, 0x00000000c1a00000, 0x00000000c1a00000|100%| O|  |TAMS 0x00000000c1a00000, 0x00000000c1900000| Updating 
|  26|0x00000000c1a00000, 0x00000000c1b00000, 0x00000000c1b00000|100%| O|  |TAMS 0x00000000c1b00000, 0x00000000c1a00000| Updating 
|  27|0x00000000c1b00000, 0x00000000c1c00000, 0x00000000c1c00000|100%| O|  |TAMS 0x00000000c1c00000, 0x00000000c1b00000| Updating 
|  28|0x00000000c1c00000, 0x00000000c1d00000, 0x00000000c1d00000|100%| O|  |TAMS 0x00000000c1d00000, 0x00000000c1c00000| Updating 
|  29|0x00000000c1d00000, 0x00000000c1e00000, 0x00000000c1e00000|100%| O|  |TAMS 0x00000000c1e00000, 0x00000000c1d00000| Updating 
|  30|0x00000000c1e00000, 0x00000000c1f00000, 0x00000000c1f00000|100%| O|  |TAMS 0x00000000c1f00000, 0x00000000c1e00000| Updating 
|  31|0x00000000c1f00000, 0x00000000c2000000, 0x00000000c2000000|100%| O|  |TAMS 0x00000000c2000000, 0x00000000c1f00000| Updating 
|  32|0x00000000c2000000, 0x00000000c2100000, 0x00000000c2100000|100%| O|  |TAMS 0x00000000c2100000, 0x00000000c2000000| Updating 
|  33|0x00000000c2100000, 0x00000000c2200000, 0x00000000c2200000|100%|HS|  |TAMS 0x00000000c2100000, 0x00000000c2100000| Complete 
|  34|0x00000000c2200000, 0x00000000c2300000, 0x00000000c2300000|100%| O|  |TAMS 0x00000000c2300000, 0x00000000c2200000| Updating 
|  35|0x00000000c2300000, 0x00000000c2400000, 0x00000000c2400000|100%| O|  |TAMS 0x00000000c2400000, 0x00000000c2300000| Updating 
|  36|0x00000000c2400000, 0x00000000c2500000, 0x00000000c2500000|100%| O|  |TAMS 0x00000000c2500000, 0x00000000c2400000| Updating 
|  37|0x00000000c2500000, 0x00000000c2600000, 0x00000000c2600000|100%| O|  |TAMS 0x00000000c2600000, 0x00000000c2500000| Updating 
|  38|0x00000000c2600000, 0x00000000c2700000, 0x00000000c2700000|100%| O|  |TAMS 0x00000000c2700000, 0x00000000c2600000| Updating 
|  39|0x00000000c2700000, 0x00000000c2800000, 0x00000000c2800000|100%| O|  |TAMS 0x00000000c2800000, 0x00000000c2700000| Updating 
|  40|0x00000000c2800000, 0x00000000c2900000, 0x00000000c2900000|100%| O|  |TAMS 0x00000000c2900000, 0x00000000c2800000| Updating 
|  41|0x00000000c2900000, 0x00000000c2a00000, 0x00000000c2a00000|100%| O|  |TAMS 0x00000000c2a00000, 0x00000000c2900000| Updating 
|  42|0x00000000c2a00000, 0x00000000c2b00000, 0x00000000c2b00000|100%| O|  |TAMS 0x00000000c2b00000, 0x00000000c2a00000| Updating 
|  43|0x00000000c2b00000, 0x00000000c2c00000, 0x00000000c2c00000|100%| O|  |TAMS 0x00000000c2c00000, 0x00000000c2b00000| Updating 
|  44|0x00000000c2c00000, 0x00000000c2d00000, 0x00000000c2d00000|100%| O|  |TAMS 0x00000000c2d00000, 0x00000000c2c00000| Updating 
|  45|0x00000000c2d00000, 0x00000000c2e00000, 0x00000000c2e00000|100%| O|  |TAMS 0x00000000c2e00000, 0x00000000c2d00000| Updating 
|  46|0x00000000c2e00000, 0x00000000c2f00000, 0x00000000c2f00000|100%| O|  |TAMS 0x00000000c2f00000, 0x00000000c2e00000| Updating 
|  47|0x00000000c2f00000, 0x00000000c3000000, 0x00000000c3000000|100%| O|  |TAMS 0x00000000c3000000, 0x00000000c2f00000| Updating 
|  48|0x00000000c3000000, 0x00000000c3100000, 0x00000000c3100000|100%| O|  |TAMS 0x00000000c3100000, 0x00000000c3000000| Updating 
|  49|0x00000000c3100000, 0x00000000c3200000, 0x00000000c3200000|100%| O|  |TAMS 0x00000000c3200000, 0x00000000c3100000| Updating 
|  50|0x00000000c3200000, 0x00000000c3300000, 0x00000000c3300000|100%| O|  |TAMS 0x00000000c3300000, 0x00000000c3200000| Updating 
|  51|0x00000000c3300000, 0x00000000c3400000, 0x00000000c3400000|100%|HS|  |TAMS 0x00000000c3300000, 0x00000000c3300000| Complete 
|  52|0x00000000c3400000, 0x00000000c3500000, 0x00000000c3500000|100%| O|  |TAMS 0x00000000c3500000, 0x00000000c3400000| Updating 
|  53|0x00000000c3500000, 0x00000000c3600000, 0x00000000c3600000|100%| O|  |TAMS 0x00000000c3600000, 0x00000000c3500000| Updating 
|  54|0x00000000c3600000, 0x00000000c3700000, 0x00000000c3700000|100%|HS|  |TAMS 0x00000000c3600000, 0x00000000c3600000| Complete 
|  55|0x00000000c3700000, 0x00000000c3800000, 0x00000000c3800000|100%| O|  |TAMS 0x00000000c3800000, 0x00000000c3700000| Updating 
|  56|0x00000000c3800000, 0x00000000c3900000, 0x00000000c3900000|100%|HS|  |TAMS 0x00000000c3900000, 0x00000000c3800000| Complete 
|  57|0x00000000c3900000, 0x00000000c3a00000, 0x00000000c3a00000|100%| O|  |TAMS 0x00000000c3a00000, 0x00000000c3900000| Updating 
|  58|0x00000000c3a00000, 0x00000000c3b00000, 0x00000000c3b00000|100%| O|  |TAMS 0x00000000c3b00000, 0x00000000c3a00000| Updating 
|  59|0x00000000c3b00000, 0x00000000c3c00000, 0x00000000c3c00000|100%| O|  |TAMS 0x00000000c3c00000, 0x00000000c3b00000| Updating 
|  60|0x00000000c3c00000, 0x00000000c3d00000, 0x00000000c3d00000|100%| O|  |TAMS 0x00000000c3d00000, 0x00000000c3c00000| Updating 
|  61|0x00000000c3d00000, 0x00000000c3e00000, 0x00000000c3e00000|100%| O|  |TAMS 0x00000000c3e00000, 0x00000000c3d00000| Updating 
|  62|0x00000000c3e00000, 0x00000000c3f00000, 0x00000000c3f00000|100%| O|  |TAMS 0x00000000c3f00000, 0x00000000c3e00000| Updating 
|  63|0x00000000c3f00000, 0x00000000c4000000, 0x00000000c4000000|100%| O|  |TAMS 0x00000000c4000000, 0x00000000c3f00000| Updating 
|  64|0x00000000c4000000, 0x00000000c4100000, 0x00000000c4100000|100%| O|  |TAMS 0x00000000c4100000, 0x00000000c4000000| Updating 
|  65|0x00000000c4100000, 0x00000000c4200000, 0x00000000c4200000|100%| O|  |TAMS 0x00000000c4200000, 0x00000000c4100000| Updating 
|  66|0x00000000c4200000, 0x00000000c4300000, 0x00000000c4300000|100%| O|  |TAMS 0x00000000c4300000, 0x00000000c4200000| Updating 
|  67|0x00000000c4300000, 0x00000000c4400000, 0x00000000c4400000|100%| O|  |TAMS 0x00000000c4400000, 0x00000000c4300000| Updating 
|  68|0x00000000c4400000, 0x00000000c4500000, 0x00000000c4500000|100%| O|  |TAMS 0x00000000c4500000, 0x00000000c4400000| Updating 
|  69|0x00000000c4500000, 0x00000000c4600000, 0x00000000c4600000|100%| O|  |TAMS 0x00000000c4600000, 0x00000000c4500000| Updating 
|  70|0x00000000c4600000, 0x00000000c4600000, 0x00000000c4700000|  0%| F|  |TAMS 0x00000000c4600000, 0x00000000c4600000| Untracked 
|  71|0x00000000c4700000, 0x00000000c4700000, 0x00000000c4800000|  0%| F|  |TAMS 0x00000000c4700000, 0x00000000c4700000| Untracked 
|  72|0x00000000c4800000, 0x00000000c4900000, 0x00000000c4900000|100%| O|  |TAMS 0x00000000c4900000, 0x00000000c4800000| Updating 
|  73|0x00000000c4900000, 0x00000000c4900000, 0x00000000c4a00000|  0%| F|  |TAMS 0x00000000c4900000, 0x00000000c4900000| Untracked 
|  74|0x00000000c4a00000, 0x00000000c4a00000, 0x00000000c4b00000|  0%| F|  |TAMS 0x00000000c4a00000, 0x00000000c4a00000| Untracked 
|  75|0x00000000c4b00000, 0x00000000c4c00000, 0x00000000c4c00000|100%| O|  |TAMS 0x00000000c4c00000, 0x00000000c4b00000| Updating 
|  76|0x00000000c4c00000, 0x00000000c4d00000, 0x00000000c4d00000|100%| O|  |TAMS 0x00000000c4d00000, 0x00000000c4c00000| Updating 
|  77|0x00000000c4d00000, 0x00000000c4d00000, 0x00000000c4e00000|  0%| F|  |TAMS 0x00000000c4d00000, 0x00000000c4d00000| Untracked 
|  78|0x00000000c4e00000, 0x00000000c4f00000, 0x00000000c4f00000|100%| O|  |TAMS 0x00000000c4f00000, 0x00000000c4e00000| Updating 
|  79|0x00000000c4f00000, 0x00000000c5000000, 0x00000000c5000000|100%| O|  |TAMS 0x00000000c5000000, 0x00000000c4f00000| Updating 
|  80|0x00000000c5000000, 0x00000000c5000000, 0x00000000c5100000|  0%| F|  |TAMS 0x00000000c5000000, 0x00000000c5000000| Untracked 
|  81|0x00000000c5100000, 0x00000000c5200000, 0x00000000c5200000|100%| O|  |TAMS 0x00000000c5200000, 0x00000000c5100000| Updating 
|  82|0x00000000c5200000, 0x00000000c5300000, 0x00000000c5300000|100%| O|  |TAMS 0x00000000c5300000, 0x00000000c5200000| Updating 
|  83|0x00000000c5300000, 0x00000000c5400000, 0x00000000c5400000|100%| O|  |TAMS 0x00000000c5400000, 0x00000000c5300000| Updating 
|  84|0x00000000c5400000, 0x00000000c5500000, 0x00000000c5500000|100%| O|  |TAMS 0x00000000c5500000, 0x00000000c5400000| Updating 
|  85|0x00000000c5500000, 0x00000000c5600000, 0x00000000c5600000|100%| O|  |TAMS 0x00000000c5600000, 0x00000000c5500000| Updating 
|  86|0x00000000c5600000, 0x00000000c5700000, 0x00000000c5700000|100%| O|  |TAMS 0x00000000c5700000, 0x00000000c5600000| Updating 
|  87|0x00000000c5700000, 0x00000000c5800000, 0x00000000c5800000|100%| O|  |TAMS 0x00000000c5800000, 0x00000000c5700000| Updating 
|  88|0x00000000c5800000, 0x00000000c5900000, 0x00000000c5900000|100%| O|  |TAMS 0x00000000c5900000, 0x00000000c5800000| Updating 
|  89|0x00000000c5900000, 0x00000000c5a00000, 0x00000000c5a00000|100%| O|  |TAMS 0x00000000c5a00000, 0x00000000c5900000| Updating 
|  90|0x00000000c5a00000, 0x00000000c5b00000, 0x00000000c5b00000|100%| O|  |TAMS 0x00000000c5b00000, 0x00000000c5a00000| Updating 
|  91|0x00000000c5b00000, 0x00000000c5c00000, 0x00000000c5c00000|100%| O|  |TAMS 0x00000000c5c00000, 0x00000000c5b00000| Updating 
|  92|0x00000000c5c00000, 0x00000000c5d00000, 0x00000000c5d00000|100%| O|  |TAMS 0x00000000c5d00000, 0x00000000c5c00000| Updating 
|  93|0x00000000c5d00000, 0x00000000c5e00000, 0x00000000c5e00000|100%| O|  |TAMS 0x00000000c5e00000, 0x00000000c5d00000| Updating 
|  94|0x00000000c5e00000, 0x00000000c5f00000, 0x00000000c5f00000|100%| O|  |TAMS 0x00000000c5f00000, 0x00000000c5e00000| Updating 
|  95|0x00000000c5f00000, 0x00000000c6000000, 0x00000000c6000000|100%| O|  |TAMS 0x00000000c6000000, 0x00000000c5f00000| Updating 
|  96|0x00000000c6000000, 0x00000000c6000000, 0x00000000c6100000|  0%| F|  |TAMS 0x00000000c6000000, 0x00000000c6000000| Untracked 
|  97|0x00000000c6100000, 0x00000000c6200000, 0x00000000c6200000|100%| O|  |TAMS 0x00000000c6200000, 0x00000000c6100000| Updating 
|  98|0x00000000c6200000, 0x00000000c6300000, 0x00000000c6300000|100%| O|  |TAMS 0x00000000c6300000, 0x00000000c6200000| Updating 
|  99|0x00000000c6300000, 0x00000000c6400000, 0x00000000c6400000|100%| O|  |TAMS 0x00000000c6400000, 0x00000000c6300000| Updating 
| 100|0x00000000c6400000, 0x00000000c6500000, 0x00000000c6500000|100%| O|  |TAMS 0x00000000c6500000, 0x00000000c6400000| Updating 
| 101|0x00000000c6500000, 0x00000000c6600000, 0x00000000c6600000|100%| O|  |TAMS 0x00000000c6600000, 0x00000000c6500000| Updating 
| 102|0x00000000c6600000, 0x00000000c6700000, 0x00000000c6700000|100%| O|  |TAMS 0x00000000c6700000, 0x00000000c6600000| Updating 
| 103|0x00000000c6700000, 0x00000000c6800000, 0x00000000c6800000|100%| O|  |TAMS 0x00000000c6800000, 0x00000000c6700000| Updating 
| 104|0x00000000c6800000, 0x00000000c6900000, 0x00000000c6900000|100%| O|  |TAMS 0x00000000c6900000, 0x00000000c6800000| Updating 
| 105|0x00000000c6900000, 0x00000000c6900000, 0x00000000c6a00000|  0%| F|  |TAMS 0x00000000c6900000, 0x00000000c6900000| Untracked 
| 106|0x00000000c6a00000, 0x00000000c6a00000, 0x00000000c6b00000|  0%| F|  |TAMS 0x00000000c6a00000, 0x00000000c6a00000| Untracked 
| 107|0x00000000c6b00000, 0x00000000c6c00000, 0x00000000c6c00000|100%| O|  |TAMS 0x00000000c6c00000, 0x00000000c6b00000| Updating 
| 108|0x00000000c6c00000, 0x00000000c6d00000, 0x00000000c6d00000|100%| O|  |TAMS 0x00000000c6d00000, 0x00000000c6c00000| Updating 
| 109|0x00000000c6d00000, 0x00000000c6e00000, 0x00000000c6e00000|100%| O|  |TAMS 0x00000000c6e00000, 0x00000000c6d00000| Updating 
| 110|0x00000000c6e00000, 0x00000000c6e00000, 0x00000000c6f00000|  0%| F|  |TAMS 0x00000000c6e00000, 0x00000000c6e00000| Untracked 
| 111|0x00000000c6f00000, 0x00000000c7000000, 0x00000000c7000000|100%| O|  |TAMS 0x00000000c7000000, 0x00000000c6f00000| Updating 
| 112|0x00000000c7000000, 0x00000000c7100000, 0x00000000c7100000|100%| O|  |TAMS 0x00000000c7100000, 0x00000000c7000000| Updating 
| 113|0x00000000c7100000, 0x00000000c7200000, 0x00000000c7200000|100%| O|  |TAMS 0x00000000c7200000, 0x00000000c7100000| Updating 
| 114|0x00000000c7200000, 0x00000000c7300000, 0x00000000c7300000|100%| O|  |TAMS 0x00000000c7300000, 0x00000000c7200000| Updating 
| 115|0x00000000c7300000, 0x00000000c7300000, 0x00000000c7400000|  0%| F|  |TAMS 0x00000000c7300000, 0x00000000c7300000| Untracked 
| 116|0x00000000c7400000, 0x00000000c7500000, 0x00000000c7500000|100%| O|  |TAMS 0x00000000c7500000, 0x00000000c7400000| Updating 
| 117|0x00000000c7500000, 0x00000000c7500000, 0x00000000c7600000|  0%| F|  |TAMS 0x00000000c7500000, 0x00000000c7500000| Untracked 
| 118|0x00000000c7600000, 0x00000000c7700000, 0x00000000c7700000|100%| O|  |TAMS 0x00000000c7700000, 0x00000000c7600000| Updating 
| 119|0x00000000c7700000, 0x00000000c7800000, 0x00000000c7800000|100%| O|  |TAMS 0x00000000c7800000, 0x00000000c7700000| Updating 
| 120|0x00000000c7800000, 0x00000000c7900000, 0x00000000c7900000|100%| O|  |TAMS 0x00000000c7900000, 0x00000000c7800000| Updating 
| 121|0x00000000c7900000, 0x00000000c7900000, 0x00000000c7a00000|  0%| F|  |TAMS 0x00000000c7900000, 0x00000000c7900000| Untracked 
| 122|0x00000000c7a00000, 0x00000000c7b00000, 0x00000000c7b00000|100%| O|  |TAMS 0x00000000c7b00000, 0x00000000c7a00000| Updating 
| 123|0x00000000c7b00000, 0x00000000c7b00000, 0x00000000c7c00000|  0%| F|  |TAMS 0x00000000c7b00000, 0x00000000c7b00000| Untracked 
| 124|0x00000000c7c00000, 0x00000000c7c00000, 0x00000000c7d00000|  0%| F|  |TAMS 0x00000000c7c00000, 0x00000000c7c00000| Untracked 
| 125|0x00000000c7d00000, 0x00000000c7d00000, 0x00000000c7e00000|  0%| F|  |TAMS 0x00000000c7d00000, 0x00000000c7d00000| Untracked 
| 126|0x00000000c7e00000, 0x00000000c7e00000, 0x00000000c7f00000|  0%| F|  |TAMS 0x00000000c7e00000, 0x00000000c7e00000| Untracked 
| 127|0x00000000c7f00000, 0x00000000c7f00000, 0x00000000c8000000|  0%| F|  |TAMS 0x00000000c7f00000, 0x00000000c7f00000| Untracked 
| 128|0x00000000c8000000, 0x00000000c8000000, 0x00000000c8100000|  0%| F|  |TAMS 0x00000000c8000000, 0x00000000c8000000| Untracked 
| 129|0x00000000c8100000, 0x00000000c8100000, 0x00000000c8200000|  0%| F|  |TAMS 0x00000000c8100000, 0x00000000c8100000| Untracked 
| 130|0x00000000c8200000, 0x00000000c8300000, 0x00000000c8300000|100%| O|  |TAMS 0x00000000c8300000, 0x00000000c8200000| Updating 
| 131|0x00000000c8300000, 0x00000000c8400000, 0x00000000c8400000|100%| O|  |TAMS 0x00000000c8400000, 0x00000000c8300000| Updating 
| 132|0x00000000c8400000, 0x00000000c8400000, 0x00000000c8500000|  0%| F|  |TAMS 0x00000000c8400000, 0x00000000c8400000| Untracked 
| 133|0x00000000c8500000, 0x00000000c8600000, 0x00000000c8600000|100%| O|  |TAMS 0x00000000c8600000, 0x00000000c8500000| Updating 
| 134|0x00000000c8600000, 0x00000000c8600000, 0x00000000c8700000|  0%| F|  |TAMS 0x00000000c8600000, 0x00000000c8600000| Untracked 
| 135|0x00000000c8700000, 0x00000000c8700000, 0x00000000c8800000|  0%| F|  |TAMS 0x00000000c8700000, 0x00000000c8700000| Untracked 
| 136|0x00000000c8800000, 0x00000000c8900000, 0x00000000c8900000|100%| O|  |TAMS 0x00000000c8900000, 0x00000000c8800000| Updating 
| 137|0x00000000c8900000, 0x00000000c8a00000, 0x00000000c8a00000|100%| O|  |TAMS 0x00000000c8a00000, 0x00000000c8900000| Updating 
| 138|0x00000000c8a00000, 0x00000000c8a00000, 0x00000000c8b00000|  0%| F|  |TAMS 0x00000000c8a00000, 0x00000000c8a00000| Untracked 
| 139|0x00000000c8b00000, 0x00000000c8c00000, 0x00000000c8c00000|100%| O|  |TAMS 0x00000000c8c00000, 0x00000000c8b00000| Updating 
| 140|0x00000000c8c00000, 0x00000000c8d00000, 0x00000000c8d00000|100%| O|  |TAMS 0x00000000c8d00000, 0x00000000c8c00000| Updating 
| 141|0x00000000c8d00000, 0x00000000c8e00000, 0x00000000c8e00000|100%| O|  |TAMS 0x00000000c8e00000, 0x00000000c8d00000| Updating 
| 142|0x00000000c8e00000, 0x00000000c8f00000, 0x00000000c8f00000|100%| O|  |TAMS 0x00000000c8f00000, 0x00000000c8e00000| Updating 
| 143|0x00000000c8f00000, 0x00000000c9000000, 0x00000000c9000000|100%| O|  |TAMS 0x00000000c9000000, 0x00000000c8f00000| Updating 
| 144|0x00000000c9000000, 0x00000000c9100000, 0x00000000c9100000|100%| O|  |TAMS 0x00000000c9100000, 0x00000000c9000000| Updating 
| 145|0x00000000c9100000, 0x00000000c9200000, 0x00000000c9200000|100%| O|  |TAMS 0x00000000c9200000, 0x00000000c9100000| Updating 
| 146|0x00000000c9200000, 0x00000000c9300000, 0x00000000c9300000|100%| O|  |TAMS 0x00000000c9300000, 0x00000000c9200000| Updating 
| 147|0x00000000c9300000, 0x00000000c9400000, 0x00000000c9400000|100%| O|  |TAMS 0x00000000c9400000, 0x00000000c9300000| Updating 
| 148|0x00000000c9400000, 0x00000000c9500000, 0x00000000c9500000|100%| O|  |TAMS 0x00000000c9500000, 0x00000000c9400000| Updating 
| 149|0x00000000c9500000, 0x00000000c9600000, 0x00000000c9600000|100%| O|  |TAMS 0x00000000c9600000, 0x00000000c9500000| Updating 
| 150|0x00000000c9600000, 0x00000000c9700000, 0x00000000c9700000|100%| O|  |TAMS 0x00000000c9700000, 0x00000000c9600000| Updating 
| 151|0x00000000c9700000, 0x00000000c9800000, 0x00000000c9800000|100%| O|  |TAMS 0x00000000c9800000, 0x00000000c9700000| Updating 
| 152|0x00000000c9800000, 0x00000000c9900000, 0x00000000c9900000|100%| O|  |TAMS 0x00000000c9900000, 0x00000000c9800000| Updating 
| 153|0x00000000c9900000, 0x00000000c9a00000, 0x00000000c9a00000|100%| O|  |TAMS 0x00000000c9a00000, 0x00000000c9900000| Updating 
| 154|0x00000000c9a00000, 0x00000000c9b00000, 0x00000000c9b00000|100%| O|  |TAMS 0x00000000c9b00000, 0x00000000c9a00000| Updating 
| 155|0x00000000c9b00000, 0x00000000c9c00000, 0x00000000c9c00000|100%| O|  |TAMS 0x00000000c9c00000, 0x00000000c9b00000| Updating 
| 156|0x00000000c9c00000, 0x00000000c9d00000, 0x00000000c9d00000|100%| O|  |TAMS 0x00000000c9d00000, 0x00000000c9c00000| Updating 
| 157|0x00000000c9d00000, 0x00000000c9db7a00, 0x00000000c9e00000| 71%| O|  |TAMS 0x00000000c9db7a00, 0x00000000c9d00000| Updating 
| 158|0x00000000c9e00000, 0x00000000c9e00000, 0x00000000c9f00000|  0%| F|  |TAMS 0x00000000c9e00000, 0x00000000c9e00000| Untracked 
| 159|0x00000000c9f00000, 0x00000000c9f00000, 0x00000000ca000000|  0%| F|  |TAMS 0x00000000c9f00000, 0x00000000c9f00000| Untracked 
| 160|0x00000000ca000000, 0x00000000ca000000, 0x00000000ca100000|  0%| F|  |TAMS 0x00000000ca000000, 0x00000000ca000000| Untracked 
| 161|0x00000000ca100000, 0x00000000ca100000, 0x00000000ca200000|  0%| F|  |TAMS 0x00000000ca100000, 0x00000000ca100000| Untracked 
| 162|0x00000000ca200000, 0x00000000ca200000, 0x00000000ca300000|  0%| F|  |TAMS 0x00000000ca200000, 0x00000000ca200000| Untracked 
| 163|0x00000000ca300000, 0x00000000ca300000, 0x00000000ca400000|  0%| F|  |TAMS 0x00000000ca300000, 0x00000000ca300000| Untracked 
| 164|0x00000000ca400000, 0x00000000ca400000, 0x00000000ca500000|  0%| F|  |TAMS 0x00000000ca400000, 0x00000000ca400000| Untracked 
| 165|0x00000000ca500000, 0x00000000ca500000, 0x00000000ca600000|  0%| F|  |TAMS 0x00000000ca500000, 0x00000000ca500000| Untracked 
| 166|0x00000000ca600000, 0x00000000ca600000, 0x00000000ca700000|  0%| F|  |TAMS 0x00000000ca600000, 0x00000000ca600000| Untracked 
| 167|0x00000000ca700000, 0x00000000ca700000, 0x00000000ca800000|  0%| F|  |TAMS 0x00000000ca700000, 0x00000000ca700000| Untracked 
| 168|0x00000000ca800000, 0x00000000ca800000, 0x00000000ca900000|  0%| F|  |TAMS 0x00000000ca800000, 0x00000000ca800000| Untracked 
| 169|0x00000000ca900000, 0x00000000ca900000, 0x00000000caa00000|  0%| F|  |TAMS 0x00000000ca900000, 0x00000000ca900000| Untracked 
| 170|0x00000000caa00000, 0x00000000caa00000, 0x00000000cab00000|  0%| F|  |TAMS 0x00000000caa00000, 0x00000000caa00000| Untracked 
| 171|0x00000000cab00000, 0x00000000cab00000, 0x00000000cac00000|  0%| F|  |TAMS 0x00000000cab00000, 0x00000000cab00000| Untracked 
| 172|0x00000000cac00000, 0x00000000cac00000, 0x00000000cad00000|  0%| F|  |TAMS 0x00000000cac00000, 0x00000000cac00000| Untracked 
| 173|0x00000000cad00000, 0x00000000cad00000, 0x00000000cae00000|  0%| F|  |TAMS 0x00000000cad00000, 0x00000000cad00000| Untracked 
| 174|0x00000000cae00000, 0x00000000cae00000, 0x00000000caf00000|  0%| F|  |TAMS 0x00000000cae00000, 0x00000000cae00000| Untracked 
| 175|0x00000000caf00000, 0x00000000caf00000, 0x00000000cb000000|  0%| F|  |TAMS 0x00000000caf00000, 0x00000000caf00000| Untracked 
| 176|0x00000000cb000000, 0x00000000cb000000, 0x00000000cb100000|  0%| F|  |TAMS 0x00000000cb000000, 0x00000000cb000000| Untracked 
| 177|0x00000000cb100000, 0x00000000cb100000, 0x00000000cb200000|  0%| F|  |TAMS 0x00000000cb100000, 0x00000000cb100000| Untracked 
| 178|0x00000000cb200000, 0x00000000cb200000, 0x00000000cb300000|  0%| F|  |TAMS 0x00000000cb200000, 0x00000000cb200000| Untracked 
| 179|0x00000000cb300000, 0x00000000cb300000, 0x00000000cb400000|  0%| F|  |TAMS 0x00000000cb300000, 0x00000000cb300000| Untracked 
| 180|0x00000000cb400000, 0x00000000cb400000, 0x00000000cb500000|  0%| F|  |TAMS 0x00000000cb400000, 0x00000000cb400000| Untracked 
| 181|0x00000000cb500000, 0x00000000cb500000, 0x00000000cb600000|  0%| F|  |TAMS 0x00000000cb500000, 0x00000000cb500000| Untracked 
| 182|0x00000000cb600000, 0x00000000cb600000, 0x00000000cb700000|  0%| F|  |TAMS 0x00000000cb600000, 0x00000000cb600000| Untracked 
| 183|0x00000000cb700000, 0x00000000cb700000, 0x00000000cb800000|  0%| F|  |TAMS 0x00000000cb700000, 0x00000000cb700000| Untracked 
| 184|0x00000000cb800000, 0x00000000cb800000, 0x00000000cb900000|  0%| F|  |TAMS 0x00000000cb800000, 0x00000000cb800000| Untracked 
| 185|0x00000000cb900000, 0x00000000cb900000, 0x00000000cba00000|  0%| F|  |TAMS 0x00000000cb900000, 0x00000000cb900000| Untracked 
| 186|0x00000000cba00000, 0x00000000cba00000, 0x00000000cbb00000|  0%| F|  |TAMS 0x00000000cba00000, 0x00000000cba00000| Untracked 
| 187|0x00000000cbb00000, 0x00000000cbb00000, 0x00000000cbc00000|  0%| F|  |TAMS 0x00000000cbb00000, 0x00000000cbb00000| Untracked 
| 188|0x00000000cbc00000, 0x00000000cbc00000, 0x00000000cbd00000|  0%| F|  |TAMS 0x00000000cbc00000, 0x00000000cbc00000| Untracked 
| 189|0x00000000cbd00000, 0x00000000cbd00000, 0x00000000cbe00000|  0%| F|  |TAMS 0x00000000cbd00000, 0x00000000cbd00000| Untracked 
| 190|0x00000000cbe00000, 0x00000000cbe00000, 0x00000000cbf00000|  0%| F|  |TAMS 0x00000000cbe00000, 0x00000000cbe00000| Untracked 
| 191|0x00000000cbf00000, 0x00000000cbf00000, 0x00000000cc000000|  0%| F|  |TAMS 0x00000000cbf00000, 0x00000000cbf00000| Untracked 
| 192|0x00000000cc000000, 0x00000000cc000000, 0x00000000cc100000|  0%| F|  |TAMS 0x00000000cc000000, 0x00000000cc000000| Untracked 
| 193|0x00000000cc100000, 0x00000000cc100000, 0x00000000cc200000|  0%| F|  |TAMS 0x00000000cc100000, 0x00000000cc100000| Untracked 
| 194|0x00000000cc200000, 0x00000000cc200000, 0x00000000cc300000|  0%| F|  |TAMS 0x00000000cc200000, 0x00000000cc200000| Untracked 
| 195|0x00000000cc300000, 0x00000000cc300000, 0x00000000cc400000|  0%| F|  |TAMS 0x00000000cc300000, 0x00000000cc300000| Untracked 
| 196|0x00000000cc400000, 0x00000000cc400000, 0x00000000cc500000|  0%| F|  |TAMS 0x00000000cc400000, 0x00000000cc400000| Untracked 
| 197|0x00000000cc500000, 0x00000000cc500000, 0x00000000cc600000|  0%| F|  |TAMS 0x00000000cc500000, 0x00000000cc500000| Untracked 
| 198|0x00000000cc600000, 0x00000000cc600000, 0x00000000cc700000|  0%| F|  |TAMS 0x00000000cc600000, 0x00000000cc600000| Untracked 
| 199|0x00000000cc700000, 0x00000000cc700000, 0x00000000cc800000|  0%| F|  |TAMS 0x00000000cc700000, 0x00000000cc700000| Untracked 
| 200|0x00000000cc800000, 0x00000000cc800000, 0x00000000cc900000|  0%| F|  |TAMS 0x00000000cc800000, 0x00000000cc800000| Untracked 
| 201|0x00000000cc900000, 0x00000000cc900000, 0x00000000cca00000|  0%| F|  |TAMS 0x00000000cc900000, 0x00000000cc900000| Untracked 
| 202|0x00000000cca00000, 0x00000000cca00000, 0x00000000ccb00000|  0%| F|  |TAMS 0x00000000cca00000, 0x00000000cca00000| Untracked 
| 203|0x00000000ccb00000, 0x00000000ccb00000, 0x00000000ccc00000|  0%| F|  |TAMS 0x00000000ccb00000, 0x00000000ccb00000| Untracked 
| 204|0x00000000ccc00000, 0x00000000ccc00000, 0x00000000ccd00000|  0%| F|  |TAMS 0x00000000ccc00000, 0x00000000ccc00000| Untracked 
| 205|0x00000000ccd00000, 0x00000000ccd00000, 0x00000000cce00000|  0%| F|  |TAMS 0x00000000ccd00000, 0x00000000ccd00000| Untracked 
| 206|0x00000000cce00000, 0x00000000cce00000, 0x00000000ccf00000|  0%| F|  |TAMS 0x00000000cce00000, 0x00000000cce00000| Untracked 
| 207|0x00000000ccf00000, 0x00000000ccf00000, 0x00000000cd000000|  0%| F|  |TAMS 0x00000000ccf00000, 0x00000000ccf00000| Untracked 
| 208|0x00000000cd000000, 0x00000000cd000000, 0x00000000cd100000|  0%| F|  |TAMS 0x00000000cd000000, 0x00000000cd000000| Untracked 
| 209|0x00000000cd100000, 0x00000000cd100000, 0x00000000cd200000|  0%| F|  |TAMS 0x00000000cd100000, 0x00000000cd100000| Untracked 
| 210|0x00000000cd200000, 0x00000000cd200000, 0x00000000cd300000|  0%| F|  |TAMS 0x00000000cd200000, 0x00000000cd200000| Untracked 
| 211|0x00000000cd300000, 0x00000000cd300000, 0x00000000cd400000|  0%| F|  |TAMS 0x00000000cd300000, 0x00000000cd300000| Untracked 
| 212|0x00000000cd400000, 0x00000000cd400000, 0x00000000cd500000|  0%| F|  |TAMS 0x00000000cd400000, 0x00000000cd400000| Untracked 
| 213|0x00000000cd500000, 0x00000000cd500000, 0x00000000cd600000|  0%| F|  |TAMS 0x00000000cd500000, 0x00000000cd500000| Untracked 
| 214|0x00000000cd600000, 0x00000000cd600000, 0x00000000cd700000|  0%| F|  |TAMS 0x00000000cd600000, 0x00000000cd600000| Untracked 
| 215|0x00000000cd700000, 0x00000000cd700000, 0x00000000cd800000|  0%| F|  |TAMS 0x00000000cd700000, 0x00000000cd700000| Untracked 
| 216|0x00000000cd800000, 0x00000000cd800000, 0x00000000cd900000|  0%| F|  |TAMS 0x00000000cd800000, 0x00000000cd800000| Untracked 
| 217|0x00000000cd900000, 0x00000000cd900000, 0x00000000cda00000|  0%| F|  |TAMS 0x00000000cd900000, 0x00000000cd900000| Untracked 
| 218|0x00000000cda00000, 0x00000000cda00000, 0x00000000cdb00000|  0%| F|  |TAMS 0x00000000cda00000, 0x00000000cda00000| Untracked 
| 219|0x00000000cdb00000, 0x00000000cdb00000, 0x00000000cdc00000|  0%| F|  |TAMS 0x00000000cdb00000, 0x00000000cdb00000| Untracked 
| 220|0x00000000cdc00000, 0x00000000cdc00000, 0x00000000cdd00000|  0%| F|  |TAMS 0x00000000cdc00000, 0x00000000cdc00000| Untracked 
| 221|0x00000000cdd00000, 0x00000000cdd00000, 0x00000000cde00000|  0%| F|  |TAMS 0x00000000cdd00000, 0x00000000cdd00000| Untracked 
| 222|0x00000000cde00000, 0x00000000cde00000, 0x00000000cdf00000|  0%| F|  |TAMS 0x00000000cde00000, 0x00000000cde00000| Untracked 
| 223|0x00000000cdf00000, 0x00000000cdf00000, 0x00000000ce000000|  0%| F|  |TAMS 0x00000000cdf00000, 0x00000000cdf00000| Untracked 
| 224|0x00000000ce000000, 0x00000000ce000000, 0x00000000ce100000|  0%| F|  |TAMS 0x00000000ce000000, 0x00000000ce000000| Untracked 
| 225|0x00000000ce100000, 0x00000000ce100000, 0x00000000ce200000|  0%| F|  |TAMS 0x00000000ce100000, 0x00000000ce100000| Untracked 
| 226|0x00000000ce200000, 0x00000000ce200000, 0x00000000ce300000|  0%| F|  |TAMS 0x00000000ce200000, 0x00000000ce200000| Untracked 
| 227|0x00000000ce300000, 0x00000000ce300000, 0x00000000ce400000|  0%| F|  |TAMS 0x00000000ce300000, 0x00000000ce300000| Untracked 
| 228|0x00000000ce400000, 0x00000000ce400000, 0x00000000ce500000|  0%| F|  |TAMS 0x00000000ce400000, 0x00000000ce400000| Untracked 
| 229|0x00000000ce500000, 0x00000000ce500000, 0x00000000ce600000|  0%| F|  |TAMS 0x00000000ce500000, 0x00000000ce500000| Untracked 
| 230|0x00000000ce600000, 0x00000000ce600000, 0x00000000ce700000|  0%| F|  |TAMS 0x00000000ce600000, 0x00000000ce600000| Untracked 
| 231|0x00000000ce700000, 0x00000000ce700000, 0x00000000ce800000|  0%| F|  |TAMS 0x00000000ce700000, 0x00000000ce700000| Untracked 
| 232|0x00000000ce800000, 0x00000000ce800000, 0x00000000ce900000|  0%| F|  |TAMS 0x00000000ce800000, 0x00000000ce800000| Untracked 
| 233|0x00000000ce900000, 0x00000000ce900000, 0x00000000cea00000|  0%| F|  |TAMS 0x00000000ce900000, 0x00000000ce900000| Untracked 
| 234|0x00000000cea00000, 0x00000000cea00000, 0x00000000ceb00000|  0%| F|  |TAMS 0x00000000cea00000, 0x00000000cea00000| Untracked 
| 235|0x00000000ceb00000, 0x00000000ceb00000, 0x00000000cec00000|  0%| F|  |TAMS 0x00000000ceb00000, 0x00000000ceb00000| Untracked 
| 236|0x00000000cec00000, 0x00000000cec00000, 0x00000000ced00000|  0%| F|  |TAMS 0x00000000cec00000, 0x00000000cec00000| Untracked 
| 237|0x00000000ced00000, 0x00000000ced00000, 0x00000000cee00000|  0%| F|  |TAMS 0x00000000ced00000, 0x00000000ced00000| Untracked 
| 238|0x00000000cee00000, 0x00000000cee00000, 0x00000000cef00000|  0%| F|  |TAMS 0x00000000cee00000, 0x00000000cee00000| Untracked 
| 239|0x00000000cef00000, 0x00000000cef00000, 0x00000000cf000000|  0%| F|  |TAMS 0x00000000cef00000, 0x00000000cef00000| Untracked 
| 240|0x00000000cf000000, 0x00000000cf000000, 0x00000000cf100000|  0%| F|  |TAMS 0x00000000cf000000, 0x00000000cf000000| Untracked 
| 241|0x00000000cf100000, 0x00000000cf100000, 0x00000000cf200000|  0%| F|  |TAMS 0x00000000cf100000, 0x00000000cf100000| Untracked 
| 242|0x00000000cf200000, 0x00000000cf200000, 0x00000000cf300000|  0%| F|  |TAMS 0x00000000cf200000, 0x00000000cf200000| Untracked 
| 243|0x00000000cf300000, 0x00000000cf300000, 0x00000000cf400000|  0%| F|  |TAMS 0x00000000cf300000, 0x00000000cf300000| Untracked 
| 244|0x00000000cf400000, 0x00000000cf400000, 0x00000000cf500000|  0%| F|  |TAMS 0x00000000cf400000, 0x00000000cf400000| Untracked 
| 245|0x00000000cf500000, 0x00000000cf500000, 0x00000000cf600000|  0%| F|  |TAMS 0x00000000cf500000, 0x00000000cf500000| Untracked 
| 246|0x00000000cf600000, 0x00000000cf600000, 0x00000000cf700000|  0%| F|  |TAMS 0x00000000cf600000, 0x00000000cf600000| Untracked 
| 247|0x00000000cf700000, 0x00000000cf700000, 0x00000000cf800000|  0%| F|  |TAMS 0x00000000cf700000, 0x00000000cf700000| Untracked 
| 248|0x00000000cf800000, 0x00000000cf800000, 0x00000000cf900000|  0%| F|  |TAMS 0x00000000cf800000, 0x00000000cf800000| Untracked 
| 249|0x00000000cf900000, 0x00000000cf900000, 0x00000000cfa00000|  0%| F|  |TAMS 0x00000000cf900000, 0x00000000cf900000| Untracked 
| 250|0x00000000cfa00000, 0x00000000cfa00000, 0x00000000cfb00000|  0%| F|  |TAMS 0x00000000cfa00000, 0x00000000cfa00000| Untracked 
| 251|0x00000000cfb00000, 0x00000000cfb00000, 0x00000000cfc00000|  0%| F|  |TAMS 0x00000000cfb00000, 0x00000000cfb00000| Untracked 
| 252|0x00000000cfc00000, 0x00000000cfc00000, 0x00000000cfd00000|  0%| F|  |TAMS 0x00000000cfc00000, 0x00000000cfc00000| Untracked 
| 253|0x00000000cfd00000, 0x00000000cfd00000, 0x00000000cfe00000|  0%| F|  |TAMS 0x00000000cfd00000, 0x00000000cfd00000| Untracked 
| 254|0x00000000cfe00000, 0x00000000cfe00000, 0x00000000cff00000|  0%| F|  |TAMS 0x00000000cfe00000, 0x00000000cfe00000| Untracked 
| 255|0x00000000cff00000, 0x00000000cff00000, 0x00000000d0000000|  0%| F|  |TAMS 0x00000000cff00000, 0x00000000cff00000| Untracked 
| 256|0x00000000d0000000, 0x00000000d0000000, 0x00000000d0100000|  0%| F|  |TAMS 0x00000000d0000000, 0x00000000d0000000| Untracked 
| 257|0x00000000d0100000, 0x00000000d0100000, 0x00000000d0200000|  0%| F|  |TAMS 0x00000000d0100000, 0x00000000d0100000| Untracked 
| 258|0x00000000d0200000, 0x00000000d0200000, 0x00000000d0300000|  0%| F|  |TAMS 0x00000000d0200000, 0x00000000d0200000| Untracked 
| 259|0x00000000d0300000, 0x00000000d0300000, 0x00000000d0400000|  0%| F|  |TAMS 0x00000000d0300000, 0x00000000d0300000| Untracked 
| 260|0x00000000d0400000, 0x00000000d0400000, 0x00000000d0500000|  0%| F|  |TAMS 0x00000000d0400000, 0x00000000d0400000| Untracked 
| 261|0x00000000d0500000, 0x00000000d0500000, 0x00000000d0600000|  0%| F|  |TAMS 0x00000000d0500000, 0x00000000d0500000| Untracked 
| 262|0x00000000d0600000, 0x00000000d0600000, 0x00000000d0700000|  0%| F|  |TAMS 0x00000000d0600000, 0x00000000d0600000| Untracked 
| 263|0x00000000d0700000, 0x00000000d0700000, 0x00000000d0800000|  0%| F|  |TAMS 0x00000000d0700000, 0x00000000d0700000| Untracked 
| 264|0x00000000d0800000, 0x00000000d0800000, 0x00000000d0900000|  0%| F|  |TAMS 0x00000000d0800000, 0x00000000d0800000| Untracked 
| 265|0x00000000d0900000, 0x00000000d0900000, 0x00000000d0a00000|  0%| F|  |TAMS 0x00000000d0900000, 0x00000000d0900000| Untracked 
| 266|0x00000000d0a00000, 0x00000000d0a00000, 0x00000000d0b00000|  0%| F|  |TAMS 0x00000000d0a00000, 0x00000000d0a00000| Untracked 
| 267|0x00000000d0b00000, 0x00000000d0b00000, 0x00000000d0c00000|  0%| F|  |TAMS 0x00000000d0b00000, 0x00000000d0b00000| Untracked 
| 268|0x00000000d0c00000, 0x00000000d0c00000, 0x00000000d0d00000|  0%| F|  |TAMS 0x00000000d0c00000, 0x00000000d0c00000| Untracked 
| 269|0x00000000d0d00000, 0x00000000d0d00000, 0x00000000d0e00000|  0%| F|  |TAMS 0x00000000d0d00000, 0x00000000d0d00000| Untracked 
| 270|0x00000000d0e00000, 0x00000000d0f00000, 0x00000000d0f00000|100%| O|  |TAMS 0x00000000d0f00000, 0x00000000d0e00000| Updating 
| 271|0x00000000d0f00000, 0x00000000d0f00000, 0x00000000d1000000|  0%| F|  |TAMS 0x00000000d0f00000, 0x00000000d0f00000| Untracked 
| 272|0x00000000d1000000, 0x00000000d1000000, 0x00000000d1100000|  0%| F|  |TAMS 0x00000000d1000000, 0x00000000d1000000| Untracked 
| 273|0x00000000d1100000, 0x00000000d1100000, 0x00000000d1200000|  0%| F|  |TAMS 0x00000000d1100000, 0x00000000d1100000| Untracked 
| 274|0x00000000d1200000, 0x00000000d1300000, 0x00000000d1300000|100%| O|  |TAMS 0x00000000d1300000, 0x00000000d1200000| Updating 
| 275|0x00000000d1300000, 0x00000000d1300000, 0x00000000d1400000|  0%| F|  |TAMS 0x00000000d1300000, 0x00000000d1300000| Untracked 
| 276|0x00000000d1400000, 0x00000000d1500000, 0x00000000d1500000|100%| O|  |TAMS 0x00000000d1500000, 0x00000000d1400000| Updating 
| 277|0x00000000d1500000, 0x00000000d1600000, 0x00000000d1600000|100%| O|  |TAMS 0x00000000d1600000, 0x00000000d1500000| Updating 
| 278|0x00000000d1600000, 0x00000000d1700000, 0x00000000d1700000|100%| O|  |TAMS 0x00000000d1700000, 0x00000000d1600000| Updating 
| 279|0x00000000d1700000, 0x00000000d1800000, 0x00000000d1800000|100%| O|  |TAMS 0x00000000d1800000, 0x00000000d1700000| Updating 
| 280|0x00000000d1800000, 0x00000000d1800000, 0x00000000d1900000|  0%| F|  |TAMS 0x00000000d1800000, 0x00000000d1800000| Untracked 
| 281|0x00000000d1900000, 0x00000000d1900000, 0x00000000d1a00000|  0%| F|  |TAMS 0x00000000d1900000, 0x00000000d1900000| Untracked 
| 282|0x00000000d1a00000, 0x00000000d1b00000, 0x00000000d1b00000|100%| O|  |TAMS 0x00000000d1b00000, 0x00000000d1a00000| Updating 
| 283|0x00000000d1b00000, 0x00000000d1b00000, 0x00000000d1c00000|  0%| F|  |TAMS 0x00000000d1b00000, 0x00000000d1b00000| Untracked 
| 284|0x00000000d1c00000, 0x00000000d1c00000, 0x00000000d1d00000|  0%| F|  |TAMS 0x00000000d1c00000, 0x00000000d1c00000| Untracked 
| 285|0x00000000d1d00000, 0x00000000d1d00000, 0x00000000d1e00000|  0%| F|  |TAMS 0x00000000d1d00000, 0x00000000d1d00000| Untracked 
| 286|0x00000000d1e00000, 0x00000000d1f00000, 0x00000000d1f00000|100%| O|  |TAMS 0x00000000d1f00000, 0x00000000d1e00000| Updating 
| 287|0x00000000d1f00000, 0x00000000d1f00000, 0x00000000d2000000|  0%| F|  |TAMS 0x00000000d1f00000, 0x00000000d1f00000| Untracked 
| 288|0x00000000d2000000, 0x00000000d2100000, 0x00000000d2100000|100%| O|  |TAMS 0x00000000d2100000, 0x00000000d2000000| Updating 
| 289|0x00000000d2100000, 0x00000000d2100000, 0x00000000d2200000|  0%| F|  |TAMS 0x00000000d2100000, 0x00000000d2100000| Untracked 
| 290|0x00000000d2200000, 0x00000000d2200000, 0x00000000d2300000|  0%| F|  |TAMS 0x00000000d2200000, 0x00000000d2200000| Untracked 
| 291|0x00000000d2300000, 0x00000000d2400000, 0x00000000d2400000|100%| O|  |TAMS 0x00000000d2400000, 0x00000000d2300000| Updating 
| 292|0x00000000d2400000, 0x00000000d2500000, 0x00000000d2500000|100%| O|  |TAMS 0x00000000d2500000, 0x00000000d2400000| Updating 
| 293|0x00000000d2500000, 0x00000000d2500000, 0x00000000d2600000|  0%| F|  |TAMS 0x00000000d2500000, 0x00000000d2500000| Untracked 
| 294|0x00000000d2600000, 0x00000000d2600000, 0x00000000d2700000|  0%| F|  |TAMS 0x00000000d2600000, 0x00000000d2600000| Untracked 
| 295|0x00000000d2700000, 0x00000000d2700000, 0x00000000d2800000|  0%| F|  |TAMS 0x00000000d2700000, 0x00000000d2700000| Untracked 
| 296|0x00000000d2800000, 0x00000000d2800000, 0x00000000d2900000|  0%| F|  |TAMS 0x00000000d2800000, 0x00000000d2800000| Untracked 
| 297|0x00000000d2900000, 0x00000000d2900000, 0x00000000d2a00000|  0%| F|  |TAMS 0x00000000d2900000, 0x00000000d2900000| Untracked 
| 298|0x00000000d2a00000, 0x00000000d2a00000, 0x00000000d2b00000|  0%| F|  |TAMS 0x00000000d2a00000, 0x00000000d2a00000| Untracked 
| 299|0x00000000d2b00000, 0x00000000d2b00000, 0x00000000d2c00000|  0%| F|  |TAMS 0x00000000d2b00000, 0x00000000d2b00000| Untracked 
| 300|0x00000000d2c00000, 0x00000000d2c00000, 0x00000000d2d00000|  0%| F|  |TAMS 0x00000000d2c00000, 0x00000000d2c00000| Untracked 
| 301|0x00000000d2d00000, 0x00000000d2d00000, 0x00000000d2e00000|  0%| F|  |TAMS 0x00000000d2d00000, 0x00000000d2d00000| Untracked 
| 302|0x00000000d2e00000, 0x00000000d2e00000, 0x00000000d2f00000|  0%| F|  |TAMS 0x00000000d2e00000, 0x00000000d2e00000| Untracked 
| 303|0x00000000d2f00000, 0x00000000d2f00000, 0x00000000d3000000|  0%| F|  |TAMS 0x00000000d2f00000, 0x00000000d2f00000| Untracked 
| 304|0x00000000d3000000, 0x00000000d3100000, 0x00000000d3100000|100%| O|  |TAMS 0x00000000d3100000, 0x00000000d3000000| Updating 
| 305|0x00000000d3100000, 0x00000000d3100000, 0x00000000d3200000|  0%| F|  |TAMS 0x00000000d3100000, 0x00000000d3100000| Untracked 
| 306|0x00000000d3200000, 0x00000000d3300000, 0x00000000d3300000|100%| O|  |TAMS 0x00000000d3300000, 0x00000000d3200000| Updating 
| 307|0x00000000d3300000, 0x00000000d33b0fa0, 0x00000000d3400000| 69%| S|CS|TAMS 0x00000000d3300000, 0x00000000d3300000| Complete 
| 308|0x00000000d3400000, 0x00000000d3500000, 0x00000000d3500000|100%| O|  |TAMS 0x00000000d3500000, 0x00000000d3400000| Updating 
| 309|0x00000000d3500000, 0x00000000d3600000, 0x00000000d3600000|100%| O|  |TAMS 0x00000000d3600000, 0x00000000d3500000| Updating 
| 310|0x00000000d3600000, 0x00000000d3700000, 0x00000000d3700000|100%| O|  |TAMS 0x00000000d3700000, 0x00000000d3600000| Updating 
| 311|0x00000000d3700000, 0x00000000d3800000, 0x00000000d3800000|100%| O|  |TAMS 0x00000000d3800000, 0x00000000d3700000| Updating 
| 312|0x00000000d3800000, 0x00000000d3900000, 0x00000000d3900000|100%| O|  |TAMS 0x00000000d3900000, 0x00000000d3800000| Updating 
| 313|0x00000000d3900000, 0x00000000d3900000, 0x00000000d3a00000|  0%| F|  |TAMS 0x00000000d3900000, 0x00000000d3900000| Untracked 
| 314|0x00000000d3a00000, 0x00000000d3a00000, 0x00000000d3b00000|  0%| F|  |TAMS 0x00000000d3a00000, 0x00000000d3a00000| Untracked 
| 315|0x00000000d3b00000, 0x00000000d3b00000, 0x00000000d3c00000|  0%| F|  |TAMS 0x00000000d3b00000, 0x00000000d3b00000| Untracked 
| 316|0x00000000d3c00000, 0x00000000d3c00000, 0x00000000d3d00000|  0%| F|  |TAMS 0x00000000d3c00000, 0x00000000d3c00000| Untracked 
| 317|0x00000000d3d00000, 0x00000000d3d00000, 0x00000000d3e00000|  0%| F|  |TAMS 0x00000000d3d00000, 0x00000000d3d00000| Untracked 
| 318|0x00000000d3e00000, 0x00000000d3e00000, 0x00000000d3f00000|  0%| F|  |TAMS 0x00000000d3e00000, 0x00000000d3e00000| Untracked 
| 319|0x00000000d3f00000, 0x00000000d3f00000, 0x00000000d4000000|  0%| F|  |TAMS 0x00000000d3f00000, 0x00000000d3f00000| Untracked 
| 320|0x00000000d4000000, 0x00000000d4000000, 0x00000000d4100000|  0%| F|  |TAMS 0x00000000d4000000, 0x00000000d4000000| Untracked 
| 321|0x00000000d4100000, 0x00000000d4100000, 0x00000000d4200000|  0%| F|  |TAMS 0x00000000d4100000, 0x00000000d4100000| Untracked 
| 322|0x00000000d4200000, 0x00000000d4200000, 0x00000000d4300000|  0%| F|  |TAMS 0x00000000d4200000, 0x00000000d4200000| Untracked 
| 323|0x00000000d4300000, 0x00000000d4400000, 0x00000000d4400000|100%| E|  |TAMS 0x00000000d4300000, 0x00000000d4300000| Complete 
| 324|0x00000000d4400000, 0x00000000d4500000, 0x00000000d4500000|100%| E|CS|TAMS 0x00000000d4400000, 0x00000000d4400000| Complete 
| 325|0x00000000d4500000, 0x00000000d4600000, 0x00000000d4600000|100%| E|CS|TAMS 0x00000000d4500000, 0x00000000d4500000| Complete 
| 326|0x00000000d4600000, 0x00000000d4700000, 0x00000000d4700000|100%| E|CS|TAMS 0x00000000d4600000, 0x00000000d4600000| Complete 
| 327|0x00000000d4700000, 0x00000000d4800000, 0x00000000d4800000|100%| E|CS|TAMS 0x00000000d4700000, 0x00000000d4700000| Complete 
| 328|0x00000000d4800000, 0x00000000d4900000, 0x00000000d4900000|100%| E|CS|TAMS 0x00000000d4800000, 0x00000000d4800000| Complete 
| 329|0x00000000d4900000, 0x00000000d4a00000, 0x00000000d4a00000|100%| E|CS|TAMS 0x00000000d4900000, 0x00000000d4900000| Complete 
| 330|0x00000000d4a00000, 0x00000000d4b00000, 0x00000000d4b00000|100%| E|CS|TAMS 0x00000000d4a00000, 0x00000000d4a00000| Complete 
| 331|0x00000000d4b00000, 0x00000000d4c00000, 0x00000000d4c00000|100%| E|CS|TAMS 0x00000000d4b00000, 0x00000000d4b00000| Complete 
| 332|0x00000000d4c00000, 0x00000000d4d00000, 0x00000000d4d00000|100%| E|CS|TAMS 0x00000000d4c00000, 0x00000000d4c00000| Complete 
| 333|0x00000000d4d00000, 0x00000000d4e00000, 0x00000000d4e00000|100%| E|CS|TAMS 0x00000000d4d00000, 0x00000000d4d00000| Complete 
| 334|0x00000000d4e00000, 0x00000000d4f00000, 0x00000000d4f00000|100%| E|CS|TAMS 0x00000000d4e00000, 0x00000000d4e00000| Complete 
| 335|0x00000000d4f00000, 0x00000000d5000000, 0x00000000d5000000|100%| E|CS|TAMS 0x00000000d4f00000, 0x00000000d4f00000| Complete 
| 336|0x00000000d5000000, 0x00000000d5100000, 0x00000000d5100000|100%| E|CS|TAMS 0x00000000d5000000, 0x00000000d5000000| Complete 
| 337|0x00000000d5100000, 0x00000000d5200000, 0x00000000d5200000|100%| E|CS|TAMS 0x00000000d5100000, 0x00000000d5100000| Complete 
| 338|0x00000000d5200000, 0x00000000d5300000, 0x00000000d5300000|100%| E|CS|TAMS 0x00000000d5200000, 0x00000000d5200000| Complete 
| 339|0x00000000d5300000, 0x00000000d5400000, 0x00000000d5400000|100%| E|CS|TAMS 0x00000000d5300000, 0x00000000d5300000| Complete 
| 340|0x00000000d5400000, 0x00000000d5500000, 0x00000000d5500000|100%| E|CS|TAMS 0x00000000d5400000, 0x00000000d5400000| Complete 

Card table byte_map: [0x0000024bc5460000,0x0000024bc5660000] _byte_map_base: 0x0000024bc4e60000

Marking Bits (Prev, Next): (CMBitMap*) 0x0000024badb57750, (CMBitMap*) 0x0000024badb57718
 Prev Bits: [0x0000024bc6860000, 0x0000024bc7860000)
 Next Bits: [0x0000024bc5860000, 0x0000024bc6860000)

Polling page: 0x0000024bab9a0000

Metaspace:

Usage:
  Non-class:     71.98 MB capacity,    70.02 MB ( 97%) used,     1.79 MB (  2%) free+waste,   176.38 KB ( <1%) overhead. 
      Class:      8.31 MB capacity,     7.08 MB ( 85%) used,     1.16 MB ( 14%) free+waste,    75.00 KB ( <1%) overhead. 
       Both:     80.30 MB capacity,    77.10 MB ( 96%) used,     2.95 MB (  4%) free+waste,   251.38 KB ( <1%) overhead. 

Virtual space:
  Non-class space:       72.00 MB reserved,      72.00 MB (100%) committed 
      Class space:        1.00 GB reserved,       8.34 MB ( <1%) committed 
             Both:        1.07 GB reserved,      80.34 MB (  7%) committed 

Chunk freelists:
   Non-Class:  2.00 KB
       Class:  0 bytes
        Both:  2.00 KB

CodeHeap 'non-profiled nmethods': size=120000Kb used=12401Kb max_used=13121Kb free=107598Kb
 bounds [0x0000024bbda00000, 0x0000024bbe6e0000, 0x0000024bc4f30000]
CodeHeap 'profiled nmethods': size=120000Kb used=33756Kb max_used=35814Kb free=86243Kb
 bounds [0x0000024bb64d0000, 0x0000024bb8830000, 0x0000024bbda00000]
CodeHeap 'non-nmethods': size=5760Kb used=1304Kb max_used=1415Kb free=4455Kb
 bounds [0x0000024bb5f30000, 0x0000024bb61a0000, 0x0000024bb64d0000]
 total_blobs=14318 nmethods=13610 adapters=616
 compilation: enabled
              stopped_count=0, restarted_count=0
 full_count=0

Compilation events (10 events):
Event: 647.146 Thread 0x0000024bcab75800 18923       3       com.microsoft.java.debug.core.adapter.handler.StackTraceRequestHandler::convertDebuggerSourceToClient (116 bytes)
Event: 647.147 Thread 0x0000024bcab75800 nmethod 18923 0x0000024bb7045f90 code [0x0000024bb7046360, 0x0000024bb7048010]
Event: 647.147 Thread 0x0000024bcab75800 18924       3       com.microsoft.java.debug.core.adapter.handler.StackTraceRequestHandler$$Lambda$464/0x0000000100732840::get$Lambda (10 bytes)
Event: 647.147 Thread 0x0000024bcab75800 nmethod 18924 0x0000024bb6609090 code [0x0000024bb6609240, 0x0000024bb6609558]
Event: 647.150 Thread 0x0000024bcab75800 18925       3       com.microsoft.java.debug.core.protocol.Events$OutputEvent::<init> (28 bytes)
Event: 647.150 Thread 0x0000024bcab75800 nmethod 18925 0x0000024bb660ff90 code [0x0000024bb6610160, 0x0000024bb66104f8]
Event: 647.167 Thread 0x0000024bcab75800 18926       3       org.eclipse.debug.core.sourcelookup.containers.AbstractSourceContainer::isFindDuplicates (54 bytes)
Event: 647.167 Thread 0x0000024bcab75800 nmethod 18926 0x0000024bb6932710 code [0x0000024bb6932920, 0x0000024bb6933110]
Event: 647.167 Thread 0x0000024bcab70800 nmethod 18914 0x0000024bbe01c710 code [0x0000024bbe01ca80, 0x0000024bbe0201f0]
Event: 647.167 Thread 0x0000024bcab70800 18915 %s!   4       org.eclipse.debug.core.sourcelookup.containers.ExternalArchiveSourceContainer::searchRoots @ 103 (420 bytes)

GC Heap History (10 events):
Event: 607.963 GC heap before
{Heap before GC invocations=92 (full 0):
 garbage-first heap   total 349184K, used 172484K [0x00000000c0000000, 0x0000000100000000)
  region size 1024K, 17 young (17408K), 12 survivors (12288K)
 Metaspace       used 78794K, capacity 82031K, committed 82264K, reserved 1122304K
  class space    used 7244K, capacity 8514K, committed 8536K, reserved 1048576K
}
Event: 607.972 GC heap after
{Heap after GC invocations=93 (full 0):
 garbage-first heap   total 349184K, used 144391K [0x00000000c0000000, 0x0000000100000000)
  region size 1024K, 3 young (3072K), 3 survivors (3072K)
 Metaspace       used 78794K, capacity 82031K, committed 82264K, reserved 1122304K
  class space    used 7244K, capacity 8514K, committed 8536K, reserved 1048576K
}
Event: 609.421 GC heap before
{Heap before GC invocations=93 (full 0):
 garbage-first heap   total 349184K, used 233479K [0x00000000c0000000, 0x0000000100000000)
  region size 1024K, 90 young (92160K), 3 survivors (3072K)
 Metaspace       used 78834K, capacity 82096K, committed 82264K, reserved 1122304K
  class space    used 7246K, capacity 8514K, committed 8536K, reserved 1048576K
}
Event: 609.432 GC heap after
{Heap after GC invocations=94 (full 0):
 garbage-first heap   total 349184K, used 178746K [0x00000000c0000000, 0x0000000100000000)
  region size 1024K, 12 young (12288K), 12 survivors (12288K)
 Metaspace       used 78834K, capacity 82096K, committed 82264K, reserved 1122304K
  class space    used 7246K, capacity 8514K, committed 8536K, reserved 1048576K
}
Event: 610.974 GC heap before
{Heap before GC invocations=95 (full 0):
 garbage-first heap   total 349184K, used 239162K [0x00000000c0000000, 0x0000000100000000)
  region size 1024K, 76 young (77824K), 12 survivors (12288K)
 Metaspace       used 78885K, capacity 82096K, committed 82264K, reserved 1122304K
  class space    used 7246K, capacity 8514K, committed 8536K, reserved 1048576K
}
Event: 610.981 GC heap after
{Heap after GC invocations=96 (full 0):
 garbage-first heap   total 349184K, used 173500K [0x00000000c0000000, 0x0000000100000000)
  region size 1024K, 7 young (7168K), 7 survivors (7168K)
 Metaspace       used 78885K, capacity 82096K, committed 82264K, reserved 1122304K
  class space    used 7246K, capacity 8514K, committed 8536K, reserved 1048576K
}
Event: 611.011 GC heap before
{Heap before GC invocations=96 (full 0):
 garbage-first heap   total 349184K, used 183740K [0x00000000c0000000, 0x0000000100000000)
  region size 1024K, 17 young (17408K), 7 survivors (7168K)
 Metaspace       used 78898K, capacity 82160K, committed 82264K, reserved 1122304K
  class space    used 7246K, capacity 8514K, committed 8536K, reserved 1048576K
}
Event: 611.021 GC heap after
{Heap after GC invocations=97 (full 0):
 garbage-first heap   total 349184K, used 153310K [0x00000000c0000000, 0x0000000100000000)
  region size 1024K, 1 young (1024K), 1 survivors (1024K)
 Metaspace       used 78898K, capacity 82160K, committed 82264K, reserved 1122304K
  class space    used 7246K, capacity 8514K, committed 8536K, reserved 1048576K
}
Event: 647.089 GC heap before
{Heap before GC invocations=97 (full 0):
 garbage-first heap   total 349184K, used 178910K [0x00000000c0000000, 0x0000000100000000)
  region size 1024K, 28 young (28672K), 1 survivors (1024K)
 Metaspace       used 78931K, capacity 82224K, committed 82264K, reserved 1122304K
  class space    used 7246K, capacity 8514K, committed 8536K, reserved 1048576K
}
Event: 647.095 GC heap after
{Heap after GC invocations=98 (full 0):
 garbage-first heap   total 349184K, used 152994K [0x00000000c0000000, 0x0000000100000000)
  region size 1024K, 1 young (1024K), 1 survivors (1024K)
 Metaspace       used 78931K, capacity 82224K, committed 82264K, reserved 1122304K
  class space    used 7246K, capacity 8514K, committed 8536K, reserved 1048576K
}

Deoptimization events (10 events):
Event: 608.483 Thread 0x0000024bd15e5000 Uncommon trap: reason=class_check action=maybe_recompile pc=0x0000024bbe1da1b4 method=org.eclipse.jdt.internal.compiler.lookup.Scope.findMethod0(Lorg/eclipse/jdt/internal/compiler/lookup/ReferenceBinding;[C[Lorg/eclipse/jdt/internal/compiler/lookup/TypeBi
Event: 608.485 Thread 0x0000024bd15e5000 Uncommon trap: reason=unstable_if action=reinterpret pc=0x0000024bbe5694a8 method=org.eclipse.jdt.internal.core.manipulation.dom.ASTResolving.isWriteAccess(Lorg/eclipse/jdt/core/dom/Name;)Z @ 14 c2
Event: 608.553 Thread 0x0000024bd15e5000 Uncommon trap: reason=class_check action=maybe_recompile pc=0x0000024bbe5dd174 method=org.eclipse.jdt.internal.compiler.ast.MessageSend.resolveType(Lorg/eclipse/jdt/internal/compiler/lookup/BlockScope;)Lorg/eclipse/jdt/internal/compiler/lookup/TypeBinding
Event: 608.553 Thread 0x0000024bd15e5000 Uncommon trap: reason=class_check action=maybe_recompile pc=0x0000024bbe1da1b4 method=org.eclipse.jdt.internal.compiler.lookup.Scope.findMethod0(Lorg/eclipse/jdt/internal/compiler/lookup/ReferenceBinding;[C[Lorg/eclipse/jdt/internal/compiler/lookup/TypeBi
Event: 608.554 Thread 0x0000024bd15e5000 Uncommon trap: reason=unstable_if action=reinterpret pc=0x0000024bbde3a308 method=java.util.HashMap.putVal(ILjava/lang/Object;Ljava/lang/Object;ZZ)Ljava/lang/Object; @ 109 c2
Event: 608.560 Thread 0x0000024bd15e5000 Uncommon trap: reason=class_check action=maybe_recompile pc=0x0000024bbe5dd174 method=org.eclipse.jdt.internal.compiler.ast.MessageSend.resolveType(Lorg/eclipse/jdt/internal/compiler/lookup/BlockScope;)Lorg/eclipse/jdt/internal/compiler/lookup/TypeBinding
Event: 608.560 Thread 0x0000024bd15e5000 Uncommon trap: reason=class_check action=maybe_recompile pc=0x0000024bbe1da1b4 method=org.eclipse.jdt.internal.compiler.lookup.Scope.findMethod0(Lorg/eclipse/jdt/internal/compiler/lookup/ReferenceBinding;[C[Lorg/eclipse/jdt/internal/compiler/lookup/TypeBi
Event: 608.587 Thread 0x0000024bd15e5000 Uncommon trap: reason=unstable_if action=reinterpret pc=0x0000024bbe01e520 method=org.eclipse.jdt.internal.compiler.lookup.Scope.getBinding([CILorg/eclipse/jdt/internal/compiler/lookup/InvocationSite;Z)Lorg/eclipse/jdt/internal/compiler/lookup/Binding; @ 
Event: 608.654 Thread 0x0000024bd15e5000 Uncommon trap: reason=class_check action=maybe_recompile pc=0x0000024bbe5dd174 method=org.eclipse.jdt.internal.compiler.ast.MessageSend.resolveType(Lorg/eclipse/jdt/internal/compiler/lookup/BlockScope;)Lorg/eclipse/jdt/internal/compiler/lookup/TypeBinding
Event: 608.654 Thread 0x0000024bd15e5000 Uncommon trap: reason=class_check action=maybe_recompile pc=0x0000024bbe1da1b4 method=org.eclipse.jdt.internal.compiler.lookup.Scope.findMethod0(Lorg/eclipse/jdt/internal/compiler/lookup/ReferenceBinding;[C[Lorg/eclipse/jdt/internal/compiler/lookup/TypeBi

Classes redefined (0 events):
No events

Internal exceptions (10 events):
Event: 647.166 Thread 0x0000024bd15e9000 Exception <a 'sun/nio/fs/WindowsException'{0x00000000d4a7d560}> (0x00000000d4a7d560) thrown at [./open/src/hotspot/share/prims/jni.cpp, line 611]
Event: 647.167 Thread 0x0000024bd15e9000 Exception <a 'sun/nio/fs/WindowsException'{0x00000000d4a806f0}> (0x00000000d4a806f0) thrown at [./open/src/hotspot/share/prims/jni.cpp, line 611]
Event: 647.168 Thread 0x0000024bd15e9000 Exception <a 'sun/nio/fs/WindowsException'{0x00000000d4ad5be0}> (0x00000000d4ad5be0) thrown at [./open/src/hotspot/share/prims/jni.cpp, line 611]
Event: 647.169 Thread 0x0000024bd15e9000 Exception <a 'sun/nio/fs/WindowsException'{0x00000000d4ad8b08}> (0x00000000d4ad8b08) thrown at [./open/src/hotspot/share/prims/jni.cpp, line 611]
Event: 647.171 Thread 0x0000024bd15e9000 Exception <a 'sun/nio/fs/WindowsException'{0x00000000d4935be8}> (0x00000000d4935be8) thrown at [./open/src/hotspot/share/prims/jni.cpp, line 611]
Event: 647.172 Thread 0x0000024bd15e9000 Exception <a 'sun/nio/fs/WindowsException'{0x00000000d4938da8}> (0x00000000d4938da8) thrown at [./open/src/hotspot/share/prims/jni.cpp, line 611]
Event: 647.173 Thread 0x0000024bd15e9000 Exception <a 'sun/nio/fs/WindowsException'{0x00000000d4993708}> (0x00000000d4993708) thrown at [./open/src/hotspot/share/prims/jni.cpp, line 611]
Event: 647.174 Thread 0x0000024bd15e9000 Exception <a 'sun/nio/fs/WindowsException'{0x00000000d49968d8}> (0x00000000d49968d8) thrown at [./open/src/hotspot/share/prims/jni.cpp, line 611]
Event: 647.176 Thread 0x0000024bd15e9000 Exception <a 'sun/nio/fs/WindowsException'{0x00000000d49f7fb0}> (0x00000000d49f7fb0) thrown at [./open/src/hotspot/share/prims/jni.cpp, line 611]
Event: 647.177 Thread 0x0000024bd15e9000 Exception <a 'sun/nio/fs/WindowsException'{0x00000000d49fb1d0}> (0x00000000d49fb1d0) thrown at [./open/src/hotspot/share/prims/jni.cpp, line 611]

Events (10 events):
Event: 647.089 Executing VM operation: G1CollectForAllocation
Event: 647.095 Executing VM operation: G1CollectForAllocation done
Event: 647.130 Executing VM operation: RevokeBias
Event: 647.130 Executing VM operation: RevokeBias done
Event: 647.130 Thread 0x0000024bd15e9000 DEOPT PACKING pc=0x0000024bb8510a4f sp=0x000000a612efe070
Event: 647.130 Thread 0x0000024bd15e9000 DEOPT UNPACKING pc=0x0000024bb5f58d4e sp=0x000000a612efd628 mode 0
Event: 647.170 Executing VM operation: RevokeBias
Event: 647.170 Executing VM operation: RevokeBias done
Event: 647.170 Thread 0x0000024bd15e9000 DEOPT PACKING pc=0x0000024bb8510a4f sp=0x000000a612efdfb0
Event: 647.170 Thread 0x0000024bd15e9000 DEOPT UNPACKING pc=0x0000024bb5f58d4e sp=0x000000a612efd568 mode 0


Dynamic libraries:
0x00007ff6def80000 - 0x00007ff6def8f000 	C:\Program Files\Java\jdk-11.0.8\bin\java.exe
0x00007ffb948e0000 - 0x00007ffb94ad0000 	C:\WINDOWS\SYSTEM32\ntdll.dll
0x00007ffb93820000 - 0x00007ffb938d2000 	C:\WINDOWS\System32\KERNEL32.DLL
0x00007ffb91cb0000 - 0x00007ffb91f54000 	C:\WINDOWS\System32\KERNELBASE.dll
0x00007ffb91bb0000 - 0x00007ffb91caa000 	C:\WINDOWS\System32\ucrtbase.dll
0x00007ffb1bfb0000 - 0x00007ffb1bfc5000 	C:\Program Files\Java\jdk-11.0.8\bin\VCRUNTIME140.dll
0x00007ffb1e2b0000 - 0x00007ffb1e2c8000 	C:\Program Files\Java\jdk-11.0.8\bin\jli.dll
0x00007ffb942a0000 - 0x00007ffb94343000 	C:\WINDOWS\System32\ADVAPI32.dll
0x00007ffb93200000 - 0x00007ffb9329e000 	C:\WINDOWS\System32\msvcrt.dll
0x00007ffb93a30000 - 0x00007ffb93ac7000 	C:\WINDOWS\System32\sechost.dll
0x00007ffb929a0000 - 0x00007ffb92ac0000 	C:\WINDOWS\System32\RPCRT4.dll
0x00007ffb934c0000 - 0x00007ffb93654000 	C:\WINDOWS\System32\USER32.dll
0x00007ffb92130000 - 0x00007ffb92151000 	C:\WINDOWS\System32\win32u.dll
0x00007ffb92d20000 - 0x00007ffb92d46000 	C:\WINDOWS\System32\GDI32.dll
0x00007ffb91f60000 - 0x00007ffb920f6000 	C:\WINDOWS\System32\gdi32full.dll
0x00007ffb928f0000 - 0x00007ffb9298e000 	C:\WINDOWS\System32\msvcp_win.dll
0x00007ffb6f490000 - 0x00007ffb6f714000 	C:\WINDOWS\WinSxS\amd64_microsoft.windows.common-controls_6595b64144ccf1df_6.0.18362.959_none_e6c7bbbf130c62bb\COMCTL32.dll
0x00007ffb92d50000 - 0x00007ffb93085000 	C:\WINDOWS\System32\combase.dll
0x00007ffb86330000 - 0x00007ffb8633a000 	C:\WINDOWS\SYSTEM32\VERSION.dll
0x00007ffb91b10000 - 0x00007ffb91b90000 	C:\WINDOWS\System32\bcryptPrimitives.dll
0x00007ffb92cf0000 - 0x00007ffb92d1e000 	C:\WINDOWS\System32\IMM32.DLL
0x00007ffb1bf10000 - 0x00007ffb1bfab000 	C:\Program Files\Java\jdk-11.0.8\bin\msvcp140.dll
0x00007ffb18b90000 - 0x00007ffb19676000 	C:\Program Files\Java\jdk-11.0.8\bin\server\jvm.dll
0x00007ffb92990000 - 0x00007ffb92998000 	C:\WINDOWS\System32\PSAPI.DLL
0x00007ffb72520000 - 0x00007ffb72529000 	C:\WINDOWS\SYSTEM32\WSOCK32.dll
0x00007ffb93450000 - 0x00007ffb934bf000 	C:\WINDOWS\System32\WS2_32.dll
0x00007ffb82230000 - 0x00007ffb82254000 	C:\WINDOWS\SYSTEM32\WINMM.dll
0x00007ffb80a80000 - 0x00007ffb80aad000 	C:\WINDOWS\SYSTEM32\WINMMBASE.dll
0x00007ffb91ac0000 - 0x00007ffb91b0a000 	C:\WINDOWS\System32\cfgmgr32.dll
0x00007ffb91840000 - 0x00007ffb91851000 	C:\WINDOWS\System32\kernel.appcore.dll
0x00007ffb5d330000 - 0x00007ffb5d340000 	C:\Program Files\Java\jdk-11.0.8\bin\verify.dll
0x00007ffb900d0000 - 0x00007ffb902c4000 	C:\WINDOWS\SYSTEM32\DBGHELP.DLL
0x00007ffb70250000 - 0x00007ffb7027a000 	C:\WINDOWS\SYSTEM32\dbgcore.DLL
0x00007ffb18b60000 - 0x00007ffb18b88000 	C:\Program Files\Java\jdk-11.0.8\bin\java.dll
0x00007ffb5a190000 - 0x00007ffb5a19a000 	C:\Program Files\Java\jdk-11.0.8\bin\jimage.dll
0x00007ffb1bef0000 - 0x00007ffb1bf06000 	C:\Program Files\Java\jdk-11.0.8\bin\zip.dll
0x00007ffb93ad0000 - 0x00007ffb941b6000 	C:\WINDOWS\System32\SHELL32.dll
0x00007ffb93140000 - 0x00007ffb931e9000 	C:\WINDOWS\System32\shcore.dll
0x00007ffb92160000 - 0x00007ffb928e2000 	C:\WINDOWS\System32\windows.storage.dll
0x00007ffb91810000 - 0x00007ffb91833000 	C:\WINDOWS\System32\profapi.dll
0x00007ffb917a0000 - 0x00007ffb917ea000 	C:\WINDOWS\System32\powrprof.dll
0x00007ffb91790000 - 0x00007ffb917a0000 	C:\WINDOWS\System32\UMPDC.dll
0x00007ffb93900000 - 0x00007ffb93952000 	C:\WINDOWS\System32\shlwapi.dll
0x00007ffb91b90000 - 0x00007ffb91ba7000 	C:\WINDOWS\System32\cryptsp.dll
0x00007ffb18b40000 - 0x00007ffb18b59000 	C:\Program Files\Java\jdk-11.0.8\bin\net.dll
0x00007ffb8aad0000 - 0x00007ffb8abc0000 	C:\WINDOWS\SYSTEM32\WINHTTP.dll
0x00007ffb91000000 - 0x00007ffb91067000 	C:\WINDOWS\system32\mswsock.dll
0x00007ffb18b20000 - 0x00007ffb18b32000 	C:\Program Files\Java\jdk-11.0.8\bin\nio.dll
0x00007ffb90b70000 - 0x00007ffb90ba3000 	C:\WINDOWS\system32\rsaenh.dll
0x00007ffb92100000 - 0x00007ffb92126000 	C:\WINDOWS\System32\bcrypt.dll
0x00007ffb916b0000 - 0x00007ffb916d5000 	C:\WINDOWS\SYSTEM32\USERENV.dll
0x00007ffb911d0000 - 0x00007ffb911dc000 	C:\WINDOWS\SYSTEM32\CRYPTBASE.dll
0x00007ffb90d10000 - 0x00007ffb90d4a000 	C:\WINDOWS\SYSTEM32\IPHLPAPI.DLL
0x00007ffb941c0000 - 0x00007ffb941c8000 	C:\WINDOWS\System32\NSI.dll
0x00007ffb84f40000 - 0x00007ffb84f56000 	C:\WINDOWS\SYSTEM32\dhcpcsvc6.DLL
0x00007ffb86740000 - 0x00007ffb8675c000 	C:\WINDOWS\SYSTEM32\dhcpcsvc.DLL
0x00007ffb90d50000 - 0x00007ffb90e1b000 	C:\WINDOWS\SYSTEM32\DNSAPI.dll
0x00007ffb18ac0000 - 0x00007ffb18ae9000 	C:\Users\theme\AppData\Roaming\Code\User\globalStorage\redhat.java\0.65.0\config_win\org.eclipse.equinox.launcher\org.eclipse.equinox.launcher.win32.win32.x86_64_1.1.1200.v20200508-1552\eclipse_11000.dll
0x00007ffb64d80000 - 0x00007ffb64d91000 	C:\Users\theme\AppData\Roaming\Code\User\globalStorage\redhat.java\0.65.0\config_win\org.eclipse.osgi\20\0\.cp\jWinHttp-1.0.0.dll
0x00007ffb93660000 - 0x00007ffb937b7000 	C:\WINDOWS\System32\ole32.dll
0x00007ffb877e0000 - 0x00007ffb877ed000 	C:\Program Files\Java\jdk-11.0.8\bin\sunmscapi.dll
0x00007ffb91860000 - 0x00007ffb919a9000 	C:\WINDOWS\System32\CRYPT32.dll
0x00007ffb917f0000 - 0x00007ffb91802000 	C:\WINDOWS\System32\MSASN1.dll
0x00007ffb912d0000 - 0x00007ffb912f6000 	C:\WINDOWS\SYSTEM32\ncrypt.dll
0x00007ffb91290000 - 0x00007ffb912cb000 	C:\WINDOWS\SYSTEM32\NTASN1.dll
0x00007ffb877b0000 - 0x00007ffb877d5000 	C:\Program Files\Java\jdk-11.0.8\bin\sunec.dll

dbghelp: loaded successfully - version: 4.0.5 - missing functions: none
symbol engine: initialized successfully - sym options: 0x614 - pdb path: .;C:\Program Files\Java\jdk-11.0.8\bin;C:\WINDOWS\SYSTEM32;C:\WINDOWS\WinSxS\amd64_microsoft.windows.common-controls_6595b64144ccf1df_6.0.18362.959_none_e6c7bbbf130c62bb;C:\Program Files\Java\jdk-11.0.8\bin\server;C:\Users\theme\AppData\Roaming\Code\User\globalStorage\redhat.java\0.65.0\config_win\org.eclipse.equinox.launcher\org.eclipse.equinox.launcher.win32.win32.x86_64_1.1.1200.v20200508-1552;C:\Users\theme\AppData\Roaming\Code\User\globalStorage\redhat.java\0.65.0\config_win\org.eclipse.osgi\20\0\.cp

VM Arguments:
jvm_args: --add-modules=ALL-SYSTEM --add-opens=java.base/java.util=ALL-UNNAMED --add-opens=java.base/java.lang=ALL-UNNAMED -Declipse.application=org.eclipse.jdt.ls.core.id1 -Dosgi.bundles.defaultStartLevel=4 -Declipse.product=org.eclipse.jdt.ls.core.product -DwatchParentProcess=false -Xverify:none -Dfile.encoding=utf8 -Xmx1G -XX:+UseG1GC -XX:+UseStringDeduplication 
java_command: c:\Users\theme\.vscode\extensions\redhat.java-0.65.0\server\plugins\org.eclipse.equinox.launcher_1.5.700.v20200207-2156.jar -configuration c:\Users\theme\AppData\Roaming\Code\User\globalStorage\redhat.java\0.65.0\config_win -data c:\Users\theme\AppData\Roaming\Code\User\workspaceStorage\0ac79b11357df010d3d577cea51251a8\redhat.java\jdt_ws
java_class_path (initial): c:\Users\theme\.vscode\extensions\redhat.java-0.65.0\server\plugins\org.eclipse.equinox.launcher_1.5.700.v20200207-2156.jar
Launcher Type: SUN_STANDARD

[Global flags]
     bool BytecodeVerificationLocal                = false                                     {product} {command line}
     bool BytecodeVerificationRemote               = false                                     {product} {command line}
     intx CICompilerCount                          = 4                                         {product} {ergonomic}
     uint ConcGCThreads                            = 2                                         {product} {ergonomic}
     uint G1ConcRefinementThreads                  = 8                                         {product} {ergonomic}
   size_t G1HeapRegionSize                         = 1048576                                   {product} {ergonomic}
    uintx GCDrainStackTargetSize                   = 64                                        {product} {ergonomic}
   size_t InitialHeapSize                          = 264241152                                 {product} {ergonomic}
   size_t MarkStackSize                            = 4194304                                   {product} {ergonomic}
   size_t MaxHeapSize                              = 1073741824                                {product} {command line}
   size_t MaxNewSize                               = 643825664                                 {product} {ergonomic}
   size_t MinHeapDeltaBytes                        = 1048576                                   {product} {ergonomic}
    uintx NonNMethodCodeHeapSize                   = 5836300                                {pd product} {ergonomic}
    uintx NonProfiledCodeHeapSize                  = 122910970                              {pd product} {ergonomic}
    uintx ProfiledCodeHeapSize                     = 122910970                              {pd product} {ergonomic}
    uintx ReservedCodeCacheSize                    = 251658240                              {pd product} {ergonomic}
     bool SegmentedCodeCache                       = true                                      {product} {ergonomic}
     bool UseCompressedClassPointers               = true                                 {lp64_product} {ergonomic}
     bool UseCompressedOops                        = true                                 {lp64_product} {ergonomic}
     bool UseG1GC                                  = true                                      {product} {command line}
     bool UseLargePagesIndividualAllocation        = false                                  {pd product} {ergonomic}
     bool UseStringDeduplication                   = true                                      {product} {command line}

Logging:
Log output configuration:
 #0: stdout all=warning uptime,level,tags
 #1: stderr all=off uptime,level,tags

Environment Variables:
JAVA_HOME=C:\Program Files\Java\jdk-11.0.8
PATH=C:\Program Files\Common Files\Oracle\Java\javapath;C:\Program Files (x86)\Common Files\Oracle\Java\javapath;C:\WINDOWS\system32;C:\WINDOWS;C:\WINDOWS\System32\Wbem;C:\WINDOWS\System32\WindowsPowerShell\v1.0\;C:\WINDOWS\System32\OpenSSH\;C:\Program Files\Intel\WiFi\bin\;C:\Program Files\Common Files\Intel\WirelessCommon\;C:\Program Files\Microsoft SQL Server\130\Tools\Binn\;C:\Program Files\Microsoft SQL Server\Client SDK\ODBC\170\Tools\Binn\;C:\Program Files\dotnet\;C:\Program Files\Java\jdk1.8.0_241\bin;"%CATALINA_HOME%\bin;";C:\Program Files\nodejs\;C:\Program Files (x86)\Yarn\bin\;C:\Program Files\MySQL\MySQL Server 8.0\bin;C:\Program Files\Git\cmd;C:\Program Files\MySQL\MySQL Shell 8.0\bin\;C:\Ruby26-x64\bin;C:\Users\theme\AppData\Local\Microsoft\WindowsApps;C:\Users\theme\AppData\Local\GitHubDesktop\bin;C:\OpenSSL-Win64\bin;C:\Program Files\JetBrains\IntelliJ IDEA Community Edition 2019.3.4\bin;;C:\Program Files\apache-tomcat-9.0.33\bin;C:\Users\theme\AppData\Roaming\npm;C:\Users\theme\AppData\Local\Yarn\bin;C:\Users\theme\AppData\Local\Programs\Microsoft VS Code\bin
USERNAME=theme
OS=Windows_NT
PROCESSOR_IDENTIFIER=Intel64 Family 6 Model 142 Stepping 11, GenuineIntel



---------------  S Y S T E M  ---------------

OS: Windows 10 , 64 bit Build 18362 (10.0.18362.959)

CPU:total 8 (initial active 8) (4 cores per cpu, 2 threads per core) family 6 model 142 stepping 11, cmov, cx8, fxsr, mmx, sse, sse2, sse3, ssse3, sse4.1, sse4.2, popcnt, avx, avx2, aes, clmul, erms, 3dnowpref, lzcnt, ht, tsc, tscinvbit, bmi1, bmi2, adx, fma

Memory: 4k page, system-wide physical 16121M (9471M free)
TotalPageFile size 18553M (AvailPageFile size 10533M)
current process WorkingSet (physical memory assigned to process): 635M, peak: 663M
current process commit charge ("private bytes"): 672M, peak: 700M

vm_info: Java HotSpot(TM) 64-Bit Server VM (11.0.8+10-LTS) for windows-amd64 JRE (11.0.8+10-LTS), built on Jun 16 2020 05:53:08 by "mach5one" with unknown MS VC++:1916

END.
