#
# A fatal error has been detected by the Java Runtime Environment:
#
#  EXCEPTION_ACCESS_VIOLATION (0xc0000005) at pc=0x00007ffba2f1f640, pid=18928, tid=19320
#
# JRE version: Java(TM) SE Runtime Environment 18.9 (11.0.8+10) (build 11.0.8+10-LTS)
# Java VM: Java HotSpot(TM) 64-Bit Server VM 18.9 (11.0.8+10-LTS, mixed mode, tiered, compressed oops, g1 gc, windows-amd64)
# Problematic frame:
# V  [jvm.dll+0x7ff640]
#
# No core dump will be written. Minidumps are not enabled by default on client versions of Windows
#
# If you would like to submit a bug report, please visit:
#   https://bugreport.java.com/bugreport/crash.jsp
#

---------------  S U M M A R Y ------------

Command Line: --add-modules=ALL-SYSTEM --add-opens=java.base/java.util=ALL-UNNAMED --add-opens=java.base/java.lang=ALL-UNNAMED -Declipse.application=org.eclipse.jdt.ls.core.id1 -Dosgi.bundles.defaultStartLevel=4 -Declipse.product=org.eclipse.jdt.ls.core.product -DwatchParentProcess=false -Xverify:none -Dfile.encoding=utf8 -Xmx1G -XX:+UseG1GC -XX:+UseStringDeduplication c:\Users\theme\.vscode\extensions\redhat.java-0.65.0\server\plugins\org.eclipse.equinox.launcher_1.5.700.v20200207-2156.jar -configuration c:\Users\theme\AppData\Roaming\Code\User\globalStorage\redhat.java\0.65.0\config_win -data c:\Users\theme\AppData\Roaming\Code\User\workspaceStorage\0ac79b11357df010d3d577cea51251a8\redhat.java\jdt_ws

Host: Intel(R) Core(TM) i7-8565U CPU @ 1.80GHz, 8 cores, 15G,  Windows 10 , 64 bit Build 18362 (10.0.18362.959)
Time: Sat Aug  1 11:45:47 2020 ???? (?W?€??) elapsed time: 958 seconds (0d 0h 15m 58s)

---------------  T H R E A D  ---------------

Current thread (0x0000026c7e852000):  JavaThread "C2 CompilerThread0" daemon [_thread_in_native, id=19320, stack(0x000000e82fb00000,0x000000e82fc00000)]


Current CompileTask:
C2: 958803 19123 %s!   4       org.eclipse.debug.core.sourcelookup.containers.ExternalArchiveSourceContainer::searchRoots @ 103 (420 bytes)

Stack: [0x000000e82fb00000,0x000000e82fc00000],  sp=0x000000e82fbfb1f8,  free space=1004k
Native frames: (J=compiled Java code, j=interpreted, Vv=VM code, C=native code)
V  [jvm.dll+0x7ff640]


siginfo: EXCEPTION_ACCESS_VIOLATION (0xc0000005), data execution prevention violation at address 0x00007ffba2f1f640


Register to memory mapping:

RIP=0x00007ffba2f1f640 jvm.dll
RAX=0x0000026c0eb0d590 points into unknown readable memory: 40 f6 f1 a2 fb 7f 00 00
RBX=0x0000000000000096 is an unknown value
RCX=0x0000026c7e9c0100 points into unknown readable memory: 90 d5 b0 0e 6c 02 00 00
RDX=0x0000026c0eb0f1c8 points into unknown readable memory: 40 f6 f1 a2 fb 7f 00 00
RSP=0x000000e82fbfb1f8 is pointing into the stack for thread: 0x0000026c7e852000
RBP=0x0 is NULL
RSI=0x0000026c7e9c0100 points into unknown readable memory: 90 d5 b0 0e 6c 02 00 00
RDI=0x0000026c0e3d6130 points into unknown readable memory: f0 ed 3c 0e 6c 02 00 00
R8 =0x000000e82fbfc2d0 is pointing into the stack for thread: 0x0000026c7e852000
R9 =0x0000026c7e9c00f8 points into unknown readable memory: 00 01 9c 7e 6c 02 00 00
R10=0x0 is NULL
R11=0x0000000000000246 is an unknown value
R12=0x000000e82fbfb2e0 is pointing into the stack for thread: 0x0000026c7e852000
R13=0x0 is NULL
R14=0x0000026c7dfb5100 points into unknown readable memory: 69 a2 2b d3 00 00 00 5a
R15=0x000000e82fbfb328 is pointing into the stack for thread: 0x0000026c7e852000


Registers:
RAX=0x0000026c0eb0d590, RBX=0x0000000000000096, RCX=0x0000026c7e9c0100, RDX=0x0000026c0eb0f1c8
RSP=0x000000e82fbfb1f8, RBP=0x0000000000000000, RSI=0x0000026c7e9c0100, RDI=0x0000026c0e3d6130
R8 =0x000000e82fbfc2d0, R9 =0x0000026c7e9c00f8, R10=0x0000000000000000, R11=0x0000000000000246
R12=0x000000e82fbfb2e0, R13=0x0000000000000000, R14=0x0000026c7dfb5100, R15=0x000000e82fbfb328
RIP=0x00007ffba2f1f640, EFLAGS=0x0000000000010297

Top of Stack: (sp=0x000000e82fbfb1f8)
0x000000e82fbfb1f8:   00007ffba2c458b8 0000000000000096
0x000000e82fbfb208:   000000e82fbfb3a0 000000e82fbfc2d0
0x000000e82fbfb218:   0000026c7eeaac80 0000026c7dfb51d8
0x000000e82fbfb228:   0000000000000002 000000e82fbfb328
0x000000e82fbfb238:   000000e82fbfb2e0 0000026c0e3cedf0
0x000000e82fbfb248:   00007ffba2c45801 0000000000000000
0x000000e82fbfb258:   000000e82fbfb3a0 000000e82fbfc2d0
0x000000e82fbfb268:   0000000000000002 0000026c7dfb5100
0x000000e82fbfb278:   00007ffba2f48088 0000026c7e83b4a0
0x000000e82fbfb288:   0000026c7dfb5100 000000000000007f
0x000000e82fbfb298:   00007ffba2c43a8c 000000e82fbfc2d0
0x000000e82fbfb2a8:   000000e800000608 000000e82fbfc2d0
0x000000e82fbfb2b8:   0000026c0da56810 00000000000003ff
0x000000e82fbfb2c8:   0000000000000807 0000000000000005
0x000000e82fbfb2d8:   00007ffb01000809 00007ffba2fab460
0x000000e82fbfb2e8:   0000026c7e83b4a0 0000000000000002 

Instructions: (pc=0x00007ffba2f1f640)
0x00007ffba2f1f620:   00 c2 72 a2 fb 7f 00 00 20 22 cf a2 fb 7f 00 00
0x00007ffba2f1f630:   f0 83 e8 a2 fb 7f 00 00 30 19 01 a3 fb 7f 00 00
0x00007ffba2f1f640:   40 b6 78 a2 fb 7f 00 00 40 31 79 a2 fb 7f 00 00
0x00007ffba2f1f650:   90 07 73 a2 fb 7f 00 00 50 99 72 a2 fb 7f 00 00 


Stack slot to memory mapping:
stack at sp + 0 slots: 0x00007ffba2c458b8 jvm.dll
stack at sp + 1 slots: 0x0000000000000096 is an unknown value
stack at sp + 2 slots: 0x000000e82fbfb3a0 is pointing into the stack for thread: 0x0000026c7e852000
stack at sp + 3 slots: 0x000000e82fbfc2d0 is pointing into the stack for thread: 0x0000026c7e852000
stack at sp + 4 slots: 0x0000026c7eeaac80 points into unknown readable memory: 00 00 00 00 00 00 00 00
stack at sp + 5 slots: 0x0000026c7dfb51d8 points into unknown readable memory: 00 20 85 7e 6c 02 00 00
stack at sp + 6 slots: 0x0000000000000002 is an unknown value
stack at sp + 7 slots: 0x000000e82fbfb328 is pointing into the stack for thread: 0x0000026c7e852000


---------------  P R O C E S S  ---------------

Threads class SMR info:
_java_thread_list=0x0000026c0e1c0b30, length=36, elements={
0x0000026c5f879000, 0x0000026c7e7e0800, 0x0000026c7e823800, 0x0000026c7e84a000,
0x0000026c7e84d000, 0x0000026c7e852000, 0x0000026c7e857000, 0x0000026c7e858000,
0x0000026c7df76000, 0x0000026c7ed13000, 0x0000026c7f2fa000, 0x0000026c003af000,
0x0000026c7eeb9000, 0x0000026c00882800, 0x0000026c00abf800, 0x0000026c026c1800,
0x0000026c026c0000, 0x0000026c026c2800, 0x0000026c026c3000, 0x0000026c026c5000,
0x0000026c0ddd0800, 0x0000026c0ddcc800, 0x0000026c0ddca800, 0x0000026c0ddd1000,
0x0000026c0ddd5800, 0x0000026c0ddd2000, 0x0000026c0368d800, 0x0000026c03690800,
0x0000026c0ddcb800, 0x0000026c0ddcf000, 0x0000026c0ddcf800, 0x0000026c0ddd3000,
0x0000026c0ddcd000, 0x0000026c0ddce000, 0x0000026c0ddd3800, 0x0000026c0ddd7000
}

Java Threads: ( => current thread )
  0x0000026c5f879000 JavaThread "main" [_thread_blocked, id=19148, stack(0x000000e82ef00000,0x000000e82f000000)]
  0x0000026c7e7e0800 JavaThread "Reference Handler" daemon [_thread_blocked, id=19264, stack(0x000000e82f700000,0x000000e82f800000)]
  0x0000026c7e823800 JavaThread "Finalizer" daemon [_thread_blocked, id=19268, stack(0x000000e82f800000,0x000000e82f900000)]
  0x0000026c7e84a000 JavaThread "Signal Dispatcher" daemon [_thread_blocked, id=19312, stack(0x000000e82f900000,0x000000e82fa00000)]
  0x0000026c7e84d000 JavaThread "Attach Listener" daemon [_thread_blocked, id=19316, stack(0x000000e82fa00000,0x000000e82fb00000)]
=>0x0000026c7e852000 JavaThread "C2 CompilerThread0" daemon [_thread_in_native, id=19320, stack(0x000000e82fb00000,0x000000e82fc00000)]
  0x0000026c7e857000 JavaThread "C1 CompilerThread0" daemon [_thread_blocked, id=19324, stack(0x000000e82fc00000,0x000000e82fd00000)]
  0x0000026c7e858000 JavaThread "Sweeper thread" daemon [_thread_blocked, id=19328, stack(0x000000e82fd00000,0x000000e82fe00000)]
  0x0000026c7df76000 JavaThread "Common-Cleaner" daemon [_thread_blocked, id=19416, stack(0x000000e82fe00000,0x000000e82ff00000)]
  0x0000026c7ed13000 JavaThread "Service Thread" daemon [_thread_blocked, id=5140, stack(0x000000e830000000,0x000000e830100000)]
  0x0000026c7f2fa000 JavaThread "Active Thread: Equinox Container: 2329ad03-bf44-404d-bd8d-398850ca33ec" [_thread_blocked, id=15780, stack(0x000000e830300000,0x000000e830400000)]
  0x0000026c003af000 JavaThread "Framework Event Dispatcher: Equinox Container: 2329ad03-bf44-404d-bd8d-398850ca33ec" daemon [_thread_blocked, id=11792, stack(0x000000e830400000,0x000000e830500000)]
  0x0000026c7eeb9000 JavaThread "Start Level: Equinox Container: 2329ad03-bf44-404d-bd8d-398850ca33ec" daemon [_thread_blocked, id=18704, stack(0x000000e830500000,0x000000e830600000)]
  0x0000026c00882800 JavaThread "Worker-JM" [_thread_blocked, id=18668, stack(0x000000e82ff00000,0x000000e830000000)]
  0x0000026c00abf800 JavaThread "Java indexing" daemon [_thread_blocked, id=18956, stack(0x000000e831100000,0x000000e831200000)]
  0x0000026c026c1800 JavaThread "pool-1-thread-1" [_thread_in_native, id=4748, stack(0x000000e831200000,0x000000e831300000)]
  0x0000026c026c0000 JavaThread "Bundle File Closer" daemon [_thread_blocked, id=7500, stack(0x000000e831600000,0x000000e831700000)]
  0x0000026c026c2800 JavaThread "ForkJoinPool.commonPool-worker-3" daemon [_thread_blocked, id=1308, stack(0x000000e831700000,0x000000e831800000)]
  0x0000026c026c3000 JavaThread "ForkJoinPool.commonPool-worker-5" daemon [_thread_blocked, id=18544, stack(0x000000e831800000,0x000000e831900000)]
  0x0000026c026c5000 JavaThread "ForkJoinPool.commonPool-worker-11" daemon [_thread_blocked, id=2560, stack(0x000000e831d00000,0x000000e831e00000)]
  0x0000026c0ddd0800 JavaThread "Java Debug Server" daemon [_thread_in_native, id=17524, stack(0x000000e82ec00000,0x000000e82ed00000)]
  0x0000026c0ddcc800 JavaThread "pool-2-thread-1" [_thread_in_native, id=12820, stack(0x000000e82ed00000,0x000000e82ee00000)]
  0x0000026c0ddca800 JavaThread "RxSchedulerPurge-1" daemon [_thread_blocked, id=11932, stack(0x000000e832200000,0x000000e832300000)]
  0x0000026c0ddd1000 JavaThread "RxCachedWorkerPoolEvictor-1" daemon [_thread_blocked, id=6796, stack(0x000000e832300000,0x000000e832400000)]
  0x0000026c0ddd5800 JavaThread "ForkJoinPool.commonPool-worker-13" daemon [_thread_blocked, id=4400, stack(0x000000e832800000,0x000000e832900000)]
  0x0000026c0ddd2000 JavaThread "ForkJoinPool.commonPool-worker-15" daemon [_thread_blocked, id=7372, stack(0x000000e832900000,0x000000e832a00000)]
  0x0000026c0368d800 JavaThread "ForkJoinPool.commonPool-worker-1" daemon [_thread_blocked, id=5300, stack(0x000000e831a00000,0x000000e831b00000)]
  0x0000026c03690800 JavaThread "Worker-17" [_thread_blocked, id=13220, stack(0x000000e832700000,0x000000e832800000)]
  0x0000026c0ddcb800 JavaThread "Worker-19" [_thread_blocked, id=19096, stack(0x000000e831300000,0x000000e831400000)]
  0x0000026c0ddcf000 JavaThread "Worker-20" [_thread_blocked, id=13224, stack(0x000000e830200000,0x000000e830300000)]
  0x0000026c0ddcf800 JavaThread "Worker-21" [_thread_blocked, id=18816, stack(0x000000e830f00000,0x000000e831000000)]
  0x0000026c0ddd3000 JavaThread "RxNewThreadScheduler-13" daemon [_thread_blocked, id=17652, stack(0x000000e830b00000,0x000000e830c00000)]
  0x0000026c0ddcd000 JavaThread "Thread-8" daemon [_thread_in_native, id=17220, stack(0x000000e831000000,0x000000e831100000)]
  0x0000026c0ddce000 JavaThread "Debuggee Stdout Handler" daemon [_thread_in_native, id=8864, stack(0x000000e831400000,0x000000e831500000)]
  0x0000026c0ddd3800 JavaThread "Debuggee Stderr Handler" daemon [_thread_in_native, id=15892, stack(0x000000e831500000,0x000000e831600000)]
  0x0000026c0ddd7000 JavaThread "RxNewThreadScheduler-14" daemon [_thread_in_native, id=5816, stack(0x000000e831b00000,0x000000e831c00000)]

Other Threads:
  0x0000026c7dfb2800 VMThread "VM Thread" [stack: 0x000000e82f600000,0x000000e82f700000] [id=19260]
  0x0000026c7eb6c000 WatcherThread [stack: 0x000000e830100000,0x000000e830200000] [id=15336]
  0x0000026c5f892000 GCTaskThread "GC Thread#0" [stack: 0x000000e82f000000,0x000000e82f100000] [id=19184]
  0x0000026c7eeba000 GCTaskThread "GC Thread#1" [stack: 0x000000e830600000,0x000000e830700000] [id=18708]
  0x0000026c003d1000 GCTaskThread "GC Thread#2" [stack: 0x000000e830700000,0x000000e830800000] [id=18712]
  0x0000026c7eed6800 GCTaskThread "GC Thread#3" [stack: 0x000000e830800000,0x000000e830900000] [id=18716]
  0x0000026c7f44c000 GCTaskThread "GC Thread#4" [stack: 0x000000e830900000,0x000000e830a00000] [id=18720]
  0x0000026c7f0cd000 GCTaskThread "GC Thread#5" [stack: 0x000000e830a00000,0x000000e830b00000] [id=18724]
  0x0000026c007bc000 GCTaskThread "GC Thread#6" [stack: 0x000000e830c00000,0x000000e830d00000] [id=19132]
  0x0000026c007bd000 GCTaskThread "GC Thread#7" [stack: 0x000000e830d00000,0x000000e830e00000] [id=19128]
  0x0000026c5f8ae800 ConcurrentGCThread "G1 Main Marker" [stack: 0x000000e82f100000,0x000000e82f200000] [id=19188]
  0x0000026c5f8b1800 ConcurrentGCThread "G1 Conc#0" [stack: 0x000000e82f200000,0x000000e82f300000] [id=19192]
  0x0000026c7f285800 ConcurrentGCThread "G1 Conc#1" [stack: 0x000000e830e00000,0x000000e830f00000] [id=19120]
  0x0000026c5f94e800 ConcurrentGCThread "G1 Refine#0" [stack: 0x000000e82f300000,0x000000e82f400000] [id=19208]
  0x0000026c00b0e800 ConcurrentGCThread "G1 Refine#1" [stack: 0x000000e831900000,0x000000e831a00000] [id=4484]
  0x0000026c03a04000 ConcurrentGCThread "G1 Refine#2" [stack: 0x000000e831c00000,0x000000e831d00000] [id=18148]
  0x0000026c0ec40000 ConcurrentGCThread "G1 Refine#3" [stack: 0x000000e831e00000,0x000000e831f00000] [id=8532]
  0x0000026c0f240800 ConcurrentGCThread "G1 Refine#4" [stack: 0x000000e831f00000,0x000000e832000000] [id=15248]
  0x0000026c0f241000 ConcurrentGCThread "G1 Refine#5" [stack: 0x000000e832000000,0x000000e832100000] [id=4196]
  0x0000026c120dd000 ConcurrentGCThread "G1 Refine#6" [stack: 0x000000e82ee00000,0x000000e82ef00000] [id=14748]
  0x0000026c7de24800 ConcurrentGCThread "G1 Young RemSet Sampling" [stack: 0x000000e82f400000,0x000000e82f500000] [id=19212]
  0x0000026c7de2a800 ConcurrentGCThread "StrDedup" [stack: 0x000000e82f500000,0x000000e82f600000] [id=19216]

Threads with active compile tasks:
C2 CompilerThread0 958873 19123 %s!   4       org.eclipse.debug.core.sourcelookup.containers.ExternalArchiveSourceContainer::searchRoots @ 103 (420 bytes)

VM state:not at safepoint (normal execution)

VM Mutex/Monitor currently owned by a thread: None

Heap address: 0x00000000c0000000, size: 1024 MB, Compressed Oops mode: 32-bit
Narrow klass base: 0x0000000000000000, Narrow klass shift: 3
Compressed class space size: 1073741824 Address: 0x0000000100000000

Heap:
 garbage-first heap   total 295936K, used 148140K [0x00000000c0000000, 0x0000000100000000)
  region size 1024K, 7 young (7168K), 2 survivors (2048K)
 Metaspace       used 80163K, capacity 83390K, committed 83556K, reserved 1124352K
  class space    used 7324K, capacity 8588K, committed 8704K, reserved 1048576K
Heap Regions: E=young(eden), S=young(survivor), O=old, HS=humongous(starts), HC=humongous(continues), CS=collection set, F=free, A=archive, TAMS=top-at-mark-start (previous, next)
|   0|0x00000000c0000000, 0x00000000c0100000, 0x00000000c0100000|100%| O|  |TAMS 0x00000000c0100000, 0x00000000c0000000| Untracked 
|   1|0x00000000c0100000, 0x00000000c0200000, 0x00000000c0200000|100%| O|  |TAMS 0x00000000c0200000, 0x00000000c0100000| Untracked 
|   2|0x00000000c0200000, 0x00000000c0300000, 0x00000000c0300000|100%| O|  |TAMS 0x00000000c0300000, 0x00000000c0200000| Untracked 
|   3|0x00000000c0300000, 0x00000000c0400000, 0x00000000c0400000|100%| O|  |TAMS 0x00000000c0400000, 0x00000000c0300000| Untracked 
|   4|0x00000000c0400000, 0x00000000c0400000, 0x00000000c0500000|  0%| F|  |TAMS 0x00000000c0400000, 0x00000000c0400000| Untracked 
|   5|0x00000000c0500000, 0x00000000c0600000, 0x00000000c0600000|100%| O|  |TAMS 0x00000000c0600000, 0x00000000c0500000| Untracked 
|   6|0x00000000c0600000, 0x00000000c0700000, 0x00000000c0700000|100%| O|  |TAMS 0x00000000c0700000, 0x00000000c0600000| Untracked 
|   7|0x00000000c0700000, 0x00000000c0800000, 0x00000000c0800000|100%| O|  |TAMS 0x00000000c0800000, 0x00000000c0700000| Untracked 
|   8|0x00000000c0800000, 0x00000000c0900000, 0x00000000c0900000|100%| O|  |TAMS 0x00000000c0900000, 0x00000000c0800000| Untracked 
|   9|0x00000000c0900000, 0x00000000c0a00000, 0x00000000c0a00000|100%| O|  |TAMS 0x00000000c0a00000, 0x00000000c0900000| Complete 
|  10|0x00000000c0a00000, 0x00000000c0b00000, 0x00000000c0b00000|100%| O|  |TAMS 0x00000000c0b00000, 0x00000000c0a00000| Untracked 
|  11|0x00000000c0b00000, 0x00000000c0c00000, 0x00000000c0c00000|100%|HS|  |TAMS 0x00000000c0c00000, 0x00000000c0b00000| Complete 
|  12|0x00000000c0c00000, 0x00000000c0d00000, 0x00000000c0d00000|100%| O|  |TAMS 0x00000000c0d00000, 0x00000000c0c00000| Complete 
|  13|0x00000000c0d00000, 0x00000000c0e00000, 0x00000000c0e00000|100%|HS|  |TAMS 0x00000000c0e00000, 0x00000000c0d00000| Complete 
|  14|0x00000000c0e00000, 0x00000000c0f00000, 0x00000000c0f00000|100%| O|  |TAMS 0x00000000c0f00000, 0x00000000c0e00000| Complete 
|  15|0x00000000c0f00000, 0x00000000c1000000, 0x00000000c1000000|100%| O|  |TAMS 0x00000000c1000000, 0x00000000c0f00000| Complete 
|  16|0x00000000c1000000, 0x00000000c1000000, 0x00000000c1100000|  0%| F|  |TAMS 0x00000000c1000000, 0x00000000c1000000| Untracked 
|  17|0x00000000c1100000, 0x00000000c1200000, 0x00000000c1200000|100%| O|  |TAMS 0x00000000c1200000, 0x00000000c1100000| Untracked 
|  18|0x00000000c1200000, 0x00000000c1300000, 0x00000000c1300000|100%| O|  |TAMS 0x00000000c1300000, 0x00000000c1200000| Untracked 
|  19|0x00000000c1300000, 0x00000000c1400000, 0x00000000c1400000|100%| O|  |TAMS 0x00000000c1400000, 0x00000000c1300000| Untracked 
|  20|0x00000000c1400000, 0x00000000c1500000, 0x00000000c1500000|100%| O|  |TAMS 0x00000000c1500000, 0x00000000c1400000| Untracked 
|  21|0x00000000c1500000, 0x00000000c1600000, 0x00000000c1600000|100%| O|  |TAMS 0x00000000c1600000, 0x00000000c1500000| Complete 
|  22|0x00000000c1600000, 0x00000000c1700000, 0x00000000c1700000|100%| O|  |TAMS 0x00000000c1700000, 0x00000000c1600000| Untracked 
|  23|0x00000000c1700000, 0x00000000c1800000, 0x00000000c1800000|100%| O|  |TAMS 0x00000000c1800000, 0x00000000c1700000| Complete 
|  24|0x00000000c1800000, 0x00000000c1900000, 0x00000000c1900000|100%| O|  |TAMS 0x00000000c1900000, 0x00000000c1800000| Untracked 
|  25|0x00000000c1900000, 0x00000000c1a00000, 0x00000000c1a00000|100%| O|  |TAMS 0x00000000c1a00000, 0x00000000c1900000| Complete 
|  26|0x00000000c1a00000, 0x00000000c1b00000, 0x00000000c1b00000|100%| O|  |TAMS 0x00000000c1b00000, 0x00000000c1a00000| Untracked 
|  27|0x00000000c1b00000, 0x00000000c1c00000, 0x00000000c1c00000|100%| O|  |TAMS 0x00000000c1c00000, 0x00000000c1b00000| Complete 
|  28|0x00000000c1c00000, 0x00000000c1d00000, 0x00000000c1d00000|100%| O|  |TAMS 0x00000000c1d00000, 0x00000000c1c00000| Complete 
|  29|0x00000000c1d00000, 0x00000000c1e00000, 0x00000000c1e00000|100%| O|  |TAMS 0x00000000c1e00000, 0x00000000c1d00000| Untracked 
|  30|0x00000000c1e00000, 0x00000000c1f00000, 0x00000000c1f00000|100%| O|  |TAMS 0x00000000c1f00000, 0x00000000c1e00000| Complete 
|  31|0x00000000c1f00000, 0x00000000c1f00000, 0x00000000c2000000|  0%| F|  |TAMS 0x00000000c1f00000, 0x00000000c1f00000| Untracked 
|  32|0x00000000c2000000, 0x00000000c2100000, 0x00000000c2100000|100%| O|  |TAMS 0x00000000c2100000, 0x00000000c2000000| Complete 
|  33|0x00000000c2100000, 0x00000000c2100000, 0x00000000c2200000|  0%| F|  |TAMS 0x00000000c2100000, 0x00000000c2100000| Untracked 
|  34|0x00000000c2200000, 0x00000000c2300000, 0x00000000c2300000|100%| O|  |TAMS 0x00000000c2300000, 0x00000000c2200000| Complete 
|  35|0x00000000c2300000, 0x00000000c2400000, 0x00000000c2400000|100%| O|  |TAMS 0x00000000c2400000, 0x00000000c2300000| Complete 
|  36|0x00000000c2400000, 0x00000000c2500000, 0x00000000c2500000|100%| O|  |TAMS 0x00000000c2500000, 0x00000000c2400000| Complete 
|  37|0x00000000c2500000, 0x00000000c2600000, 0x00000000c2600000|100%| O|  |TAMS 0x00000000c2600000, 0x00000000c2500000| Complete 
|  38|0x00000000c2600000, 0x00000000c2700000, 0x00000000c2700000|100%| O|  |TAMS 0x00000000c2700000, 0x00000000c2600000| Untracked 
|  39|0x00000000c2700000, 0x00000000c2800000, 0x00000000c2800000|100%| O|  |TAMS 0x00000000c2800000, 0x00000000c2700000| Complete 
|  40|0x00000000c2800000, 0x00000000c2900000, 0x00000000c2900000|100%| O|  |TAMS 0x00000000c2900000, 0x00000000c2800000| Untracked 
|  41|0x00000000c2900000, 0x00000000c2a00000, 0x00000000c2a00000|100%| O|  |TAMS 0x00000000c2a00000, 0x00000000c2900000| Untracked 
|  42|0x00000000c2a00000, 0x00000000c2b00000, 0x00000000c2b00000|100%| O|  |TAMS 0x00000000c2b00000, 0x00000000c2a00000| Complete 
|  43|0x00000000c2b00000, 0x00000000c2c00000, 0x00000000c2c00000|100%| O|  |TAMS 0x00000000c2c00000, 0x00000000c2b00000| Untracked 
|  44|0x00000000c2c00000, 0x00000000c2d00000, 0x00000000c2d00000|100%| O|  |TAMS 0x00000000c2d00000, 0x00000000c2c00000| Complete 
|  45|0x00000000c2d00000, 0x00000000c2e00000, 0x00000000c2e00000|100%| O|  |TAMS 0x00000000c2e00000, 0x00000000c2d00000| Complete 
|  46|0x00000000c2e00000, 0x00000000c2f00000, 0x00000000c2f00000|100%| O|  |TAMS 0x00000000c2f00000, 0x00000000c2e00000| Complete 
|  47|0x00000000c2f00000, 0x00000000c3000000, 0x00000000c3000000|100%| O|  |TAMS 0x00000000c3000000, 0x00000000c2f00000| Complete 
|  48|0x00000000c3000000, 0x00000000c3100000, 0x00000000c3100000|100%| O|  |TAMS 0x00000000c3100000, 0x00000000c3000000| Complete 
|  49|0x00000000c3100000, 0x00000000c3200000, 0x00000000c3200000|100%| O|  |TAMS 0x00000000c3200000, 0x00000000c3100000| Untracked 
|  50|0x00000000c3200000, 0x00000000c3300000, 0x00000000c3300000|100%| O|  |TAMS 0x00000000c3300000, 0x00000000c3200000| Untracked 
|  51|0x00000000c3300000, 0x00000000c3400000, 0x00000000c3400000|100%| O|  |TAMS 0x00000000c3400000, 0x00000000c3300000| Untracked 
|  52|0x00000000c3400000, 0x00000000c3500000, 0x00000000c3500000|100%| O|  |TAMS 0x00000000c3500000, 0x00000000c3400000| Untracked 
|  53|0x00000000c3500000, 0x00000000c3600000, 0x00000000c3600000|100%| O|  |TAMS 0x00000000c3600000, 0x00000000c3500000| Complete 
|  54|0x00000000c3600000, 0x00000000c3700000, 0x00000000c3700000|100%| O|  |TAMS 0x00000000c3700000, 0x00000000c3600000| Complete 
|  55|0x00000000c3700000, 0x00000000c3800000, 0x00000000c3800000|100%| O|  |TAMS 0x00000000c3800000, 0x00000000c3700000| Complete 
|  56|0x00000000c3800000, 0x00000000c3900000, 0x00000000c3900000|100%| O|  |TAMS 0x00000000c3900000, 0x00000000c3800000| Complete 
|  57|0x00000000c3900000, 0x00000000c3a00000, 0x00000000c3a00000|100%| O|  |TAMS 0x00000000c3a00000, 0x00000000c3900000| Complete 
|  58|0x00000000c3a00000, 0x00000000c3b00000, 0x00000000c3b00000|100%| O|  |TAMS 0x00000000c3b00000, 0x00000000c3a00000| Untracked 
|  59|0x00000000c3b00000, 0x00000000c3c00000, 0x00000000c3c00000|100%| O|  |TAMS 0x00000000c3c00000, 0x00000000c3b00000| Complete 
|  60|0x00000000c3c00000, 0x00000000c3d00000, 0x00000000c3d00000|100%| O|  |TAMS 0x00000000c3d00000, 0x00000000c3c00000| Untracked 
|  61|0x00000000c3d00000, 0x00000000c3e00000, 0x00000000c3e00000|100%| O|  |TAMS 0x00000000c3e00000, 0x00000000c3d00000| Complete 
|  62|0x00000000c3e00000, 0x00000000c3f00000, 0x00000000c3f00000|100%| O|  |TAMS 0x00000000c3f00000, 0x00000000c3e00000| Untracked 
|  63|0x00000000c3f00000, 0x00000000c4000000, 0x00000000c4000000|100%| O|  |TAMS 0x00000000c4000000, 0x00000000c3f00000| Untracked 
|  64|0x00000000c4000000, 0x00000000c4100000, 0x00000000c4100000|100%| O|  |TAMS 0x00000000c4100000, 0x00000000c4000000| Complete 
|  65|0x00000000c4100000, 0x00000000c4200000, 0x00000000c4200000|100%| O|  |TAMS 0x00000000c4200000, 0x00000000c4100000| Complete 
|  66|0x00000000c4200000, 0x00000000c4300000, 0x00000000c4300000|100%| O|  |TAMS 0x00000000c4300000, 0x00000000c4200000| Untracked 
|  67|0x00000000c4300000, 0x00000000c4400000, 0x00000000c4400000|100%| O|  |TAMS 0x00000000c4400000, 0x00000000c4300000| Untracked 
|  68|0x00000000c4400000, 0x00000000c4500000, 0x00000000c4500000|100%| O|  |TAMS 0x00000000c4500000, 0x00000000c4400000| Untracked 
|  69|0x00000000c4500000, 0x00000000c4600000, 0x00000000c4600000|100%| O|  |TAMS 0x00000000c4600000, 0x00000000c4500000| Untracked 
|  70|0x00000000c4600000, 0x00000000c4700000, 0x00000000c4700000|100%| O|  |TAMS 0x00000000c4700000, 0x00000000c4600000| Untracked 
|  71|0x00000000c4700000, 0x00000000c4800000, 0x00000000c4800000|100%| O|  |TAMS 0x00000000c4800000, 0x00000000c4700000| Untracked 
|  72|0x00000000c4800000, 0x00000000c4900000, 0x00000000c4900000|100%| O|  |TAMS 0x00000000c4900000, 0x00000000c4800000| Untracked 
|  73|0x00000000c4900000, 0x00000000c4a00000, 0x00000000c4a00000|100%| O|  |TAMS 0x00000000c4a00000, 0x00000000c4900000| Untracked 
|  74|0x00000000c4a00000, 0x00000000c4b00000, 0x00000000c4b00000|100%| O|  |TAMS 0x00000000c4b00000, 0x00000000c4a00000| Untracked 
|  75|0x00000000c4b00000, 0x00000000c4c00000, 0x00000000c4c00000|100%| O|  |TAMS 0x00000000c4c00000, 0x00000000c4b00000| Untracked 
|  76|0x00000000c4c00000, 0x00000000c4d00000, 0x00000000c4d00000|100%| O|  |TAMS 0x00000000c4d00000, 0x00000000c4c00000| Untracked 
|  77|0x00000000c4d00000, 0x00000000c4e00000, 0x00000000c4e00000|100%| O|  |TAMS 0x00000000c4e00000, 0x00000000c4d00000| Untracked 
|  78|0x00000000c4e00000, 0x00000000c4f00000, 0x00000000c4f00000|100%| O|  |TAMS 0x00000000c4f00000, 0x00000000c4e00000| Untracked 
|  79|0x00000000c4f00000, 0x00000000c5000000, 0x00000000c5000000|100%| O|  |TAMS 0x00000000c5000000, 0x00000000c4f00000| Untracked 
|  80|0x00000000c5000000, 0x00000000c5100000, 0x00000000c5100000|100%| O|  |TAMS 0x00000000c5100000, 0x00000000c5000000| Untracked 
|  81|0x00000000c5100000, 0x00000000c5200000, 0x00000000c5200000|100%| O|  |TAMS 0x00000000c5200000, 0x00000000c5100000| Untracked 
|  82|0x00000000c5200000, 0x00000000c5300000, 0x00000000c5300000|100%| O|  |TAMS 0x00000000c5300000, 0x00000000c5200000| Complete 
|  83|0x00000000c5300000, 0x00000000c5400000, 0x00000000c5400000|100%| O|  |TAMS 0x00000000c5400000, 0x00000000c5300000| Complete 
|  84|0x00000000c5400000, 0x00000000c5500000, 0x00000000c5500000|100%| O|  |TAMS 0x00000000c5500000, 0x00000000c5400000| Complete 
|  85|0x00000000c5500000, 0x00000000c5600000, 0x00000000c5600000|100%| O|  |TAMS 0x00000000c5600000, 0x00000000c5500000| Complete 
|  86|0x00000000c5600000, 0x00000000c5700000, 0x00000000c5700000|100%| O|  |TAMS 0x00000000c5700000, 0x00000000c5600000| Complete 
|  87|0x00000000c5700000, 0x00000000c5800000, 0x00000000c5800000|100%| O|  |TAMS 0x00000000c5800000, 0x00000000c5700000| Complete 
|  88|0x00000000c5800000, 0x00000000c5900000, 0x00000000c5900000|100%| O|  |TAMS 0x00000000c5900000, 0x00000000c5800000| Complete 
|  89|0x00000000c5900000, 0x00000000c5900000, 0x00000000c5a00000|  0%| F|  |TAMS 0x00000000c5900000, 0x00000000c5900000| Untracked 
|  90|0x00000000c5a00000, 0x00000000c5b00000, 0x00000000c5b00000|100%| O|  |TAMS 0x00000000c5b00000, 0x00000000c5a00000| Complete 
|  91|0x00000000c5b00000, 0x00000000c5c00000, 0x00000000c5c00000|100%| O|  |TAMS 0x00000000c5c00000, 0x00000000c5b00000| Complete 
|  92|0x00000000c5c00000, 0x00000000c5d00000, 0x00000000c5d00000|100%| O|  |TAMS 0x00000000c5d00000, 0x00000000c5c00000| Complete 
|  93|0x00000000c5d00000, 0x00000000c5e00000, 0x00000000c5e00000|100%| O|  |TAMS 0x00000000c5e00000, 0x00000000c5d00000| Complete 
|  94|0x00000000c5e00000, 0x00000000c5f00000, 0x00000000c5f00000|100%| O|  |TAMS 0x00000000c5f00000, 0x00000000c5e00000| Complete 
|  95|0x00000000c5f00000, 0x00000000c5f00000, 0x00000000c6000000|  0%| F|  |TAMS 0x00000000c5f00000, 0x00000000c5f00000| Untracked 
|  96|0x00000000c6000000, 0x00000000c6100000, 0x00000000c6100000|100%| O|  |TAMS 0x00000000c6100000, 0x00000000c6000000| Complete 
|  97|0x00000000c6100000, 0x00000000c6200000, 0x00000000c6200000|100%| O|  |TAMS 0x00000000c6200000, 0x00000000c6100000| Untracked 
|  98|0x00000000c6200000, 0x00000000c6300000, 0x00000000c6300000|100%| O|  |TAMS 0x00000000c6300000, 0x00000000c6200000| Complete 
|  99|0x00000000c6300000, 0x00000000c6400000, 0x00000000c6400000|100%| O|  |TAMS 0x00000000c6400000, 0x00000000c6300000| Untracked 
| 100|0x00000000c6400000, 0x00000000c6500000, 0x00000000c6500000|100%| O|  |TAMS 0x00000000c6500000, 0x00000000c6400000| Untracked 
| 101|0x00000000c6500000, 0x00000000c6600000, 0x00000000c6600000|100%| O|  |TAMS 0x00000000c6600000, 0x00000000c6500000| Untracked 
| 102|0x00000000c6600000, 0x00000000c6700000, 0x00000000c6700000|100%| O|  |TAMS 0x00000000c6700000, 0x00000000c6600000| Complete 
| 103|0x00000000c6700000, 0x00000000c6800000, 0x00000000c6800000|100%| O|  |TAMS 0x00000000c6800000, 0x00000000c6700000| Complete 
| 104|0x00000000c6800000, 0x00000000c6900000, 0x00000000c6900000|100%| O|  |TAMS 0x00000000c6900000, 0x00000000c6800000| Complete 
| 105|0x00000000c6900000, 0x00000000c6a00000, 0x00000000c6a00000|100%| O|  |TAMS 0x00000000c6a00000, 0x00000000c6900000| Complete 
| 106|0x00000000c6a00000, 0x00000000c6b00000, 0x00000000c6b00000|100%| O|  |TAMS 0x00000000c6b00000, 0x00000000c6a00000| Untracked 
| 107|0x00000000c6b00000, 0x00000000c6c00000, 0x00000000c6c00000|100%| O|  |TAMS 0x00000000c6c00000, 0x00000000c6b00000| Complete 
| 108|0x00000000c6c00000, 0x00000000c6d00000, 0x00000000c6d00000|100%| O|  |TAMS 0x00000000c6d00000, 0x00000000c6c00000| Complete 
| 109|0x00000000c6d00000, 0x00000000c6e00000, 0x00000000c6e00000|100%| O|  |TAMS 0x00000000c6e00000, 0x00000000c6d00000| Complete 
| 110|0x00000000c6e00000, 0x00000000c6f00000, 0x00000000c6f00000|100%| O|  |TAMS 0x00000000c6f00000, 0x00000000c6e00000| Complete 
| 111|0x00000000c6f00000, 0x00000000c7000000, 0x00000000c7000000|100%| O|  |TAMS 0x00000000c7000000, 0x00000000c6f00000| Complete 
| 112|0x00000000c7000000, 0x00000000c7100000, 0x00000000c7100000|100%| O|  |TAMS 0x00000000c7100000, 0x00000000c7000000| Complete 
| 113|0x00000000c7100000, 0x00000000c7200000, 0x00000000c7200000|100%| O|  |TAMS 0x00000000c7200000, 0x00000000c7100000| Complete 
| 114|0x00000000c7200000, 0x00000000c7300000, 0x00000000c7300000|100%| O|  |TAMS 0x00000000c7300000, 0x00000000c7200000| Untracked 
| 115|0x00000000c7300000, 0x00000000c7400000, 0x00000000c7400000|100%| O|  |TAMS 0x00000000c7400000, 0x00000000c7300000| Untracked 
| 116|0x00000000c7400000, 0x00000000c7500000, 0x00000000c7500000|100%| O|  |TAMS 0x00000000c7500000, 0x00000000c7400000| Complete 
| 117|0x00000000c7500000, 0x00000000c7600000, 0x00000000c7600000|100%| O|  |TAMS 0x00000000c7600000, 0x00000000c7500000| Untracked 
| 118|0x00000000c7600000, 0x00000000c7600000, 0x00000000c7700000|  0%| F|  |TAMS 0x00000000c7600000, 0x00000000c7600000| Untracked 
| 119|0x00000000c7700000, 0x00000000c7700000, 0x00000000c7800000|  0%| F|  |TAMS 0x00000000c7700000, 0x00000000c7700000| Untracked 
| 120|0x00000000c7800000, 0x00000000c7800000, 0x00000000c7900000|  0%| F|  |TAMS 0x00000000c7800000, 0x00000000c7800000| Untracked 
| 121|0x00000000c7900000, 0x00000000c7900000, 0x00000000c7a00000|  0%| F|  |TAMS 0x00000000c7900000, 0x00000000c7900000| Untracked 
| 122|0x00000000c7a00000, 0x00000000c7a00000, 0x00000000c7b00000|  0%| F|  |TAMS 0x00000000c7a00000, 0x00000000c7a00000| Untracked 
| 123|0x00000000c7b00000, 0x00000000c7c00000, 0x00000000c7c00000|100%| O|  |TAMS 0x00000000c7c00000, 0x00000000c7b00000| Untracked 
| 124|0x00000000c7c00000, 0x00000000c7c00000, 0x00000000c7d00000|  0%| F|  |TAMS 0x00000000c7c00000, 0x00000000c7c00000| Untracked 
| 125|0x00000000c7d00000, 0x00000000c7e00000, 0x00000000c7e00000|100%| O|  |TAMS 0x00000000c7e00000, 0x00000000c7d00000| Untracked 
| 126|0x00000000c7e00000, 0x00000000c7f00000, 0x00000000c7f00000|100%| O|  |TAMS 0x00000000c7f00000, 0x00000000c7e00000| Complete 
| 127|0x00000000c7f00000, 0x00000000c8000000, 0x00000000c8000000|100%| O|  |TAMS 0x00000000c8000000, 0x00000000c7f00000| Untracked 
| 128|0x00000000c8000000, 0x00000000c8100000, 0x00000000c8100000|100%| O|  |TAMS 0x00000000c8100000, 0x00000000c8000000| Untracked 
| 129|0x00000000c8100000, 0x00000000c8200000, 0x00000000c8200000|100%| O|  |TAMS 0x00000000c8200000, 0x00000000c8100000| Untracked 
| 130|0x00000000c8200000, 0x00000000c8300000, 0x00000000c8300000|100%| O|  |TAMS 0x00000000c8300000, 0x00000000c8200000| Untracked 
| 131|0x00000000c8300000, 0x00000000c8400000, 0x00000000c8400000|100%| O|  |TAMS 0x00000000c8400000, 0x00000000c8300000| Complete 
| 132|0x00000000c8400000, 0x00000000c8400000, 0x00000000c8500000|  0%| F|  |TAMS 0x00000000c8400000, 0x00000000c8400000| Untracked 
| 133|0x00000000c8500000, 0x00000000c8500000, 0x00000000c8600000|  0%| F|  |TAMS 0x00000000c8500000, 0x00000000c8500000| Untracked 
| 134|0x00000000c8600000, 0x00000000c8600000, 0x00000000c8700000|  0%| F|  |TAMS 0x00000000c8600000, 0x00000000c8600000| Untracked 
| 135|0x00000000c8700000, 0x00000000c8700000, 0x00000000c8800000|  0%| F|  |TAMS 0x00000000c8700000, 0x00000000c8700000| Untracked 
| 136|0x00000000c8800000, 0x00000000c8800000, 0x00000000c8900000|  0%| F|  |TAMS 0x00000000c8800000, 0x00000000c8800000| Untracked 
| 137|0x00000000c8900000, 0x00000000c8900000, 0x00000000c8a00000|  0%| F|  |TAMS 0x00000000c8900000, 0x00000000c8900000| Untracked 
| 138|0x00000000c8a00000, 0x00000000c8a00000, 0x00000000c8b00000|  0%| F|  |TAMS 0x00000000c8a00000, 0x00000000c8a00000| Untracked 
| 139|0x00000000c8b00000, 0x00000000c8b00000, 0x00000000c8c00000|  0%| F|  |TAMS 0x00000000c8b00000, 0x00000000c8b00000| Untracked 
| 140|0x00000000c8c00000, 0x00000000c8c00000, 0x00000000c8d00000|  0%| F|  |TAMS 0x00000000c8c00000, 0x00000000c8c00000| Untracked 
| 141|0x00000000c8d00000, 0x00000000c8e00000, 0x00000000c8e00000|100%| O|  |TAMS 0x00000000c8e00000, 0x00000000c8d00000| Untracked 
| 142|0x00000000c8e00000, 0x00000000c8f00000, 0x00000000c8f00000|100%| O|  |TAMS 0x00000000c8f00000, 0x00000000c8e00000| Untracked 
| 143|0x00000000c8f00000, 0x00000000c9000000, 0x00000000c9000000|100%| O|  |TAMS 0x00000000c9000000, 0x00000000c8f00000| Untracked 
| 144|0x00000000c9000000, 0x00000000c9000000, 0x00000000c9100000|  0%| F|  |TAMS 0x00000000c9000000, 0x00000000c9000000| Untracked 
| 145|0x00000000c9100000, 0x00000000c9100000, 0x00000000c9200000|  0%| F|  |TAMS 0x00000000c9100000, 0x00000000c9100000| Untracked 
| 146|0x00000000c9200000, 0x00000000c9200000, 0x00000000c9300000|  0%| F|  |TAMS 0x00000000c9200000, 0x00000000c9200000| Untracked 
| 147|0x00000000c9300000, 0x00000000c9300000, 0x00000000c9400000|  0%| F|  |TAMS 0x00000000c9300000, 0x00000000c9300000| Untracked 
| 148|0x00000000c9400000, 0x00000000c9400000, 0x00000000c9500000|  0%| F|  |TAMS 0x00000000c9400000, 0x00000000c9400000| Untracked 
| 149|0x00000000c9500000, 0x00000000c9500000, 0x00000000c9600000|  0%| F|  |TAMS 0x00000000c9500000, 0x00000000c9500000| Untracked 
| 150|0x00000000c9600000, 0x00000000c9600000, 0x00000000c9700000|  0%| F|  |TAMS 0x00000000c9600000, 0x00000000c9600000| Untracked 
| 151|0x00000000c9700000, 0x00000000c9700000, 0x00000000c9800000|  0%| F|  |TAMS 0x00000000c9700000, 0x00000000c9700000| Untracked 
| 152|0x00000000c9800000, 0x00000000c9800000, 0x00000000c9900000|  0%| F|  |TAMS 0x00000000c9800000, 0x00000000c9800000| Untracked 
| 153|0x00000000c9900000, 0x00000000c9900000, 0x00000000c9a00000|  0%| F|  |TAMS 0x00000000c9900000, 0x00000000c9900000| Untracked 
| 154|0x00000000c9a00000, 0x00000000c9a00000, 0x00000000c9b00000|  0%| F|  |TAMS 0x00000000c9a00000, 0x00000000c9a00000| Untracked 
| 155|0x00000000c9b00000, 0x00000000c9b00000, 0x00000000c9c00000|  0%| F|  |TAMS 0x00000000c9b00000, 0x00000000c9b00000| Untracked 
| 156|0x00000000c9c00000, 0x00000000c9c00000, 0x00000000c9d00000|  0%| F|  |TAMS 0x00000000c9c00000, 0x00000000c9c00000| Untracked 
| 157|0x00000000c9d00000, 0x00000000c9d00000, 0x00000000c9e00000|  0%| F|  |TAMS 0x00000000c9d00000, 0x00000000c9d00000| Untracked 
| 158|0x00000000c9e00000, 0x00000000c9e00000, 0x00000000c9f00000|  0%| F|  |TAMS 0x00000000c9e00000, 0x00000000c9e00000| Untracked 
| 159|0x00000000c9f00000, 0x00000000c9f00000, 0x00000000ca000000|  0%| F|  |TAMS 0x00000000c9f00000, 0x00000000c9f00000| Untracked 
| 160|0x00000000ca000000, 0x00000000ca000000, 0x00000000ca100000|  0%| F|  |TAMS 0x00000000ca000000, 0x00000000ca000000| Untracked 
| 161|0x00000000ca100000, 0x00000000ca100000, 0x00000000ca200000|  0%| F|  |TAMS 0x00000000ca100000, 0x00000000ca100000| Untracked 
| 162|0x00000000ca200000, 0x00000000ca200000, 0x00000000ca300000|  0%| F|  |TAMS 0x00000000ca200000, 0x00000000ca200000| Untracked 
| 163|0x00000000ca300000, 0x00000000ca300000, 0x00000000ca400000|  0%| F|  |TAMS 0x00000000ca300000, 0x00000000ca300000| Untracked 
| 164|0x00000000ca400000, 0x00000000ca400000, 0x00000000ca500000|  0%| F|  |TAMS 0x00000000ca400000, 0x00000000ca400000| Untracked 
| 165|0x00000000ca500000, 0x00000000ca500000, 0x00000000ca600000|  0%| F|  |TAMS 0x00000000ca500000, 0x00000000ca500000| Untracked 
| 166|0x00000000ca600000, 0x00000000ca600000, 0x00000000ca700000|  0%| F|  |TAMS 0x00000000ca600000, 0x00000000ca600000| Untracked 
| 167|0x00000000ca700000, 0x00000000ca700000, 0x00000000ca800000|  0%| F|  |TAMS 0x00000000ca700000, 0x00000000ca700000| Untracked 
| 168|0x00000000ca800000, 0x00000000ca800000, 0x00000000ca900000|  0%| F|  |TAMS 0x00000000ca800000, 0x00000000ca800000| Untracked 
| 169|0x00000000ca900000, 0x00000000ca900000, 0x00000000caa00000|  0%| F|  |TAMS 0x00000000ca900000, 0x00000000ca900000| Untracked 
| 170|0x00000000caa00000, 0x00000000caa00000, 0x00000000cab00000|  0%| F|  |TAMS 0x00000000caa00000, 0x00000000caa00000| Untracked 
| 171|0x00000000cab00000, 0x00000000cab00000, 0x00000000cac00000|  0%| F|  |TAMS 0x00000000cab00000, 0x00000000cab00000| Untracked 
| 172|0x00000000cac00000, 0x00000000cac00000, 0x00000000cad00000|  0%| F|  |TAMS 0x00000000cac00000, 0x00000000cac00000| Untracked 
| 173|0x00000000cad00000, 0x00000000cad00000, 0x00000000cae00000|  0%| F|  |TAMS 0x00000000cad00000, 0x00000000cad00000| Untracked 
| 174|0x00000000cae00000, 0x00000000cae00000, 0x00000000caf00000|  0%| F|  |TAMS 0x00000000cae00000, 0x00000000cae00000| Untracked 
| 175|0x00000000caf00000, 0x00000000caf00000, 0x00000000cb000000|  0%| F|  |TAMS 0x00000000caf00000, 0x00000000caf00000| Untracked 
| 176|0x00000000cb000000, 0x00000000cb000000, 0x00000000cb100000|  0%| F|  |TAMS 0x00000000cb000000, 0x00000000cb000000| Untracked 
| 177|0x00000000cb100000, 0x00000000cb100000, 0x00000000cb200000|  0%| F|  |TAMS 0x00000000cb100000, 0x00000000cb100000| Untracked 
| 178|0x00000000cb200000, 0x00000000cb200000, 0x00000000cb300000|  0%| F|  |TAMS 0x00000000cb200000, 0x00000000cb200000| Untracked 
| 179|0x00000000cb300000, 0x00000000cb300000, 0x00000000cb400000|  0%| F|  |TAMS 0x00000000cb300000, 0x00000000cb300000| Untracked 
| 180|0x00000000cb400000, 0x00000000cb400000, 0x00000000cb500000|  0%| F|  |TAMS 0x00000000cb400000, 0x00000000cb400000| Untracked 
| 181|0x00000000cb500000, 0x00000000cb500000, 0x00000000cb600000|  0%| F|  |TAMS 0x00000000cb500000, 0x00000000cb500000| Untracked 
| 182|0x00000000cb600000, 0x00000000cb600000, 0x00000000cb700000|  0%| F|  |TAMS 0x00000000cb600000, 0x00000000cb600000| Untracked 
| 183|0x00000000cb700000, 0x00000000cb700000, 0x00000000cb800000|  0%| F|  |TAMS 0x00000000cb700000, 0x00000000cb700000| Untracked 
| 184|0x00000000cb800000, 0x00000000cb8ab358, 0x00000000cb900000| 66%| S|CS|TAMS 0x00000000cb800000, 0x00000000cb800000| Complete 
| 185|0x00000000cb900000, 0x00000000cba00000, 0x00000000cba00000|100%| S|CS|TAMS 0x00000000cb900000, 0x00000000cb900000| Complete 
| 186|0x00000000cba00000, 0x00000000cba00000, 0x00000000cbb00000|  0%| F|  |TAMS 0x00000000cba00000, 0x00000000cba00000| Untracked 
| 187|0x00000000cbb00000, 0x00000000cbb00000, 0x00000000cbc00000|  0%| F|  |TAMS 0x00000000cbb00000, 0x00000000cbb00000| Untracked 
| 188|0x00000000cbc00000, 0x00000000cbc00000, 0x00000000cbd00000|  0%| F|  |TAMS 0x00000000cbc00000, 0x00000000cbc00000| Untracked 
| 189|0x00000000cbd00000, 0x00000000cbd00000, 0x00000000cbe00000|  0%| F|  |TAMS 0x00000000cbd00000, 0x00000000cbd00000| Untracked 
| 190|0x00000000cbe00000, 0x00000000cbe00000, 0x00000000cbf00000|  0%| F|  |TAMS 0x00000000cbe00000, 0x00000000cbe00000| Untracked 
| 191|0x00000000cbf00000, 0x00000000cbf00000, 0x00000000cc000000|  0%| F|  |TAMS 0x00000000cbf00000, 0x00000000cbf00000| Untracked 
| 192|0x00000000cc000000, 0x00000000cc000000, 0x00000000cc100000|  0%| F|  |TAMS 0x00000000cc000000, 0x00000000cc000000| Untracked 
| 193|0x00000000cc100000, 0x00000000cc100000, 0x00000000cc200000|  0%| F|  |TAMS 0x00000000cc100000, 0x00000000cc100000| Untracked 
| 194|0x00000000cc200000, 0x00000000cc200000, 0x00000000cc300000|  0%| F|  |TAMS 0x00000000cc200000, 0x00000000cc200000| Untracked 
| 195|0x00000000cc300000, 0x00000000cc300000, 0x00000000cc400000|  0%| F|  |TAMS 0x00000000cc300000, 0x00000000cc300000| Untracked 
| 196|0x00000000cc400000, 0x00000000cc400000, 0x00000000cc500000|  0%| F|  |TAMS 0x00000000cc400000, 0x00000000cc400000| Untracked 
| 197|0x00000000cc500000, 0x00000000cc500000, 0x00000000cc600000|  0%| F|  |TAMS 0x00000000cc500000, 0x00000000cc500000| Untracked 
| 198|0x00000000cc600000, 0x00000000cc600000, 0x00000000cc700000|  0%| F|  |TAMS 0x00000000cc600000, 0x00000000cc600000| Untracked 
| 199|0x00000000cc700000, 0x00000000cc700000, 0x00000000cc800000|  0%| F|  |TAMS 0x00000000cc700000, 0x00000000cc700000| Untracked 
| 200|0x00000000cc800000, 0x00000000cc800000, 0x00000000cc900000|  0%| F|  |TAMS 0x00000000cc800000, 0x00000000cc800000| Untracked 
| 201|0x00000000cc900000, 0x00000000cc900000, 0x00000000cca00000|  0%| F|  |TAMS 0x00000000cc900000, 0x00000000cc900000| Untracked 
| 202|0x00000000cca00000, 0x00000000cca00000, 0x00000000ccb00000|  0%| F|  |TAMS 0x00000000cca00000, 0x00000000cca00000| Untracked 
| 203|0x00000000ccb00000, 0x00000000ccb00000, 0x00000000ccc00000|  0%| F|  |TAMS 0x00000000ccb00000, 0x00000000ccb00000| Untracked 
| 204|0x00000000ccc00000, 0x00000000ccc00000, 0x00000000ccd00000|  0%| F|  |TAMS 0x00000000ccc00000, 0x00000000ccc00000| Untracked 
| 205|0x00000000ccd00000, 0x00000000ccd00000, 0x00000000cce00000|  0%| F|  |TAMS 0x00000000ccd00000, 0x00000000ccd00000| Untracked 
| 206|0x00000000cce00000, 0x00000000cce00000, 0x00000000ccf00000|  0%| F|  |TAMS 0x00000000cce00000, 0x00000000cce00000| Untracked 
| 207|0x00000000ccf00000, 0x00000000ccf00000, 0x00000000cd000000|  0%| F|  |TAMS 0x00000000ccf00000, 0x00000000ccf00000| Untracked 
| 208|0x00000000cd000000, 0x00000000cd000000, 0x00000000cd100000|  0%| F|  |TAMS 0x00000000cd000000, 0x00000000cd000000| Untracked 
| 209|0x00000000cd100000, 0x00000000cd100000, 0x00000000cd200000|  0%| F|  |TAMS 0x00000000cd100000, 0x00000000cd100000| Untracked 
| 210|0x00000000cd200000, 0x00000000cd200000, 0x00000000cd300000|  0%| F|  |TAMS 0x00000000cd200000, 0x00000000cd200000| Untracked 
| 211|0x00000000cd300000, 0x00000000cd300000, 0x00000000cd400000|  0%| F|  |TAMS 0x00000000cd300000, 0x00000000cd300000| Untracked 
| 212|0x00000000cd400000, 0x00000000cd400000, 0x00000000cd500000|  0%| F|  |TAMS 0x00000000cd400000, 0x00000000cd400000| Untracked 
| 213|0x00000000cd500000, 0x00000000cd500000, 0x00000000cd600000|  0%| F|  |TAMS 0x00000000cd500000, 0x00000000cd500000| Untracked 
| 214|0x00000000cd600000, 0x00000000cd600000, 0x00000000cd700000|  0%| F|  |TAMS 0x00000000cd600000, 0x00000000cd600000| Untracked 
| 215|0x00000000cd700000, 0x00000000cd700000, 0x00000000cd800000|  0%| F|  |TAMS 0x00000000cd700000, 0x00000000cd700000| Untracked 
| 216|0x00000000cd800000, 0x00000000cd800000, 0x00000000cd900000|  0%| F|  |TAMS 0x00000000cd800000, 0x00000000cd800000| Untracked 
| 217|0x00000000cd900000, 0x00000000cd900000, 0x00000000cda00000|  0%| F|  |TAMS 0x00000000cd900000, 0x00000000cd900000| Untracked 
| 218|0x00000000cda00000, 0x00000000cda00000, 0x00000000cdb00000|  0%| F|  |TAMS 0x00000000cda00000, 0x00000000cda00000| Untracked 
| 219|0x00000000cdb00000, 0x00000000cdb00000, 0x00000000cdc00000|  0%| F|  |TAMS 0x00000000cdb00000, 0x00000000cdb00000| Untracked 
| 220|0x00000000cdc00000, 0x00000000cdc00000, 0x00000000cdd00000|  0%| F|  |TAMS 0x00000000cdc00000, 0x00000000cdc00000| Untracked 
| 221|0x00000000cdd00000, 0x00000000cdd00000, 0x00000000cde00000|  0%| F|  |TAMS 0x00000000cdd00000, 0x00000000cdd00000| Untracked 
| 222|0x00000000cde00000, 0x00000000cde00000, 0x00000000cdf00000|  0%| F|  |TAMS 0x00000000cde00000, 0x00000000cde00000| Untracked 
| 223|0x00000000cdf00000, 0x00000000cdf00000, 0x00000000ce000000|  0%| F|  |TAMS 0x00000000cdf00000, 0x00000000cdf00000| Untracked 
| 224|0x00000000ce000000, 0x00000000ce000000, 0x00000000ce100000|  0%| F|  |TAMS 0x00000000ce000000, 0x00000000ce000000| Untracked 
| 225|0x00000000ce100000, 0x00000000ce100000, 0x00000000ce200000|  0%| F|  |TAMS 0x00000000ce100000, 0x00000000ce100000| Untracked 
| 226|0x00000000ce200000, 0x00000000ce200000, 0x00000000ce300000|  0%| F|  |TAMS 0x00000000ce200000, 0x00000000ce200000| Untracked 
| 227|0x00000000ce300000, 0x00000000ce300000, 0x00000000ce400000|  0%| F|  |TAMS 0x00000000ce300000, 0x00000000ce300000| Untracked 
| 228|0x00000000ce400000, 0x00000000ce400000, 0x00000000ce500000|  0%| F|  |TAMS 0x00000000ce400000, 0x00000000ce400000| Untracked 
| 229|0x00000000ce500000, 0x00000000ce500000, 0x00000000ce600000|  0%| F|  |TAMS 0x00000000ce500000, 0x00000000ce500000| Untracked 
| 230|0x00000000ce600000, 0x00000000ce600000, 0x00000000ce700000|  0%| F|  |TAMS 0x00000000ce600000, 0x00000000ce600000| Untracked 
| 231|0x00000000ce700000, 0x00000000ce700000, 0x00000000ce800000|  0%| F|  |TAMS 0x00000000ce700000, 0x00000000ce700000| Untracked 
| 232|0x00000000ce800000, 0x00000000ce800000, 0x00000000ce900000|  0%| F|  |TAMS 0x00000000ce800000, 0x00000000ce800000| Untracked 
| 233|0x00000000ce900000, 0x00000000ce900000, 0x00000000cea00000|  0%| F|  |TAMS 0x00000000ce900000, 0x00000000ce900000| Untracked 
| 234|0x00000000cea00000, 0x00000000cea00000, 0x00000000ceb00000|  0%| F|  |TAMS 0x00000000cea00000, 0x00000000cea00000| Untracked 
| 235|0x00000000ceb00000, 0x00000000ceb00000, 0x00000000cec00000|  0%| F|  |TAMS 0x00000000ceb00000, 0x00000000ceb00000| Untracked 
| 236|0x00000000cec00000, 0x00000000cec00000, 0x00000000ced00000|  0%| F|  |TAMS 0x00000000cec00000, 0x00000000cec00000| Untracked 
| 237|0x00000000ced00000, 0x00000000ced00000, 0x00000000cee00000|  0%| F|  |TAMS 0x00000000ced00000, 0x00000000ced00000| Untracked 
| 238|0x00000000cee00000, 0x00000000cee00000, 0x00000000cef00000|  0%| F|  |TAMS 0x00000000cee00000, 0x00000000cee00000| Untracked 
| 239|0x00000000cef00000, 0x00000000cef00000, 0x00000000cf000000|  0%| F|  |TAMS 0x00000000cef00000, 0x00000000cef00000| Untracked 
| 240|0x00000000cf000000, 0x00000000cf000000, 0x00000000cf100000|  0%| F|  |TAMS 0x00000000cf000000, 0x00000000cf000000| Untracked 
| 241|0x00000000cf100000, 0x00000000cf100000, 0x00000000cf200000|  0%| F|  |TAMS 0x00000000cf100000, 0x00000000cf100000| Untracked 
| 242|0x00000000cf200000, 0x00000000cf200000, 0x00000000cf300000|  0%| F|  |TAMS 0x00000000cf200000, 0x00000000cf200000| Untracked 
| 243|0x00000000cf300000, 0x00000000cf300000, 0x00000000cf400000|  0%| F|  |TAMS 0x00000000cf300000, 0x00000000cf300000| Untracked 
| 244|0x00000000cf400000, 0x00000000cf400000, 0x00000000cf500000|  0%| F|  |TAMS 0x00000000cf400000, 0x00000000cf400000| Untracked 
| 245|0x00000000cf500000, 0x00000000cf500000, 0x00000000cf600000|  0%| F|  |TAMS 0x00000000cf500000, 0x00000000cf500000| Untracked 
| 246|0x00000000cf600000, 0x00000000cf600000, 0x00000000cf700000|  0%| F|  |TAMS 0x00000000cf600000, 0x00000000cf600000| Untracked 
| 247|0x00000000cf700000, 0x00000000cf700000, 0x00000000cf800000|  0%| F|  |TAMS 0x00000000cf700000, 0x00000000cf700000| Untracked 
| 248|0x00000000cf800000, 0x00000000cf800000, 0x00000000cf900000|  0%| F|  |TAMS 0x00000000cf800000, 0x00000000cf800000| Untracked 
| 249|0x00000000cf900000, 0x00000000cf900000, 0x00000000cfa00000|  0%| F|  |TAMS 0x00000000cf900000, 0x00000000cf900000| Untracked 
| 250|0x00000000cfa00000, 0x00000000cfa00000, 0x00000000cfb00000|  0%| F|  |TAMS 0x00000000cfa00000, 0x00000000cfa00000| Untracked 
| 251|0x00000000cfb00000, 0x00000000cfb00000, 0x00000000cfc00000|  0%| F|  |TAMS 0x00000000cfb00000, 0x00000000cfb00000| Untracked 
| 252|0x00000000cfc00000, 0x00000000cfd00000, 0x00000000cfd00000|100%| O|  |TAMS 0x00000000cfd00000, 0x00000000cfc00000| Complete 
| 253|0x00000000cfd00000, 0x00000000cfd00000, 0x00000000cfe00000|  0%| F|  |TAMS 0x00000000cfd00000, 0x00000000cfd00000| Untracked 
| 254|0x00000000cfe00000, 0x00000000cff00000, 0x00000000cff00000|100%| O|  |TAMS 0x00000000cff00000, 0x00000000cfe00000| Complete 
| 255|0x00000000cff00000, 0x00000000d0000000, 0x00000000d0000000|100%| O|  |TAMS 0x00000000d0000000, 0x00000000cff00000| Complete 
| 256|0x00000000d0000000, 0x00000000d0100000, 0x00000000d0100000|100%| O|  |TAMS 0x00000000d0100000, 0x00000000d0000000| Complete 
| 257|0x00000000d0100000, 0x00000000d0200000, 0x00000000d0200000|100%| O|  |TAMS 0x00000000d0200000, 0x00000000d0100000| Complete 
| 258|0x00000000d0200000, 0x00000000d0300000, 0x00000000d0300000|100%| O|  |TAMS 0x00000000d0300000, 0x00000000d0200000| Complete 
| 259|0x00000000d0300000, 0x00000000d0400000, 0x00000000d0400000|100%| O|  |TAMS 0x00000000d0400000, 0x00000000d0300000| Complete 
| 260|0x00000000d0400000, 0x00000000d0500000, 0x00000000d0500000|100%| O|  |TAMS 0x00000000d0500000, 0x00000000d0400000| Complete 
| 261|0x00000000d0500000, 0x00000000d0500000, 0x00000000d0600000|  0%| F|  |TAMS 0x00000000d0500000, 0x00000000d0500000| Untracked 
| 262|0x00000000d0600000, 0x00000000d0600000, 0x00000000d0700000|  0%| F|  |TAMS 0x00000000d0600000, 0x00000000d0600000| Untracked 
| 263|0x00000000d0700000, 0x00000000d0800000, 0x00000000d0800000|100%| O|  |TAMS 0x00000000d0800000, 0x00000000d0700000| Complete 
| 264|0x00000000d0800000, 0x00000000d0900000, 0x00000000d0900000|100%| O|  |TAMS 0x00000000d0900000, 0x00000000d0800000| Complete 
| 265|0x00000000d0900000, 0x00000000d0a00000, 0x00000000d0a00000|100%| O|  |TAMS 0x00000000d0a00000, 0x00000000d0900000| Complete 
| 266|0x00000000d0a00000, 0x00000000d0b00000, 0x00000000d0b00000|100%| O|  |TAMS 0x00000000d0b00000, 0x00000000d0a00000| Complete 
| 267|0x00000000d0b00000, 0x00000000d0c00000, 0x00000000d0c00000|100%| O|  |TAMS 0x00000000d0c00000, 0x00000000d0b00000| Complete 
| 268|0x00000000d0c00000, 0x00000000d0d00000, 0x00000000d0d00000|100%| O|  |TAMS 0x00000000d0d00000, 0x00000000d0c00000| Complete 
| 269|0x00000000d0d00000, 0x00000000d0e00000, 0x00000000d0e00000|100%| O|  |TAMS 0x00000000d0e00000, 0x00000000d0d00000| Complete 
| 270|0x00000000d0e00000, 0x00000000d0f00000, 0x00000000d0f00000|100%| O|  |TAMS 0x00000000d0f00000, 0x00000000d0e00000| Complete 
| 271|0x00000000d0f00000, 0x00000000d1000000, 0x00000000d1000000|100%| O|  |TAMS 0x00000000d1000000, 0x00000000d0f00000| Complete 
| 272|0x00000000d1000000, 0x00000000d1000000, 0x00000000d1100000|  0%| F|  |TAMS 0x00000000d1000000, 0x00000000d1000000| Untracked 
| 273|0x00000000d1100000, 0x00000000d1100000, 0x00000000d1200000|  0%| F|  |TAMS 0x00000000d1100000, 0x00000000d1100000| Untracked 
| 274|0x00000000d1200000, 0x00000000d1200000, 0x00000000d1300000|  0%| F|  |TAMS 0x00000000d1200000, 0x00000000d1200000| Untracked 
| 275|0x00000000d1300000, 0x00000000d1300000, 0x00000000d1400000|  0%| F|  |TAMS 0x00000000d1300000, 0x00000000d1300000| Untracked 
| 276|0x00000000d1400000, 0x00000000d1400000, 0x00000000d1500000|  0%| F|  |TAMS 0x00000000d1400000, 0x00000000d1400000| Untracked 
| 277|0x00000000d1500000, 0x00000000d1500000, 0x00000000d1600000|  0%| F|  |TAMS 0x00000000d1500000, 0x00000000d1500000| Untracked 
| 278|0x00000000d1600000, 0x00000000d1600000, 0x00000000d1700000|  0%| F|  |TAMS 0x00000000d1600000, 0x00000000d1600000| Untracked 
| 279|0x00000000d1700000, 0x00000000d1700000, 0x00000000d1800000|  0%| F|  |TAMS 0x00000000d1700000, 0x00000000d1700000| Untracked 
| 280|0x00000000d1800000, 0x00000000d1800000, 0x00000000d1900000|  0%| F|  |TAMS 0x00000000d1800000, 0x00000000d1800000| Untracked 
| 281|0x00000000d1900000, 0x00000000d1900000, 0x00000000d1a00000|  0%| F|  |TAMS 0x00000000d1900000, 0x00000000d1900000| Untracked 
| 282|0x00000000d1a00000, 0x00000000d1a00000, 0x00000000d1b00000|  0%| F|  |TAMS 0x00000000d1a00000, 0x00000000d1a00000| Untracked 
| 283|0x00000000d1b00000, 0x00000000d1b94070, 0x00000000d1c00000| 57%| E|  |TAMS 0x00000000d1b00000, 0x00000000d1b00000| Complete 
| 284|0x00000000d1c00000, 0x00000000d1d00000, 0x00000000d1d00000|100%| E|CS|TAMS 0x00000000d1c00000, 0x00000000d1c00000| Complete 
| 285|0x00000000d1d00000, 0x00000000d1e00000, 0x00000000d1e00000|100%| E|  |TAMS 0x00000000d1d00000, 0x00000000d1d00000| Complete 
| 286|0x00000000d1e00000, 0x00000000d1f00000, 0x00000000d1f00000|100%| E|CS|TAMS 0x00000000d1e00000, 0x00000000d1e00000| Complete 
| 287|0x00000000d1f00000, 0x00000000d2000000, 0x00000000d2000000|100%| E|CS|TAMS 0x00000000d1f00000, 0x00000000d1f00000| Complete 
| 288|0x00000000d2000000, 0x00000000d2100000, 0x00000000d2100000|100%| E|CS|TAMS 0x00000000d2000000, 0x00000000d2000000| Complete 

Card table byte_map: [0x0000026c790e0000,0x0000026c792e0000] _byte_map_base: 0x0000026c78ae0000

Marking Bits (Prev, Next): (CMBitMap*) 0x0000026c5f8a99e8, (CMBitMap*) 0x0000026c5f8a9a20
 Prev Bits: [0x0000026c794e0000, 0x0000026c7a4e0000)
 Next Bits: [0x0000026c7a4e0000, 0x0000026c7b4e0000)

Polling page: 0x0000026c69430000

Metaspace:

Usage:
  Non-class:     73.05 MB capacity,    71.13 MB ( 97%) used,     1.74 MB (  2%) free+waste,   182.25 KB ( <1%) overhead. 
      Class:      8.39 MB capacity,     7.15 MB ( 85%) used,     1.16 MB ( 14%) free+waste,    75.94 KB ( <1%) overhead. 
       Both:     81.44 MB capacity,    78.28 MB ( 96%) used,     2.90 MB (  4%) free+waste,   258.19 KB ( <1%) overhead. 

Virtual space:
  Non-class space:       74.00 MB reserved,      73.10 MB ( 99%) committed 
      Class space:        1.00 GB reserved,       8.50 MB ( <1%) committed 
             Both:        1.07 GB reserved,      81.60 MB (  7%) committed 

Chunk freelists:
   Non-Class:  6.25 KB
       Class:  2.50 KB
        Both:  8.75 KB

CodeHeap 'non-profiled nmethods': size=120000Kb used=14108Kb max_used=14492Kb free=105891Kb
 bounds [0x0000026c70f20000, 0x0000026c71d70000, 0x0000026c78450000]
CodeHeap 'profiled nmethods': size=120000Kb used=33338Kb max_used=34199Kb free=86661Kb
 bounds [0x0000026c699f0000, 0x0000026c6bc10000, 0x0000026c70f20000]
CodeHeap 'non-nmethods': size=5760Kb used=1310Kb max_used=1404Kb free=4449Kb
 bounds [0x0000026c69450000, 0x0000026c696c0000, 0x0000026c699f0000]
 total_blobs=14622 nmethods=13910 adapters=621
 compilation: enabled
              stopped_count=0, restarted_count=0
 full_count=0

Compilation events (10 events):
Event: 958.712 Thread 0x0000026c7e857000 nmethod 19118 0x0000026c6a372f10 code [0x0000026c6a3730e0, 0x0000026c6a3735c0]
Event: 958.715 Thread 0x0000026c7e857000 19119       3       org.eclipse.jdt.internal.launching.RuntimeClasspathEntry::getResource (132 bytes)
Event: 958.716 Thread 0x0000026c7e857000 nmethod 19119 0x0000026c6a89a990 code [0x0000026c6a89acc0, 0x0000026c6a89c130]
Event: 958.716 Thread 0x0000026c7e857000 19120       3       org.eclipse.jdt.internal.launching.RuntimeClasspathEntry::getResource (39 bytes)
Event: 958.717 Thread 0x0000026c7e857000 nmethod 19120 0x0000026c6a387910 code [0x0000026c6a387ae0, 0x0000026c6a387ea0]
Event: 958.720 Thread 0x0000026c7e857000 19121       3       org.eclipse.core.internal.resources.WorkspaceRoot::findFilesForLocationURI (29 bytes)
Event: 958.720 Thread 0x0000026c7e857000 nmethod 19121 0x0000026c6a3e4b10 code [0x0000026c6a3e4d00, 0x0000026c6a3e5220]
Event: 958.724 Thread 0x0000026c7e852000 19122       4       java.net.URI::equalIgnoringCase (68 bytes)
Event: 958.745 Thread 0x0000026c7e852000 nmethod 19122 0x0000026c71726f10 code [0x0000026c717270a0, 0x0000026c71727a78]
Event: 958.764 Thread 0x0000026c7e852000 19123 %s!   4       org.eclipse.debug.core.sourcelookup.containers.ExternalArchiveSourceContainer::searchRoots @ 103 (420 bytes)

GC Heap History (10 events):
Event: 816.630 GC heap before
{Heap before GC invocations=129 (full 0):
 garbage-first heap   total 295936K, used 147572K [0x00000000c0000000, 0x0000000100000000)
  region size 1024K, 14 young (14336K), 4 survivors (4096K)
 Metaspace       used 79875K, capacity 83254K, committed 83556K, reserved 1124352K
  class space    used 7319K, capacity 8587K, committed 8704K, reserved 1048576K
}
Event: 816.637 GC heap after
{Heap after GC invocations=130 (full 0):
 garbage-first heap   total 295936K, used 133188K [0x00000000c0000000, 0x0000000100000000)
  region size 1024K, 2 young (2048K), 2 survivors (2048K)
 Metaspace       used 79875K, capacity 83254K, committed 83556K, reserved 1124352K
  class space    used 7319K, capacity 8587K, committed 8704K, reserved 1048576K
}
Event: 824.130 GC heap before
{Heap before GC invocations=130 (full 0):
 garbage-first heap   total 295936K, used 227396K [0x00000000c0000000, 0x0000000100000000)
  region size 1024K, 94 young (96256K), 2 survivors (2048K)
 Metaspace       used 79929K, capacity 83256K, committed 83556K, reserved 1124352K
  class space    used 7319K, capacity 8587K, committed 8704K, reserved 1048576K
}
Event: 824.135 GC heap after
{Heap after GC invocations=131 (full 0):
 garbage-first heap   total 295936K, used 133508K [0x00000000c0000000, 0x0000000100000000)
  region size 1024K, 2 young (2048K), 2 survivors (2048K)
 Metaspace       used 79929K, capacity 83256K, committed 83556K, reserved 1124352K
  class space    used 7319K, capacity 8587K, committed 8704K, reserved 1048576K
}
Event: 846.524 GC heap before
{Heap before GC invocations=132 (full 0):
 garbage-first heap   total 295936K, used 229829K [0x00000000c0000000, 0x0000000100000000)
  region size 1024K, 98 young (100352K), 2 survivors (2048K)
 Metaspace       used 80012K, capacity 83256K, committed 83556K, reserved 1124352K
  class space    used 7324K, capacity 8587K, committed 8704K, reserved 1048576K
}
Event: 846.544 GC heap after
{Heap after GC invocations=133 (full 0):
 garbage-first heap   total 295936K, used 148751K [0x00000000c0000000, 0x0000000100000000)
  region size 1024K, 13 young (13312K), 13 survivors (13312K)
 Metaspace       used 80012K, capacity 83256K, committed 83556K, reserved 1124352K
  class space    used 7324K, capacity 8587K, committed 8704K, reserved 1048576K
}
Event: 846.551 GC heap before
{Heap before GC invocations=133 (full 0):
 garbage-first heap   total 295936K, used 149775K [0x00000000c0000000, 0x0000000100000000)
  region size 1024K, 14 young (14336K), 13 survivors (13312K)
 Metaspace       used 80012K, capacity 83256K, committed 83556K, reserved 1124352K
  class space    used 7324K, capacity 8587K, committed 8704K, reserved 1048576K
}
Event: 846.573 GC heap after
{Heap after GC invocations=134 (full 0):
 garbage-first heap   total 295936K, used 147249K [0x00000000c0000000, 0x0000000100000000)
  region size 1024K, 2 young (2048K), 2 survivors (2048K)
 Metaspace       used 80012K, capacity 83256K, committed 83556K, reserved 1124352K
  class space    used 7324K, capacity 8587K, committed 8704K, reserved 1048576K
}
Event: 847.315 GC heap before
{Heap before GC invocations=134 (full 0):
 garbage-first heap   total 295936K, used 165681K [0x00000000c0000000, 0x0000000100000000)
  region size 1024K, 21 young (21504K), 2 survivors (2048K)
 Metaspace       used 80033K, capacity 83390K, committed 83556K, reserved 1124352K
  class space    used 7324K, capacity 8588K, committed 8704K, reserved 1048576K
}
Event: 847.328 GC heap after
{Heap after GC invocations=135 (full 0):
 garbage-first heap   total 295936K, used 148341K [0x00000000c0000000, 0x0000000100000000)
  region size 1024K, 3 young (3072K), 3 survivors (3072K)
 Metaspace       used 80033K, capacity 83390K, committed 83556K, reserved 1124352K
  class space    used 7324K, capacity 8588K, committed 8704K, reserved 1048576K
}

Deoptimization events (10 events):
Event: 842.276 Thread 0x0000026c0ddd5800 Uncommon trap: reason=unstable_if action=reinterpret pc=0x0000026c71696e90 method=org.eclipse.jdt.core.dom.DefaultCommentMapper.getExtendedStartPosition(Lorg/eclipse/jdt/core/dom/ASTNode;)I @ 4 c2
Event: 842.276 Thread 0x0000026c0ddd5800 Uncommon trap: reason=unstable_if action=reinterpret pc=0x0000026c71a0a680 method=org.eclipse.jdt.core.dom.DefaultCommentMapper.getExtendedStartPosition(Lorg/eclipse/jdt/core/dom/ASTNode;)I @ 4 c2
Event: 842.277 Thread 0x0000026c0ddd5800 Uncommon trap: reason=unstable_if action=reinterpret pc=0x0000026c71b1bb28 method=org.eclipse.jdt.core.dom.DefaultCommentMapper.getExtendedStartPosition(Lorg/eclipse/jdt/core/dom/ASTNode;)I @ 4 c2
Event: 842.277 Thread 0x0000026c0ddd5800 Uncommon trap: reason=unstable_if action=reinterpret pc=0x0000026c71469b3c method=org.eclipse.jdt.core.dom.DefaultCommentMapper.getExtendedStartPosition(Lorg/eclipse/jdt/core/dom/ASTNode;)I @ 4 c2
Event: 842.282 Thread 0x0000026c0ddd5800 Uncommon trap: reason=unstable_if action=reinterpret pc=0x0000026c71ce4ea8 method=org.eclipse.jface.text.TreeLineTracker.<init>(Lorg/eclipse/jface/text/ListLineTracker;)V @ 161 c2
Event: 843.344 Thread 0x0000026c03691800 Uncommon trap: reason=unstable_if action=reinterpret pc=0x0000026c71c6c32c method=org.eclipse.jdt.internal.compiler.parser.diagnose.LexStream.previous(I)I @ 1 c2
Event: 843.344 Thread 0x0000026c03691800 Uncommon trap: reason=unstable_if action=reinterpret pc=0x0000026c7174f17c method=org.eclipse.jdt.internal.compiler.parser.diagnose.LexStream.previous(I)I @ 1 c2
Event: 843.345 Thread 0x0000026c03691800 Uncommon trap: reason=unstable_if action=reinterpret pc=0x0000026c71770644 method=org.eclipse.jdt.internal.compiler.parser.diagnose.LexStream.previous(I)I @ 1 c2
Event: 843.345 Thread 0x0000026c03691800 Uncommon trap: reason=unstable_if action=reinterpret pc=0x0000026c71ca848c method=org.eclipse.jdt.internal.compiler.parser.diagnose.DiagnoseParser.checkPrimaryDistance([IILorg/eclipse/jdt/internal/compiler/parser/diagnose/DiagnoseParser$PrimaryRepairInfo;
Event: 843.345 Thread 0x0000026c03691800 Uncommon trap: reason=unstable_if action=reinterpret pc=0x0000026c7144c774 method=org.eclipse.jdt.internal.compiler.parser.diagnose.LexStream.previous(I)I @ 1 c2

Classes redefined (0 events):
No events

Internal exceptions (10 events):
Event: 929.363 Thread 0x0000026c0ddd5800 Implicit null exception at 0x0000026c6b7d2eff to 0x0000026c6b7d81aa
Event: 929.363 Thread 0x0000026c0ddd5800 Exception <a 'java/lang/NullPointerException'{0x00000000cd2ab838}> (0x00000000cd2ab838) thrown at [./open/src/hotspot/share/runtime/sharedRuntime.cpp, line 584]
Event: 958.766 Thread 0x0000026c0ddd7000 Exception <a 'sun/nio/fs/WindowsException'{0x00000000cc1cb7b8}> (0x00000000cc1cb7b8) thrown at [./open/src/hotspot/share/prims/jni.cpp, line 611]
Event: 958.767 Thread 0x0000026c0ddd7000 Exception <a 'sun/nio/fs/WindowsException'{0x00000000cc1cea40}> (0x00000000cc1cea40) thrown at [./open/src/hotspot/share/prims/jni.cpp, line 611]
Event: 958.770 Thread 0x0000026c0ddd7000 Exception <a 'sun/nio/fs/WindowsException'{0x00000000cc044c78}> (0x00000000cc044c78) thrown at [./open/src/hotspot/share/prims/jni.cpp, line 611]
Event: 958.771 Thread 0x0000026c0ddd7000 Exception <a 'sun/nio/fs/WindowsException'{0x00000000cc048118}> (0x00000000cc048118) thrown at [./open/src/hotspot/share/prims/jni.cpp, line 611]
Event: 958.776 Thread 0x0000026c0ddd7000 Exception <a 'sun/nio/fs/WindowsException'{0x00000000cc0d2e00}> (0x00000000cc0d2e00) thrown at [./open/src/hotspot/share/prims/jni.cpp, line 611]
Event: 958.777 Thread 0x0000026c0ddd7000 Exception <a 'sun/nio/fs/WindowsException'{0x00000000cc0d6130}> (0x00000000cc0d6130) thrown at [./open/src/hotspot/share/prims/jni.cpp, line 611]
Event: 958.780 Thread 0x0000026c0ddd7000 Exception <a 'sun/nio/fs/WindowsException'{0x00000000cbf41c78}> (0x00000000cbf41c78) thrown at [./open/src/hotspot/share/prims/jni.cpp, line 611]
Event: 958.782 Thread 0x0000026c0ddd7000 Exception <a 'sun/nio/fs/WindowsException'{0x00000000cbf44f50}> (0x00000000cbf44f50) thrown at [./open/src/hotspot/share/prims/jni.cpp, line 611]

Events (10 events):
Event: 933.025 Executing VM operation: RevokeBias
Event: 933.025 Executing VM operation: RevokeBias done
Event: 954.195 Thread 0x0000026c0ddd8800 Thread added: 0x0000026c0ddd8800
Event: 954.197 Thread 0x0000026c0ddd8000 Thread added: 0x0000026c0ddd8000
Event: 958.711 Thread 0x0000026c0ddd8000 Thread exited: 0x0000026c0ddd8000
Event: 958.711 Thread 0x0000026c0ddd8800 Thread exited: 0x0000026c0ddd8800
Event: 958.768 Executing VM operation: RevokeBias
Event: 958.768 Executing VM operation: RevokeBias done
Event: 958.773 Executing VM operation: RevokeBias
Event: 958.773 Executing VM operation: RevokeBias done


Dynamic libraries:
0x00007ff7e55d0000 - 0x00007ff7e55df000 	C:\Program Files\Java\jdk-11.0.8\bin\java.exe
0x00007ffbf9660000 - 0x00007ffbf9850000 	C:\WINDOWS\SYSTEM32\ntdll.dll
0x00007ffbf8780000 - 0x00007ffbf8832000 	C:\WINDOWS\System32\KERNEL32.DLL
0x00007ffbf67b0000 - 0x00007ffbf6a54000 	C:\WINDOWS\System32\KERNELBASE.dll
0x00007ffbf71f0000 - 0x00007ffbf72ea000 	C:\WINDOWS\System32\ucrtbase.dll
0x00007ffbe6f70000 - 0x00007ffbe6f88000 	C:\Program Files\Java\jdk-11.0.8\bin\jli.dll
0x00007ffbf8840000 - 0x00007ffbf88e3000 	C:\WINDOWS\System32\ADVAPI32.dll
0x00007ffbf9130000 - 0x00007ffbf91ce000 	C:\WINDOWS\System32\msvcrt.dll
0x00007ffbf9240000 - 0x00007ffbf92d7000 	C:\WINDOWS\System32\sechost.dll
0x00007ffbf7800000 - 0x00007ffbf7920000 	C:\WINDOWS\System32\RPCRT4.dll
0x00007ffbf88f0000 - 0x00007ffbf8a84000 	C:\WINDOWS\System32\USER32.dll
0x00007ffbf6780000 - 0x00007ffbf67a1000 	C:\WINDOWS\System32\win32u.dll
0x00007ffbf8540000 - 0x00007ffbf8566000 	C:\WINDOWS\System32\GDI32.dll
0x00007ffbaae90000 - 0x00007ffbaaea5000 	C:\Program Files\Java\jdk-11.0.8\bin\VCRUNTIME140.dll
0x00007ffbf7350000 - 0x00007ffbf74e6000 	C:\WINDOWS\System32\gdi32full.dll
0x00007ffbf65e0000 - 0x00007ffbf667e000 	C:\WINDOWS\System32\msvcp_win.dll
0x00007ffbd5590000 - 0x00007ffbd5814000 	C:\WINDOWS\WinSxS\amd64_microsoft.windows.common-controls_6595b64144ccf1df_6.0.18362.959_none_e6c7bbbf130c62bb\COMCTL32.dll
0x00007ffbf92e0000 - 0x00007ffbf9615000 	C:\WINDOWS\System32\combase.dll
0x00007ffbea440000 - 0x00007ffbea44a000 	C:\WINDOWS\SYSTEM32\VERSION.dll
0x00007ffbf7520000 - 0x00007ffbf75a0000 	C:\WINDOWS\System32\bcryptPrimitives.dll
0x00007ffbf8500000 - 0x00007ffbf852e000 	C:\WINDOWS\System32\IMM32.DLL
0x00007ffba4000000 - 0x00007ffba409b000 	C:\Program Files\Java\jdk-11.0.8\bin\msvcp140.dll
0x00007ffba2720000 - 0x00007ffba3206000 	C:\Program Files\Java\jdk-11.0.8\bin\server\jvm.dll
0x00007ffbf7c70000 - 0x00007ffbf7c78000 	C:\WINDOWS\System32\PSAPI.DLL
0x00007ffbd6a40000 - 0x00007ffbd6a49000 	C:\WINDOWS\SYSTEM32\WSOCK32.dll
0x00007ffbe6b90000 - 0x00007ffbe6bb4000 	C:\WINDOWS\SYSTEM32\WINMM.dll
0x00007ffbf8490000 - 0x00007ffbf84ff000 	C:\WINDOWS\System32\WS2_32.dll
0x00007ffbe5ef0000 - 0x00007ffbe5f1d000 	C:\WINDOWS\SYSTEM32\WINMMBASE.dll
0x00007ffbf6680000 - 0x00007ffbf66ca000 	C:\WINDOWS\System32\cfgmgr32.dll
0x00007ffbf6570000 - 0x00007ffbf6581000 	C:\WINDOWS\System32\kernel.appcore.dll
0x00007ffbdacb0000 - 0x00007ffbdacc0000 	C:\Program Files\Java\jdk-11.0.8\bin\verify.dll
0x00007ffbf4e40000 - 0x00007ffbf5034000 	C:\WINDOWS\SYSTEM32\DBGHELP.DLL
0x00007ffbd7050000 - 0x00007ffbd707a000 	C:\WINDOWS\SYSTEM32\dbgcore.DLL
0x00007ffba40b0000 - 0x00007ffba40d8000 	C:\Program Files\Java\jdk-11.0.8\bin\java.dll
0x00007ffbc9ee0000 - 0x00007ffbc9eea000 	C:\Program Files\Java\jdk-11.0.8\bin\jimage.dll
0x00007ffbaadc0000 - 0x00007ffbaadd6000 	C:\Program Files\Java\jdk-11.0.8\bin\zip.dll
0x00007ffbf7d40000 - 0x00007ffbf8426000 	C:\WINDOWS\System32\SHELL32.dll
0x00007ffbf7a80000 - 0x00007ffbf7b29000 	C:\WINDOWS\System32\shcore.dll
0x00007ffbf6a60000 - 0x00007ffbf71e2000 	C:\WINDOWS\System32\windows.storage.dll
0x00007ffbf6590000 - 0x00007ffbf65b3000 	C:\WINDOWS\System32\profapi.dll
0x00007ffbf6520000 - 0x00007ffbf656a000 	C:\WINDOWS\System32\powrprof.dll
0x00007ffbf6510000 - 0x00007ffbf6520000 	C:\WINDOWS\System32\UMPDC.dll
0x00007ffbf90d0000 - 0x00007ffbf9122000 	C:\WINDOWS\System32\shlwapi.dll
0x00007ffbf75a0000 - 0x00007ffbf75b7000 	C:\WINDOWS\System32\cryptsp.dll
0x00007ffba4100000 - 0x00007ffba4119000 	C:\Program Files\Java\jdk-11.0.8\bin\net.dll
0x00007ffbee0f0000 - 0x00007ffbee1e0000 	C:\WINDOWS\SYSTEM32\WINHTTP.dll
0x00007ffbf5d80000 - 0x00007ffbf5de7000 	C:\WINDOWS\system32\mswsock.dll
0x00007ffba3c10000 - 0x00007ffba3c22000 	C:\Program Files\Java\jdk-11.0.8\bin\nio.dll
0x00007ffbf58f0000 - 0x00007ffbf5923000 	C:\WINDOWS\system32\rsaenh.dll
0x00007ffbf74f0000 - 0x00007ffbf7516000 	C:\WINDOWS\System32\bcrypt.dll
0x00007ffbf6400000 - 0x00007ffbf6425000 	C:\WINDOWS\SYSTEM32\USERENV.dll
0x00007ffbf5f50000 - 0x00007ffbf5f5c000 	C:\WINDOWS\SYSTEM32\CRYPTBASE.dll
0x00007ffbf5a90000 - 0x00007ffbf5aca000 	C:\WINDOWS\SYSTEM32\IPHLPAPI.DLL
0x00007ffbf8530000 - 0x00007ffbf8538000 	C:\WINDOWS\System32\NSI.dll
0x00007ffbe8ed0000 - 0x00007ffbe8ee6000 	C:\WINDOWS\SYSTEM32\dhcpcsvc6.DLL
0x00007ffbea2f0000 - 0x00007ffbea30c000 	C:\WINDOWS\SYSTEM32\dhcpcsvc.DLL
0x00007ffbf5ad0000 - 0x00007ffbf5b9b000 	C:\WINDOWS\SYSTEM32\DNSAPI.dll
0x00007ffbdb030000 - 0x00007ffbdb059000 	C:\Users\theme\AppData\Roaming\Code\User\globalStorage\redhat.java\0.65.0\config_win\org.eclipse.equinox.launcher\org.eclipse.equinox.launcher.win32.win32.x86_64_1.1.1200.v20200508-1552\eclipse_11000.dll
0x00007ffbdad80000 - 0x00007ffbdad91000 	C:\Users\theme\AppData\Roaming\Code\User\globalStorage\redhat.java\0.65.0\config_win\org.eclipse.osgi\20\0\.cp\jWinHttp-1.0.0.dll
0x00007ffbf7920000 - 0x00007ffbf7a77000 	C:\WINDOWS\System32\ole32.dll
0x00007ffbc2710000 - 0x00007ffbc2735000 	C:\Program Files\Java\jdk-11.0.8\bin\sunec.dll
0x00000000719a0000 - 0x00000000719c6000 	C:\Program Files\Bonjour\mdnsNSP.dll
0x00007ffbeb720000 - 0x00007ffbeb72a000 	C:\Windows\System32\rasadhlp.dll

dbghelp: loaded successfully - version: 4.0.5 - missing functions: none
symbol engine: initialized successfully - sym options: 0x614 - pdb path: .;C:\Program Files\Java\jdk-11.0.8\bin;C:\WINDOWS\SYSTEM32;C:\WINDOWS\WinSxS\amd64_microsoft.windows.common-controls_6595b64144ccf1df_6.0.18362.959_none_e6c7bbbf130c62bb;C:\Program Files\Java\jdk-11.0.8\bin\server;C:\Users\theme\AppData\Roaming\Code\User\globalStorage\redhat.java\0.65.0\config_win\org.eclipse.equinox.launcher\org.eclipse.equinox.launcher.win32.win32.x86_64_1.1.1200.v20200508-1552;C:\Users\theme\AppData\Roaming\Code\User\globalStorage\redhat.java\0.65.0\config_win\org.eclipse.osgi\20\0\.cp;C:\Program Files\Bonjour

VM Arguments:
jvm_args: --add-modules=ALL-SYSTEM --add-opens=java.base/java.util=ALL-UNNAMED --add-opens=java.base/java.lang=ALL-UNNAMED -Declipse.application=org.eclipse.jdt.ls.core.id1 -Dosgi.bundles.defaultStartLevel=4 -Declipse.product=org.eclipse.jdt.ls.core.product -DwatchParentProcess=false -Xverify:none -Dfile.encoding=utf8 -Xmx1G -XX:+UseG1GC -XX:+UseStringDeduplication 
java_command: c:\Users\theme\.vscode\extensions\redhat.java-0.65.0\server\plugins\org.eclipse.equinox.launcher_1.5.700.v20200207-2156.jar -configuration c:\Users\theme\AppData\Roaming\Code\User\globalStorage\redhat.java\0.65.0\config_win -data c:\Users\theme\AppData\Roaming\Code\User\workspaceStorage\0ac79b11357df010d3d577cea51251a8\redhat.java\jdt_ws
java_class_path (initial): c:\Users\theme\.vscode\extensions\redhat.java-0.65.0\server\plugins\org.eclipse.equinox.launcher_1.5.700.v20200207-2156.jar
Launcher Type: SUN_STANDARD

[Global flags]
     bool BytecodeVerificationLocal                = false                                     {product} {command line}
     bool BytecodeVerificationRemote               = false                                     {product} {command line}
     intx CICompilerCount                          = 4                                         {product} {ergonomic}
     uint ConcGCThreads                            = 2                                         {product} {ergonomic}
     uint G1ConcRefinementThreads                  = 8                                         {product} {ergonomic}
   size_t G1HeapRegionSize                         = 1048576                                   {product} {ergonomic}
    uintx GCDrainStackTargetSize                   = 64                                        {product} {ergonomic}
   size_t InitialHeapSize                          = 264241152                                 {product} {ergonomic}
   size_t MarkStackSize                            = 4194304                                   {product} {ergonomic}
   size_t MaxHeapSize                              = 1073741824                                {product} {command line}
   size_t MaxNewSize                               = 643825664                                 {product} {ergonomic}
   size_t MinHeapDeltaBytes                        = 1048576                                   {product} {ergonomic}
    uintx NonNMethodCodeHeapSize                   = 5836300                                {pd product} {ergonomic}
    uintx NonProfiledCodeHeapSize                  = 122910970                              {pd product} {ergonomic}
    uintx ProfiledCodeHeapSize                     = 122910970                              {pd product} {ergonomic}
    uintx ReservedCodeCacheSize                    = 251658240                              {pd product} {ergonomic}
     bool SegmentedCodeCache                       = true                                      {product} {ergonomic}
     bool UseCompressedClassPointers               = true                                 {lp64_product} {ergonomic}
     bool UseCompressedOops                        = true                                 {lp64_product} {ergonomic}
     bool UseG1GC                                  = true                                      {product} {command line}
     bool UseLargePagesIndividualAllocation        = false                                  {pd product} {ergonomic}
     bool UseStringDeduplication                   = true                                      {product} {command line}

Logging:
Log output configuration:
 #0: stdout all=warning uptime,level,tags
 #1: stderr all=off uptime,level,tags

Environment Variables:
JAVA_HOME=C:\Program Files\Java\jdk-11.0.8
PATH=C:\Program Files\Common Files\Oracle\Java\javapath;C:\Program Files (x86)\Common Files\Oracle\Java\javapath;C:\WINDOWS\system32;C:\WINDOWS;C:\WINDOWS\System32\Wbem;C:\WINDOWS\System32\WindowsPowerShell\v1.0\;C:\WINDOWS\System32\OpenSSH\;C:\Program Files\Intel\WiFi\bin\;C:\Program Files\Common Files\Intel\WirelessCommon\;C:\Program Files\Microsoft SQL Server\130\Tools\Binn\;C:\Program Files\Microsoft SQL Server\Client SDK\ODBC\170\Tools\Binn\;C:\Program Files\dotnet\;C:\Program Files\Java\jdk1.8.0_241\bin;"%CATALINA_HOME%\bin;";C:\Program Files\nodejs\;C:\Program Files (x86)\Yarn\bin\;C:\Program Files\MySQL\MySQL Server 8.0\bin;C:\Program Files\Git\cmd;C:\Program Files\MySQL\MySQL Shell 8.0\bin\;C:\Ruby26-x64\bin;C:\Users\theme\AppData\Local\Microsoft\WindowsApps;C:\Users\theme\AppData\Local\GitHubDesktop\bin;C:\OpenSSL-Win64\bin;C:\Program Files\JetBrains\IntelliJ IDEA Community Edition 2019.3.4\bin;;C:\Program Files\apache-tomcat-9.0.33\bin;C:\Users\theme\AppData\Roaming\npm;C:\Users\theme\AppData\Local\Yarn\bin;C:\Users\theme\AppData\Local\Programs\Microsoft VS Code\bin
USERNAME=theme
OS=Windows_NT
PROCESSOR_IDENTIFIER=Intel64 Family 6 Model 142 Stepping 11, GenuineIntel



---------------  S Y S T E M  ---------------

OS: Windows 10 , 64 bit Build 18362 (10.0.18362.959)

CPU:total 8 (initial active 8) (4 cores per cpu, 2 threads per core) family 6 model 142 stepping 11, cmov, cx8, fxsr, mmx, sse, sse2, sse3, ssse3, sse4.1, sse4.2, popcnt, avx, avx2, aes, clmul, erms, 3dnowpref, lzcnt, ht, tsc, tscinvbit, bmi1, bmi2, adx, fma

Memory: 4k page, system-wide physical 16121M (9502M free)
TotalPageFile size 18553M (AvailPageFile size 10556M)
current process WorkingSet (physical memory assigned to process): 576M, peak: 615M
current process commit charge ("private bytes"): 609M, peak: 650M

vm_info: Java HotSpot(TM) 64-Bit Server VM (11.0.8+10-LTS) for windows-amd64 JRE (11.0.8+10-LTS), built on Jun 16 2020 05:53:08 by "mach5one" with unknown MS VC++:1916

END.
